youtube 2dsyMNngKBg
youtube smKkL-36rzc
youtube MeHqTQMBj00
youtube adjE1hGkMfE
youtube SoJpoy7C6EM
youtube FBrBK_bHB1M
youtube srP97kq4Or0
youtube aJ8QfTC2Q_A
youtube hPYpEQyUdW0
youtube m-UXXpKntYM
youtube BZFatrzp2sg
youtube E6-8iQWHRwg
youtube 6vb7KrtIj3c
youtube t_3Qkrzr3VM
youtube 17RXPScZVzY
youtube pECGSP3n_WQ
youtube PYI3N3HuzM4
youtube OH1aX3gXOJs
youtube ZrLqYKu-kg4
youtube 96TbmBgGk_k
youtube uai6eVs-L6Q
youtube 6AoLdtJxIm0
youtube TrUeb9GIznM
youtube p3Rict4_fEg
youtube flCZ7JeUcog
youtube DV_nMXILV2M
youtube e6Sr3PaqdiU
youtube C1owHgOkhFs
youtube DTMM3dsARVs
youtube AZ0WzJypRZ0
youtube RAxYA6Q663U
youtube AVPbT-qdTvA
