youtube xpmwtiXf6j4
youtube f9RY994ebtY
youtube 4zsCeYOSvK0
youtube 823gbz1pjls
youtube Lxr4xmGKpuM
youtube FN8tHXzcSMs
youtube NxWTyRU0o20
youtube pwnsKJTbCzg
youtube PKSKUur_qAM
youtube 5Mmu1L_3Hgo
youtube nyf2H3te08Q
youtube Q0GgKhQwbig
youtube 1LGSacOd9y0
youtube uQYVuGloZ80
youtube WuOBQt_bqVo
youtube ogEK-qFQHKw
youtube ENwgPqv8Jc0
youtube nNdKmJrT3x4
youtube 66GAqh9B8ac
youtube beqRy-9MkjA
youtube 5zuZ4qrLQ40
youtube FQsjscvB-FI
youtube 0DdaJs7mG6s
youtube mrY_Xe9YjEs
youtube ojuyJiTGqgg
youtube lcMhc62lD9c
youtube SXj781PEVzo
youtube BywDOO99Ia0
youtube gFT-vDlt6GQ
youtube WZfdeHAnncI
youtube yhNtJw_rGiM
youtube BY5WUXii5Hs
youtube SA7ALTeZQpY
youtube UG51uwK4GAM
youtube YUiwXUAx8jc
youtube X8A1lyzgubE
youtube izTuyuEC0xM
youtube 9xIn4Z-IOBs
youtube 75zeqs8LPPM
youtube XgtIY89WNkM
youtube Nm_J77vxRk0
youtube iDvWs5C5_sM
youtube U7qH1NYF1vo
youtube kKjdOycP-mY
youtube L4SvhZad8y0
youtube R37yykGmMv0
youtube aHTksidO3fY
youtube cG98jWlCYJU
youtube cqoE_GL70Zo
youtube 6I9t_aOPIzY
youtube tmJcLf7tYo8
youtube C5RNkCE4G6Y
youtube w8CDRCFFsfU
youtube rNvodCRDUx8
youtube bJEzI873Ezg
youtube RtNZ3F3G108
youtube oSIKky_qBIk
youtube KXuZUivyIUM
youtube sfydaonKmU4
youtube tOGZtwFyvn0
youtube 150psvhW6zg
youtube -9UtmMLHBdU
youtube BVsSoAz0Dkg
youtube 15u_FOgaiJQ
youtube pZ7baOCPjhw
youtube h8NKe1a1yR0
youtube 8S8-FHHqgKY
youtube SsiljuOe1vk
youtube V8pblKAB8jw
youtube 3TQ3Hax60fY
youtube khMzXxZvryw
youtube 0UFFI4iTB2s
youtube CcwZmGS-YoU
youtube Z_dEIGWKNX8
youtube Jj9jvIf1pZY
youtube GZZaoY_Ikcw
youtube koGvOgrg91A
youtube oNCNAOhAwpc
youtube ynnQm3ZOT6c
youtube daOcpFTqJQE
youtube YIWOUwFFano
youtube kMW6AVkKbhc
youtube tmY_8lBSFXg
youtube vgsaxbHmkGg
youtube 4_9q4H_83V8
youtube lwca4EFyC50
youtube BvnkN7yFRPg
youtube wF97p9agNRQ
youtube KkYj0XyQlYs
youtube 0c2MxRV3nsg
youtube 4TSchnYAwXU
youtube Rz4U9870o2o
youtube QBGTFSUqBDQ
youtube Rxh56q1wL34
youtube jwjhwvjEEv8
youtube Qh_5jPhCRgo
youtube jYKD0sV9p-Y
youtube jjeWrIDOqss
youtube ZlsqDH_cAe8
youtube zJyyzM8VFLc
youtube 4DyZoXSdY98
youtube N-kBN1_AAbs
youtube DPbaNIyyW7k
youtube k7loGHu7Llo
youtube b7WmF47ukMY
youtube gifleKeZ0tk
youtube ibsp2Yr1ofc
youtube Rkw2fvN6Gc4
youtube j4WN5UdXN1s
youtube z1-xw2h5wkI
youtube 94M9n0C0o4o
youtube rfR3yldjHQ0
youtube DsIzeeg6_O4
youtube jipzY8iquFI
youtube vopgyvOnKSU
youtube XwnKlyxfsaI
youtube wwGLsiCYUqI
youtube 7xOrzLiGxes
youtube GTkFU_Ko8DI
youtube T-tuoXhF0KE
youtube aMUwcLDnryc
youtube O5WXkqzVCfs
youtube irN7XpcpzQs
youtube G1peWKz8MuI
youtube 2wIP-saq8TE
youtube xntVyY2q5tU
youtube M4V9FH7_W3E
youtube h4vq80T2U6U
youtube e6KzjUOfmBk
youtube _EYR8lV16Ww
youtube 41yAfYTVUPw
youtube zl-mc8XEvuo
youtube hyfSmWLx5qQ
youtube 8kx0lnovh8Y
youtube qnTaJ4FcaQo
youtube iXWcD3BlOZY
youtube pP04LG_2bTQ
youtube yrtYHGd6TwA
youtube TBb7h54qjN0
youtube HbdwTALtQ4g
youtube MWcmuu3UVgM
youtube mo9sQRdF6KY
youtube pO98zxZSKdc
youtube KfULCwaEkZo
youtube u5Iet7MzX5g
youtube u4Qln8qTes8
youtube 6aKbT7KeC4c
youtube Eb3aemZcdV0
youtube A1J8jvWqh30
youtube H_0HW1cTDEY
youtube 4GEE3PYnqCw
youtube 94b1PHXiFvk
youtube CuOajJ70R6M
youtube EmTMBmUdP78
youtube aR9dBBIaWoc
youtube CT8Djzt3TO8
youtube 3aQYfZts01o
youtube cuMKPYF2kj0
youtube k1KkBhsT5b8
youtube _AapEcMtNYs
youtube 3ItkRqqv2eQ
youtube D0NP_cOdIr0
youtube 8OC9_YZwuKo
youtube J1Jj5cs3tDM
youtube XUuRs4ik9J4
youtube lKzlmczfKBc
youtube M_GRn2MxLNg
youtube WCTd7SAVwAc
youtube FXLTBN4S7q8
youtube tz6sq1pJlqo
youtube MZ9oxW0ET4o
youtube -ypXo6Abtts
youtube nbG0r7qB-io
youtube R38YK_qv5vc
youtube AG49WkL0DNo
youtube hFL5yP6sElQ
youtube xNhhuKIHifw
youtube bjTmUH-s34o
youtube BfhQBTh3eNU
youtube 48TfXB9kyz8
youtube PEcWFZF5CBU
youtube x_W4cuth-5A
youtube cOn94NKHRi8
youtube R0Kl7hp6GWE
youtube B8-XYUOgjic
youtube _VB4VJ1TEkI
youtube jEkCtGvi5Y8
youtube Pkq5jv9Ae2s
youtube X7GE42f6ajI
youtube IN3UZZCaHJ0
youtube gxSkj6phNJA
youtube Ozzuy-FkUg4
youtube XCpjkILSFng
youtube HJWV-yoLa08
youtube yvhPcuqyIig
youtube 3k5sz6VZN2g
youtube AM6FPZO0Y2o
youtube lQzFlGE9LtE
youtube LaQtDc3CW4A
