youtube n-zb60hyCYw
youtube 5zq1UhaP2y0
youtube pC2yGtdxoaY
youtube epsv-1R4IJ0
youtube SEjhu3yxVCo
youtube 4FQ8zOpPl0w
youtube TzX_JLZwGrI
youtube ycAxrtSVPDU
youtube pUEQqpvAorY
youtube FxRQxPxPfhM
youtube GSi1_yDod0g
youtube yW64JIxKATY
youtube 52-HRcp0KsM
youtube TP98qUvLRJ0
youtube yvlMEDJFPTU
youtube N1cDZParvKE
youtube I9jK4fpbuns
youtube SG2sAn0IWvE
youtube IzXbX61VQG8
youtube Nf66h432kRU
youtube x6a9o9soqko
youtube gzKUJGpJoHM
youtube 8eEJA56Pszc
youtube LVEzq_bJC_s
youtube tvCKEeUvx88
youtube SorOenIWJlY
youtube 31Cs9HriO4c
youtube xlWgSEdz180
youtube MXtj16oXUzQ
youtube UK2i4Gqf5qY
youtube mCvkQeKLcDE
youtube jOhgoHO8wEU
youtube 9I1B_vnW3TI
youtube a-MK47xOsOA
youtube spGpp9k6pow
youtube 6UjymXJdREY
youtube j-aF6lUAo0g
youtube VDZz1IaMiYw
youtube Op72qmKgV7M
youtube D0SrNBjf9dc
youtube ftlx3I0zXWI
youtube -WCFWgXEkro
youtube PVOzi4TtTvU
youtube NgMs5bK2gKs
youtube xtKPHB7hhNc
youtube -BGVDM2midQ
youtube Csv5logbSP8
youtube nTij_nffhMo
youtube Rz_4Yzcn0Hc
youtube oKW2r7L_ktA
youtube 8ZxPo5v86_E
youtube 5oFM7cTUJ1Y
youtube qry72Qjr1Yg
youtube SXPu-HLK2Vw
youtube MswuKVxpDWY
youtube PF3pLqN9494
youtube LuS4HCyFbx8
youtube 8ZSKf2aAOk4
youtube KWq3RcsSitw
youtube VS2VBsRUP84
youtube dNOBHKbgeLI
youtube T8wrVrWjFO4
youtube uynBdY4auk0
youtube rkarVsjGlJE
youtube ZF_OWD9WM2c
youtube Q3i2u6Pgn1U
youtube v-bPobTUF1U
youtube Xn0B4Hzxuz0
youtube ADTjBSqaTjs
youtube CMKEYndGVJU
youtube xCBEv12N5mM
youtube 4kHorPxVPqU
youtube F_cUG2E89M8
youtube PJVAq0bZHww
youtube Xag8KTj9JvA
youtube LfGWOUfB5QM
youtube 96cZUh4tjA0
youtube XjTaOgVn0ls
youtube wO-_ze8Va6w
youtube CXDpSj3VK4Q
youtube Cfn7tMqsSX8
youtube j-2NdcidMqk
youtube _ArK0Ir6P6Q
youtube Se6ibLsPBrM
youtube rmUzJ-cbBxg
youtube 99WyQ_0mqwA
youtube QFJSrE-SrsQ
youtube EI8GNWvUcUU
