youtube MXtj16oXUzQ
youtube 4kHorPxVPqU
youtube 6UjymXJdREY
youtube ycAxrtSVPDU
youtube wO-_ze8Va6w
youtube mCvkQeKLcDE
youtube TzX_JLZwGrI
youtube j-aF6lUAo0g
youtube v-bPobTUF1U
youtube tvCKEeUvx88
youtube _ArK0Ir6P6Q
youtube x6a9o9soqko
youtube epsv-1R4IJ0
youtube SEjhu3yxVCo
youtube 5zq1UhaP2y0
youtube N1cDZParvKE
youtube FxRQxPxPfhM
youtube PVOzi4TtTvU
youtube I9jK4fpbuns
youtube VDZz1IaMiYw
youtube gzKUJGpJoHM
youtube SG2sAn0IWvE
youtube GSi1_yDod0g
youtube VS2VBsRUP84
youtube jOhgoHO8wEU
youtube xlWgSEdz180
youtube 4FQ8zOpPl0w
youtube Csv5logbSP8
youtube qry72Qjr1Yg
youtube 31Cs9HriO4c
youtube 8eEJA56Pszc
youtube spGpp9k6pow
youtube j-2NdcidMqk
youtube Xag8KTj9JvA
