youtube QcpvbAU01u4
youtube zHfkzTTRG44
youtube oa-R9Hu1_0A
youtube GB1T4PuNdBg
youtube Jn2ZOoUfwv4
youtube v6_P8Gr9T9E
youtube XErEM5X7d3s
youtube jKvyHQnbkHI
youtube PMGCtONoJX0
youtube F1HWPpAKmaI
youtube snsdXdntrk0
youtube BPSNDnZzg1Q
youtube Kg9NQ44NsHQ
youtube QyspFTvVuLs
youtube BqF3B1-zMVM
youtube O7vBvg-sVaw
youtube fu9GNe2CzYM
youtube TUp3JHUxfJQ
youtube jQbVcOiE5qo
youtube YSLoYjJJngE
youtube nRurr2KxLJU
youtube zB62w5cRpUQ
youtube Uu2jeIiiDwI
youtube gqMLfhb2L4A
youtube oyjZCsNB-DE
youtube VHcJSfLqrsM
youtube RuZ5atNnmjg
youtube NYaILTW00bc
youtube HN1JrOsBqM0
youtube zO7TYsvtx5Q
youtube XYmb5UK0PCs
youtube eJwAPw7qNuM
youtube WfgBmLSoG_w
youtube GTVCnkDMm1E
youtube KfvJuBTT4LQ
youtube 0pWPeD-WMj0
youtube akja3FMgUy0
youtube x5VHE3Ev2xA
youtube BDYJ4LAKsfM
youtube UJXMgk-wRpU
youtube pwyjw998Mzo
youtube 5ZAA4ELMrXk
youtube ZuNP2C9xqp4
youtube NAdFTzkdnlY
youtube eGJlbsVJ2Ik
youtube x3Yp7MqeFD4
youtube a_LX8y8u6Sk
youtube stYWw_K41NE
youtube UgsEI8WGkSY
youtube D7coKE5qrn4
youtube 5Rs80q9s2NI
youtube WdlMLTzet2Y
youtube V6kRXvU7Pkg
youtube U3Bk2Ngd43s
youtube EEOVOtmYjn4
youtube tLMabjNVCH8
youtube OwD5rQMuFzE
youtube DuVcNbSykv4
youtube f6e_7tz8RaA
youtube 2lf4nvLZ5ag
youtube FvSZ6P1JFc8
youtube em1wg9TKDi0
youtube 6SpkAs-OaVY
youtube AlxD9yn3we8
youtube 93LWdIrsH84
youtube LYstbzJtSBA
youtube dnhtBAeUVTc
youtube VKFk9w6No00
youtube 9B9zBD4xf10
youtube 59hc2yhO-Rc
youtube 00n6yL4kMZU
youtube grl-vNfr5-E
youtube zLFGWRitwws
youtube DVo6UYIcT5A
youtube 5dpkz2sNa5s
youtube 9olG-uxiwLo
youtube AMeTEcLe4ak
youtube iueXY59ZLEQ
youtube y8BjWVMRGhk
youtube 1heGV6iRsrc
youtube yY2YV-PkKk0
youtube BMJIPIHXRSw
youtube VuPj492A3tA
youtube fFlHiaMeEvU
youtube 9N0bHSBITBI
youtube 71aVJSJ6Y7k
youtube b8rYgmTFddc
youtube lLwBm2V1Wag
youtube Fscn-p1H3Vk
youtube GSaPE4SI-hI
youtube FY9x2oVVOD8
youtube wlqtLrP9bYs
youtube TnMgovF6O_U
youtube gYudBSYUx1Y
youtube YdchLAD26ZI
youtube QfTyspi_A7E
youtube hq6N62OOh5g
youtube 6mJTfpje-40
youtube tqvichaI7qs
youtube MFIVRxLJp8Y
youtube W2HMwF1WRWM
youtube 3CcGsvHP-RE
youtube o-ge1sCHWrc
youtube wZimX30Y2Zc
youtube BHWG4vnKsXw
youtube t9P0ImPUvnE
youtube 11HSprdI5SU
youtube b3mwDxqqadk
youtube pcixnFqt6xU
youtube LF90rAyOmOI
youtube zR0vnApwKzo
youtube TvHMmrkdP8s
youtube ZXrWVZ1EG74
youtube qv4-mvDk9Fs
youtube myPpi55TOw4
youtube q1ToFJjtEyY
youtube IcBjb9RzrMU
youtube BTqjUIdxOxQ
youtube iO7SSyjr5ZQ
youtube fDgz4VxDkkg
youtube boP9e5RS1Ck
youtube 28QW8P1x_LE
youtube LGRCChV8kxU
youtube Q1O-lj54H4c
youtube DNQBXVXZXP4
youtube UhZpTR2CQD8
youtube GUzQMk76hiA
youtube INe99ws6n9Q
youtube u3ltadw-HNE
youtube pZKA7zXn-ro
youtube OnEa-PcEKwA
youtube c6rugxkKjMI
youtube z5uv7SE3m98
youtube zwFxq1MnaO0
youtube ZxPVJMagILs
youtube Gl_tgEC9Kq0
youtube 5rNT3ut3oT8
youtube e2_4a4ABgNQ
youtube fbT0Xqfi4kU
youtube 3ZoAecw86_E
youtube x2Bdt6n3cbA
youtube Tuf2EKnYr-Q
youtube bT1cDjWjitc
youtube 9K4lTaKtPnU
youtube TX1HHxnVzkI
youtube 6hdlBUWruAo
youtube 6K6FfOlHY4E
youtube xF7-Sa-9u9s
youtube B3KTNWb7fyE
youtube -0KJrIEjcHM
youtube BsjR9xgYRRA
youtube dORlMG0_07c
youtube zJJtX6UgjVU
youtube Dd55w8Zkb54
