youtube 3CcGsvHP-RE
youtube Ym2_3v--s74
youtube fu9GNe2CzYM
youtube LYstbzJtSBA
youtube PMGCtONoJX0
youtube myPpi55TOw4
youtube y8BjWVMRGhk
youtube 93LWdIrsH84
youtube U3Bk2Ngd43s
youtube gqMLfhb2L4A
youtube tqvichaI7qs
youtube v6_P8Gr9T9E
youtube zR0vnApwKzo
youtube boP9e5RS1Ck
youtube ZxPVJMagILs
youtube zk04yLQsqN0
youtube EEOVOtmYjn4
youtube NYaILTW00bc
youtube UhZpTR2CQD8
youtube tLMabjNVCH8
youtube 5Rs80q9s2NI
youtube MFIVRxLJp8Y
youtube LGRCChV8kxU
youtube a_LX8y8u6Sk
youtube 28QW8P1x_LE
youtube wlzmXen9UBY
youtube pwyjw998Mzo
youtube pcixnFqt6xU
youtube zwFxq1MnaO0
youtube lLwBm2V1Wag
youtube Kg9NQ44NsHQ
youtube OwD5rQMuFzE
youtube ZXrWVZ1EG74
youtube B3KTNWb7fyE
youtube o-ge1sCHWrc
youtube 6mJTfpje-40
youtube zI0Qy1r11Kw
youtube WfgBmLSoG_w
youtube 59hc2yhO-Rc
youtube VKFk9w6No00
youtube Tuf2EKnYr-Q
youtube Jn2ZOoUfwv4
youtube AlxD9yn3we8
youtube 00n6yL4kMZU
youtube z5uv7SE3m98
youtube Gl_tgEC9Kq0
youtube 9N0bHSBITBI
youtube qv4-mvDk9Fs
youtube BMJIPIHXRSw
youtube Uu2jeIiiDwI
youtube 71aVJSJ6Y7k
youtube fFlHiaMeEvU
youtube TvHMmrkdP8s
youtube D7coKE5qrn4
youtube 3lj4FWm5mDI
youtube x3Yp7MqeFD4
youtube fDgz4VxDkkg
youtube BPSNDnZzg1Q
youtube dORlMG0_07c
youtube YSLoYjJJngE
youtube iO7SSyjr5ZQ
youtube zB62w5cRpUQ
youtube INe99ws6n9Q
youtube V6kRXvU7Pkg
youtube xF7-Sa-9u9s
youtube BqF3B1-zMVM
youtube em1wg9TKDi0
youtube QcpvbAU01u4
youtube DNQBXVXZXP4
youtube AMeTEcLe4ak
youtube snsdXdntrk0
