youtube YK20ngW1mBw
youtube -Qj9Pedirvc
youtube jvTM0_ShRGE
youtube wHhWh5EDlF0
youtube X_FPkOBecX4
youtube Q3JXrIGHQ5c
youtube VxVvyOvqb0c
youtube P_T7pHF6tWU
youtube WTG1YWBFpA0
youtube W4khYR7RR6A
youtube TINZOHZ5DK4
youtube 5lsTeUs_6i8
youtube YQZ2mUMDnvE
youtube 5HwYy26LLNs
youtube s0Z0S6V0VaQ
youtube pd4pORG2nTk
youtube jXGyRJy63fo
youtube 0FCyQ6EtseU
youtube OtcfPTTfCac
youtube dOBSKLFr4ic
youtube iOiV2Pr5nAI
youtube 4Lo_dx0nQMQ
youtube Vp25sO9Fm74
youtube QDOlS32Hm7Y
youtube d1Wm8NzK8jU
youtube oDpKTi_Pr4M
youtube Yq19WGESzUc
youtube CSNQTXecF9Y
youtube XPOUqgchnAc
youtube ZRzhTiaO83o
youtube h_WKG2mHf88
youtube qE3Ahcl8H-c
youtube sz26MaA2ybk
youtube o_SOb_VS29k
youtube ATKZJ_CIgzI
youtube RBL75Seg6-4
youtube WhHzLfAzK00
youtube XpE7FHA4dPM
youtube U4nIc2I1y8I
youtube -exnjh0-V2k
youtube aCuLCaga-mM
youtube -ut785pfMZM
youtube KrxqoCWDPdo
youtube LbvjBVolYUA
youtube efhSV8HMRDQ
youtube ki-QoY3jgg0
youtube 8rXp-GeppY0
youtube fe8b3rkpEWQ
youtube dDbmaPzexhM
youtube 1OOpT5G9En4
youtube aFUD4oTw4TI
