youtube 1Ph_ORewpE0
youtube U7nqBgklf9E
youtube DyGLE0usN_I
youtube DP0t2MmOMEA
youtube J8MLpv_utfM
youtube JgQ-07VgJuY
youtube vAuO3bHxSpc
youtube Ek3aeUhHaFY
youtube _7985zBEM3o
youtube _YDuLCIzbN4
youtube qQTVuRrZO8w
youtube u7wAJTGl2gc
youtube D59v74k5flU
youtube c2ExwOAjLNw
youtube i-WYT2UotIc
youtube SjK2XlNE39Q
youtube i9TdoO2OVaA
youtube uZGFTmK6Yk4
youtube aZ4KNMnTsIs
youtube _ZXUCQc2Z78
youtube e5nfrehyWDM
youtube rrlr02YDr5A
youtube q9AoGc-OTCk
youtube VVV4xeWBIxE
youtube qEUGOyjewD4
youtube TTcXhYHmOx8
youtube ey68uVUuyvs
youtube SLoukoBs8TE
youtube GzLvqCTvOQY
youtube ZEl-Y1NvBVI
youtube kiHojsMTBeA
youtube RzDMCVdPwnE
youtube mL3sho1CpkI
youtube P73REgj-3UE
youtube KzMfeQyY5xM
youtube ZajpkwDeEYg
youtube -JcWY0rjePU
youtube eVvQnsKuOcE
youtube BN-34JfUrHY
youtube z9n9rqb-lvY
youtube Uwtu_DARM9I
youtube nCKkHqlx9dE
youtube Ka2Eu6LxAKo
youtube FwRFH7MH5N0
