youtube wXzulAhrAS4
youtube KOBzoUg1jp4
youtube KoTUIsful6M
youtube LvQQU37PTY4
youtube 0O80EcFppGg
youtube ToEBmXDSK0c
youtube dx6YPNTGVbI
youtube jORsKg6_tNk
youtube WLfZmQTEwms
youtube -SSyL5eVOa4
youtube U9UMhIzxBlc
youtube KmbFFz3q8hs
youtube DOwZO31ZkbI
youtube lQkQeCkV3_Y
youtube oQLuhN8IP2w
youtube uziF-jMggBI
youtube u7zr1iPG9x0
youtube 2o7VnZkuCpo
youtube Ae3Rg6XR00M
youtube Uf5jx7Utn4g
youtube NJroON55oiY
youtube t7grEOP18nY
youtube kFUfUPfvKXc
youtube FRNfKJ2-tfo
youtube Ovx7Qzmt0AM
youtube RIMFb4phJ44
youtube lKhB6U0xClk
youtube uvpgGXJzHjg
youtube fOXBw77IC84
youtube qGQyBmoELcc
youtube gkOo_ZqtxtY
youtube sHLMgT6B4ew
youtube QmQF0ZZ7pys
youtube urgcYm5IsJM
youtube VB356NQmt7I
youtube -MkLhRtr0BY
youtube izKDm4EBUQs
youtube lBKcxdJ6Ss0
youtube gb0k_Jjjhjk
youtube ijQA1OJ0fRE
youtube L_YynsmU_58
youtube zXA99QjqMU8
youtube e3k7aY4pFqg
youtube AAu0He5aF-E
youtube 0rxTELKxOJk
youtube xnfzZY7npFQ
youtube kEFx26YDHCs
youtube Ljx9g0Kv1Ck
youtube cnUoohKQabo
youtube rXvPAqg_cbA
youtube c_iRx2Un07k
youtube 7Nb1_a55DWA
youtube zOsIu-RATrk
youtube gnG9iUnwMfg
youtube cuGnJHv-2xY
youtube isW_lb9Fyv0
youtube -BWpuCsMnec
youtube MBIZ4yAmyag
youtube 8atGr2TqF5g
youtube 0fWla5RQl18
youtube rVuQcGcC3i0
youtube OISM3u8IU70
youtube OZbzX9qSb1M
youtube YVLMhPjCxtA
youtube t0GEBcQLIhU
youtube mLBpc59DfUc
youtube MxTrZg1Dbjg
youtube _EDlDS5M1Ho
youtube 1r8k29fFbAk
youtube YrpuyrstWww
youtube Zh2GBkva3_s
youtube T4LF2Tmta3U
youtube f5yFhXVfnfI
youtube 3iYt9gi36aA
youtube uw4xF_Aq4C4
youtube EdCINMVO44Y
youtube c7-2drQxWI8
youtube PfB3AWW98Vs
youtube YtPSa4LTWgo
youtube 48r9TqwrOUw
youtube 2nD6ACuAGwk
youtube kK1ufDaDMHk
youtube JvO5scwyCWU
youtube rpPrqSRY5xc
youtube L1A-xAMinbo
youtube RRDAF7P2MsI
youtube kks15r9DSjQ
youtube cp4MbVuNtTc
youtube EnaMqQzi82M
youtube xutLYweEkT0
