youtube mAKsZ26SabQ
youtube 9RUeTYiJCyA
youtube pok5yDw77uM
youtube Fm5iP0S1z9w
youtube i0p1bmr0EmE
youtube u6unJQownW4
youtube sS0LCjOiIhc
youtube zi_6oaQyckM
youtube rRzxEiBLQCA
youtube MPhAEcLaiNs
youtube V2hlQkVJZhE
youtube ktc8XDBq93k
youtube AdfIfFGCqgo
youtube VQtonf1fv_s
youtube IZ1t7CwfvEc
youtube 8A2t_tAjMz8
youtube ePpPVE-GGJw
youtube O57jr1oZDIw
youtube PYGODWJgR-c
youtube BbQG-S4mU0U
youtube c7rCyll5AeY
youtube Q4vFviZ4qw0
youtube ADmSA0eE8SU
youtube 0rtV5esQT6I
youtube T0iPB_JyS5g
youtube x3sFsHrUyLQ
youtube 4EvV0IXd1BU
youtube vrdk3IGcau8
youtube u2pFB1dCSo4
youtube kUGQ7Tz4os0
youtube zO9RzrhYR-I
youtube 96TS8ocpKek
youtube R_DX64EwH9M
youtube uwD51VS0Uko
youtube eISomx-VMow
youtube 8BBF3vRY85M
youtube 2sAoKmg7qPI
youtube AFnV7Y6iwrA
youtube e7MEBxjHLKg
youtube b86YA71Vx5k
youtube BcXwZEbOvpo
youtube 5uplGMphffI
youtube 5Ze2KYSfAGE
youtube luxeDybBywk
youtube PfXSNPSKuy0
youtube -3tjzWUIEk0
youtube 3eMyOWkLZ6Y
youtube zX70YxaIGZo
youtube cr6hIfga99M
youtube lb30_akA8Rs
youtube fTqmK5-oqa4
youtube CNfodZluR-Q
youtube JLOWeonvi5A
youtube iEuXFibUjB4
youtube pNMw4tnhW-A
youtube liOUZhREL14
youtube LES851rXbD8
youtube lWe00CuNw7Q
youtube 6s17JflZ1nY
youtube 4BJFXSIyAJU
youtube 5NHhwi4Ey9g
youtube beZ1SXe3yPA
youtube fygQ902P8kM
youtube fcBh_tm8V-w
youtube Cu8-QoO4IjA
youtube NJuK-q35fqA
youtube TPyA4xNPeyI
youtube z1fMolgg8zs
youtube NIyrSmTFtWc
youtube XoeIb6E2ri4
youtube 6WAFxP3mxYc
youtube FS3BLE73bH4
youtube NEJvwM92qME
youtube VwlI-PCfrlo
youtube bCnJtn99_Ck
youtube wxuXV_NUKqg
youtube g-jMQUTn_4k
youtube d-TqqHPvC6M
youtube XAtRpjPkJAE
youtube 4g8jMWHq448
youtube QinrZWhPSA8
youtube i6LbiAPx8Sg
youtube uv5yAHYlfAg
youtube XdM7eJ_an8g
youtube l-LW6orzzOI
youtube 4M4gMb6qa5g
youtube T2M6gcFh6Vs
youtube duArMhthPlg
youtube ltBiIr_QXac
youtube tjZXWSziqQw
youtube R-sJp9E3zIY
youtube sfkEbtHcooI
youtube e40LEep8lXw
youtube mFTnoXpSNxw
youtube Ngotl8o1i2Y
youtube dnpOinvPERU
youtube aEBQCWxudXk
youtube Aw4v0Of3ra4
youtube y289In1OdZI
youtube Of9du6jpzX4
youtube eOlyg96yYZ4
youtube 7912sixDduE
youtube A6tJgr-Hf6k
youtube TChS1_rQwKk
youtube chyDeSCcOno
youtube sOwbTm7afMc
youtube 5LmdNKn71_I
youtube jsjMB4zDQ0M
youtube RXATaakHCRA
youtube 5uZ1XvngQnE
youtube 6v2aNyCEeUs
youtube 08257W8sdNs
youtube zaewsNubRY0
youtube kzSZtBW_Xq8
youtube dp5LJbah74I
youtube HR7YeLvkSQQ
youtube SkNgg0CRsyc
youtube EnHLTKKPlbA
youtube g2X2LdJAIpU
youtube kkhvAJRbFV0
youtube 9qCFgqDVuWM
youtube 2MiQonPvlVM
youtube EcI0Ev4kFUI
youtube mrVxCl9Rw_0
youtube 2-Lgpnjcwr4
youtube rXEy8r5P_vc
youtube xn9au_wnf1Q
youtube w_X8RJigdAA
youtube VyqV-fRB3Yo
youtube 8SCQQeMBhrk
youtube nCbfHunEDZg
youtube -sirmGcKme4
youtube CmMxoSlypus
youtube a4jiotDjHe4
youtube 0Tgh80_-C8c
youtube HgiOapgCoHI
youtube FGsWOCYbDQs
youtube uiPxavwl8js
youtube _Gpo9BcHYFI
youtube dMuhxD8uzpM
youtube gVCioTJzesA
youtube V6b5eL4pwnQ
youtube 2q-4UvywoAw
youtube jGDfPmcBu2g
youtube 1BVp5OOITWQ
youtube 977QjQ-qOZA
youtube -LZltpqxor0
youtube ruCT4Hg7Li8
youtube x_oHzyRUvC0
youtube A70B_LKyOrU
youtube BFYrTjaqOuM
youtube DgT4CPv_CCE
youtube lpzJNwur6Zk
youtube BlI8EFf5NMw
youtube HdlqKI-YPtc
youtube aqExfBo_ZrM
youtube X8J7VG3aikA
youtube 1EY4nPzul6U
youtube G15a4rlwf9A
youtube GKrNlB9orz0
youtube Ke0mkAxzs-I
youtube 4GDWIClWiMw
youtube Xo8FPXlI3CU
youtube as_As7DGNM8
youtube 7iJ292hvGdg
youtube O7liKgQgLwc
youtube eOCftvjJWKU
youtube UofxslVDTg0
youtube 8TBDBCdaf3Y
youtube Sy3ERg7OCWo
youtube wmYqkQECgHQ
youtube ioh868DCZsc
youtube JcvmNCJ8kdI
youtube sGtT-PFQOGU
youtube 2UvlkjcuoVM
youtube daoMYJv8i0c
youtube r2z32N-JFso
youtube 0v-6AylRH68
youtube 2nbukGeRPsI
youtube JPDV--eZD9A
youtube fr4ZG7h5IRg
youtube gPDpZ51YXeo
youtube _PnWkUZ8GCU
youtube gohfAGDlYaM
youtube jiYgtmrWpmQ
youtube LTIVVoNQysM
youtube DwSA0q9P--w
youtube Fd-elEnkInw
youtube tQgUXmxAvx4
youtube yeP-_SKjChg
youtube 41tgdFXYMT4
youtube 3dp7NXoNQGg
youtube dLRR4FZ5JnI
youtube CGlLhTINifs
youtube d6khpL1yA1A
youtube GQiTtMI__Z4
youtube IaC_7FXojBk
youtube ZqB8xpQUgJc
youtube LqBB0WdhZgA
youtube HiD1Sx5VfEQ
youtube tC83aizcMFQ
youtube yNnvz85nWNU
youtube gDwTAC5oGSA
youtube S1sHxeWzT5s
youtube BBWTqzgAneg
youtube ov1k3qhBhqg
youtube LEWuH4RSsgc
youtube qWQ1xOfUNYQ
youtube b1E4ROUFLLs
youtube 2XkiMDbWcyQ
youtube WzGCuoa6K98
youtube _jX_c1l8-gU
youtube ExoVy0Mx4Tc
youtube eVvg3O2wBJ4
youtube z1YP0NqTOOI
youtube EwLMA5XYnKI
youtube ylhnEKcfiks
youtube XHCVlmtQVT4
youtube kpryzZPDaMY
youtube 4RJWqIEo_Tc
youtube KwHn8vZVgyo
youtube ktdqlQ1zhg4
youtube ts0QfbQg5Wo
youtube KzJE1qer-20
youtube Id_UiNiMz7U
youtube -7T1z-U8-Ls
youtube sTC-OXE7fLQ
youtube 7uQMy_3MevI
youtube yfJ2VrWaUmw
youtube RWr9azSILM8
youtube N1rDyb0t0S4
youtube -ye-00XUZ8E
youtube D7c7rBv-FUU
youtube 0w3OBomZruU
youtube 33TNED9LZeY
youtube 3TsSCzsU5FE
youtube g4V36AfI4Ng
youtube 45FRzS07zZA
youtube GoJuEFfuovI
youtube UBEHOoMsR6E
youtube iYSE7brUsRc
youtube PscSviRdYiw
youtube ch0CREQOQ_Q
youtube HIZZUmJo8EM
youtube dXZzAdEqAkc
youtube _FaLDL9d3LU
youtube RJIFm5fxTAQ
youtube gCCxjhihsoA
youtube zkVjm4y9t8M
youtube wfeYT9w6k8Q
youtube UHEMci2eAbM
youtube Oo8gk7Sg_4M
youtube NAW0idSQ6Zs
youtube M6L2pGNthtY
youtube 5I3bXc4e7R4
youtube ZmHQbzbM8pI
youtube tYKjiPEs78Y
youtube qwxrFmmMDd0
youtube hGbFUfxtOko
youtube uhEXrWQar4o
youtube dwywhL1PenQ
youtube wXmtxnJrL6g
youtube d-mmW0jtChM
youtube 2Ay-esCPhlY
youtube EnS_gPnx70o
youtube BS7tz2rAOSA
youtube XzqFY8Q_Aqc
youtube 1z26d6evffI
youtube 6vSfHg9CcxQ
youtube b34ri3-uxks
youtube SvkPiv85W_k
youtube mVui4Xa8Yqo
youtube HdmKdY4JcRY
youtube z1goZX1SQVU
youtube cOk5jDciyUM
youtube D367RbvXBn4
youtube O3nFopIjmjI
youtube SrUDBuqjquA
youtube ykLspPsNYtY
youtube BzMWLV6CYb4
youtube 6es0V14ePY8
youtube RDq6hfV0560
youtube Aync13iI9Hs
youtube n81_X8-YOn8
youtube JfppM5NZfDc
youtube ZPHustZ5JC0
youtube V_WPx5Vvc6M
youtube 12Lzqjj2sCo
youtube k57sShcX3cM
youtube yjjB2R-sTgw
youtube TRd_oskgImk
youtube 7bdtHzwVPqY
youtube XgWA56mPUtM
youtube cLamAIf0GbI
youtube OXXpXIa2K2E
youtube fvN5HZIiNL0
youtube tERd3B7AQww
youtube 986uKJIvpWs
youtube SuB2euCMraE
youtube ImlaXm_Thig
youtube dfEyn_LikFU
youtube wDGEliCG-Jw
youtube nW2uzhA9fXM
youtube SfhM_LUz3aI
youtube 8v43pcGLnoA
youtube G4Jrbathb3A
youtube 2QX8Jc5zIyk
youtube bzPdxpqP5z4
youtube cL7RncKzMSg
youtube dh-DtmzG34g
youtube uoqZgQ8Up8w
youtube 2lguTxBWNR0
youtube GEF1Ah8QaXw
youtube FBI48VMJL68
youtube g2--fT47POM
youtube x4x542fFBis
youtube WbhK3wMXluE
youtube LOe7N77d2mM
youtube _MciEJ7Yc1M
youtube 3dcEDndCPF4
youtube x0lhM7WdUhE
youtube 7FzH2NJy000
youtube mj49nhsFUCk
youtube li5LvlLr8Jc
youtube xe9UVM4yfhE
youtube Id9GlwBk49Y
youtube oUMMX9a2NVE
youtube V2JUcAj4KnY
youtube jeC1_F5cauw
youtube aTAjYf4roo4
youtube pJc2ypdWvEI
youtube -CE-YxDGcGY
youtube 9wyAdvMOcyQ
youtube 1_0_O6_Zbck
youtube r-lqmrmLLXc
youtube 1-1TGNmQqZA
youtube lXOP89MrRVc
youtube A_DwknYlbuw
youtube l1kjJqHSLUs
youtube MTYzJeYF4AA
youtube sqEGGat0pE0
youtube lWgrmNKjTQg
youtube 2gX_fcNl9Yo
youtube fd46Sk2ClPQ
youtube kvIOCtGI2_8
youtube 0yPQYmqD3ro
youtube t57URqSp5Ew
youtube NjwQaEmcVqs
youtube LgIG2CAEb_8
youtube nC-RvjR2lmc
youtube 5S2CbVnW-7o
youtube Mg2ptlSVPM8
youtube Y5j0Tb6e2Ao
youtube G0qm_P8tyZQ
youtube wBc7ethfeNQ
youtube xrNwkgitf2Q
youtube MwQUy4C_y4Y
youtube KbcJDoNeOlU
youtube uNKC8BoxJek
youtube cQuqs2LrXbo
youtube jPoMjjmWvBs
youtube iGnVdD0vN8o
youtube t4MONL0efZI
youtube gNLF7ysoc6w
youtube ps-8tpF3AR0
youtube Kz0VOV3ekYw
youtube C4uYvMygQzI
youtube i1HnMlaTQUs
youtube IHorqM2sCE4
youtube h6ebgH4F0e4
youtube a1mrAarAQiw
youtube PauP4wj_vVM
youtube 5upe0lIPCcs
youtube zpFPCvZHsgM
youtube E__MZ7f5BqU
youtube 5pZu-mfgYLI
youtube WetWW-zgsJs
youtube we1y3EzkjJQ
youtube cszZgUUwLjE
youtube OkY3Hb-ckZk
youtube CtE2MauDkrs
youtube v4gmuhAPzfs
youtube Vo4iIOU4L_w
youtube X1Et6DABZ5s
youtube 5dFbqcEgENg
youtube 3SvljRmtycs
youtube pb_V3ieYOsc
youtube C9RgNyIw2K4
youtube KmsSLc90gPo
youtube 35Cy3Tf62tk
youtube HEquod00t-g
youtube _Lo_UxTNdIw
youtube 4pU8505161o
youtube hgMDwGaD3cQ
youtube 2NTvxEY0yns
youtube jxqcD6UKu3k
youtube 07-UIzjTgss
youtube FK04iKxXkoM
youtube d-yNhQWvx0E
youtube QHW18uW3llg
youtube hsuiTRFWbps
youtube 7PlVhV6V_4E
youtube agurUM_dzfQ
youtube aaiQEHYZc5I
youtube PW-tHQquXkI
youtube DeqefQf2wIE
youtube cNsPXahaZtY
youtube 2IvB8ooVg6c
youtube 53U0bnntBp8
youtube WCi8wX6L0lE
youtube GFvP153Z4Ho
youtube W3zTFw2dOHE
youtube VTVvQqXUr-o
youtube dB457KBU6kE
youtube KLmxoRtUJk4
youtube fNRxrk02I8s
youtube WO22AnZ0zgg
youtube 4eg6_wZTA3o
youtube kSdo0MJhlxI
youtube dBShLTlKm2A
youtube VNkGYvUt5fc
youtube tOdawMOeTJg
youtube E7K93XoBHUY
youtube MTqWqCCwnW8
youtube 5B14PZyPRX0
youtube Atma1HfBRs8
youtube 6WrHiUL-8fk
youtube 9rtdma170rg
youtube 2Iaem7ZJ41A
youtube kEx0UMO_cJw
youtube n7hATQAjbj0
youtube 2j4gMQVZiV4
youtube PEvkPCcFDf4
youtube -8se68hhLUQ
youtube EJKBla8j6eY
youtube V9QXQz6uE0M
youtube Rnm2GOR1l1E
youtube lkpZ05Vkvqk
youtube esBH8RZZGOQ
youtube w62JoFqsdhM
youtube 4j_u5QJtAlo
youtube ah7EK897WPI
youtube DeE63IkPzVc
youtube t0aSDCau6kY
youtube LlGjbdZdiqE
youtube cZuv_woHhb8
youtube WTwdt6dOQ5k
youtube GSIE30Ld0x8
youtube L5DtbmZYHCo
youtube 9kXb7521DMU
youtube 9sJFrIo79No
youtube uLlmDCOrNYA
youtube -6sVjuIc6BM
youtube DC7kdzapMRo
youtube nqmY53BICOM
youtube GhA-sLDC_hc
youtube KRAAYkoF3Lc
youtube FYgerY8xB8Q
youtube ueSvnmIwZqw
youtube 5DCQ6BJu8Is
youtube 0UgqsHhNLVo
youtube vBkmeJUxXUw
youtube XBPzuAyKLTI
youtube OdE4G8pXKB0
youtube rSvrukMe4xQ
youtube kbjA2v39vp4
youtube Ck9bMee_W0M
youtube PoxljuBRbys
youtube 1fR2j2RjsmU
youtube HyVwrG9pr78
youtube YDwNWF8VRPY
youtube 3u67kM9oh3s
youtube 2wRdXx3rtU0
youtube fn_1w-0le6I
youtube -FfUVZpyp1c
youtube 0owTSwVLkqQ
youtube k1ANB2sWCIo
youtube KbvpBcO4n3A
youtube amuJv8EWam8
youtube jrpixugYyQg
youtube KPhF4wBhMos
youtube YK-au8EcOR0
youtube sQS82R0HFBQ
youtube U3_5o1srhgY
youtube GsjEHrVLZTg
youtube lC8m8detJ1E
youtube 0ZEKHrX-3gs
youtube 3XM_RlWo5Z8
youtube 3pPDmI4xvgk
youtube e6ynIuuDtNA
youtube LwzQb-__mXc
youtube GFtAj-MI0Tw
youtube ezjMBQv0cuc
youtube Y1YCsVtS9T4
youtube yrusYguqV_4
youtube zQ7SwrwBmXI
youtube 1JeoyLmSI4I
youtube OlaIWq7Hvx0
youtube 0tK7v9za_ZQ
youtube x815A21RIto
youtube odb87kIDvAI
youtube BElKAj4eFrE
youtube vbyGeaOx1ms
youtube dXh5-MYujOc
youtube PQyrS68fSpo
youtube o83nw76yU8E
youtube t90Y-Cz9HWk
youtube Zx294_uByGI
youtube Ng_bZFrh-8c
youtube kJ9zTR1VW2Y
youtube c-vb731XM-g
youtube XXTYDmjSbY0
youtube 9CiqGvRcmbc
youtube MclZuzUCb60
youtube OWBIpj2m8R0
youtube bFHkfNlVk4E
youtube QUgGhlYmATs
youtube WC9czyY9Ixo
youtube 2stwGscQAJ0
youtube TUlnkb-ufAw
youtube uxcXHeg5OQQ
youtube qP9HhPcXims
youtube FD2lirNKmAQ
youtube lnCwzY4jyr0
youtube 2btw1zy5g2Q
youtube GmPnMkvBOyo
youtube 21-hI5XkSZ0
youtube qzDOb2NSrGs
youtube XEdccGRHy-o
youtube gM3EuT5TUnc
youtube VBLyYSUmRqI
youtube 4J7FkIOHiSQ
youtube 95Jr2TNLOQc
youtube Pt4VTyJn7zg
youtube Vq3ZXuBydU4
youtube lydyrae75xI
youtube hml90QoGoRQ
youtube zzC3HXA50cs
youtube UxaCCWdvPZA
youtube 6QQox2_Ke0M
youtube x4NAWTvWdSc
youtube EqImQtp4H50
youtube HHWkyS39x6c
youtube tkNqRvkCiqo
youtube GrG_VQmP4EY
youtube 7INQ_h0EkwI
youtube wmSjnXGvaL8
youtube xPuYgFBM8AY
youtube -AM6hy5bl40
youtube IFEBMbCf8RE
youtube TFyHUw4ART0
youtube Kiayk6t95bE
youtube Lkedk7fedpw
youtube 57cXwlyDN4Y
youtube Mt3D4H93hNs
youtube B5vNKP1YIE4
youtube 1SO--FcJowU
youtube 9ww_rNXBzE0
youtube Swpz-MFYSh8
youtube vcOYhXoNWxs
youtube FGluhw_yo2s
youtube 7k7ix-Z_J8c
youtube YmOPWppg4Vw
youtube Ih0knPUkvV0
youtube X_4msypaGNA
youtube AytG9CNTZgc
youtube K0xBcSoq1iI
youtube M1MCRD24yxs
youtube Jvz6pbLgrYg
youtube EkedncBy90k
youtube PXv1o9sV1H8
youtube 59vlWcwxyaU
youtube 4QllzX7Ed6w
youtube iE-zvStO-dM
youtube GkVV_Ue0vuI
youtube FwMY5_pzWiI
youtube W85FkwgXll4
youtube UkHp9l2XJ80
youtube Sx9VDiVQTDY
youtube iUMwEssHpVs
youtube kgUICmIT53A
youtube xoJOVNI-g6c
youtube 81bVdZBimZE
youtube GJny5C_0l7c
youtube R0vCBLNCdEo
youtube _ExwGbvVmBw
youtube 1GtSL2h1TgA
youtube XOLBBQBE_50
youtube B4eYSwNjdNk
youtube hvz9tupdA6c
youtube 9sXOQQkCojY
youtube o1XlE8l5JMg
youtube o1vES--cyUw
youtube -TpbcrXz4UY
youtube NqCITNL1HNU
youtube p1fVrgxnsgA
youtube 348EnFoAYn8
youtube v_QLsUrfXzY
youtube 04ceNBF8u8k
youtube 3WY_1ZsSoT4
youtube HG3KlN77xtY
youtube 3ab5T91NHHE
youtube ZFbXInOWXDQ
youtube ZW2qxr-Mzjg
youtube _Jgln2RmY-k
youtube 5hsItXhm2qY
youtube ECAGilFeayI
youtube 544vKw5x4vA
youtube aQ0Jn-neK68
youtube i64se1q5ELg
youtube 4KQnLJpD1Ys
youtube -F_Bi2n21gI
youtube iW_EDx5qWUQ
youtube DwKHGeSp9AA
youtube MirkZcEc2N4
youtube l6fEE_K-IeA
youtube gm82Zk0kr2o
youtube It4WX12GMs8
youtube VZQYWZPBE_0
youtube QHOePrycK8g
youtube g6DIhMHJEhw
youtube RXIvctHxr8I
youtube uC3yIRPRBPY
youtube 9zyNFuICCwY
youtube Gyfh4-ajZXA
youtube fwddDunW-qg
youtube FFFNcSegMOI
youtube oQT82EOXX7c
youtube aN-hYQ_zrWw
youtube 7f95pt421ew
youtube W_S3F9bGd-Q
youtube VNvkK-jjhs0
youtube L_agXzboflA
youtube S4sJ2M9S3E4
youtube v6aIv5X_9oE
youtube 3pq9Z5nVd84
youtube ODEKc8CyEjw
youtube HLU5gT2ynNc
youtube K2Y3tdNmHGs
youtube 1iVxRTqUGwM
youtube uRE6STiYMF0
youtube 56vYkqxBqx8
youtube WYiQ6XgcOso
youtube 8TLsg9FwY2Q
youtube p_jsCP0U23Y
youtube OJTX2XWgG4g
youtube zPx9UyfS6s8
youtube VtEGcvvEDuc
youtube J1NbUiuuieE
youtube kxvBgyubeqg
youtube u2-vgOo81zM
youtube LFPmfXdQpYA
youtube Rg19NqJhU5M
youtube cxcwUAfH8hI
youtube 4Oh0F0n9sQo
youtube 8XjOOljVFx0
youtube fQISpfxwvjM
youtube 9BNiHqba2Q4
youtube 4ItBihhNByE
youtube h_7O-X5dhn8
youtube 5rAfyWWP2Ps
youtube ey77HN9HYgE
youtube OXszo_gPWf0
youtube XbbGdieLTec
youtube Vyg8PXjtfm8
youtube fj-MZkZGhR4
youtube _yQrUy0IHWs
youtube otiyKVNcuMI
youtube yAyYNVs6mgM
youtube zE9nJdN5n-I
youtube bUhm_3oHGtE
youtube SypEmdbVteQ
youtube rhmGtFOKjsk
youtube 5pjuHcP5hsM
youtube 35E9Xy3jIPg
youtube 87SsvIF30f8
youtube eyfiYLugQcs
youtube UvQO7Pc5xkQ
youtube iYDm-9VZFHI
youtube KgrESG7dpQE
youtube 3Wp-L75pgT0
youtube WgUgyPfu1FQ
youtube mgQ6W9OgSsg
youtube DSnqxu3UC3s
youtube rEQalWmx_p0
youtube WPTc8wsgKDk
youtube TEnUqh_tewg
youtube lNj-WpAdjHg
youtube 7hrV2xhBV9A
youtube Yn-XsHSfZjo
youtube rKyJIVg5gsw
youtube Df4rFxE4AMs
youtube pB8o0QujQ4A
youtube 8JCYvLxhkGk
youtube ZE6p2SPPAAc
youtube n89-i7dqiZU
youtube etQoh1E9Ee4
youtube U2Yv9igkZTA
youtube u__L_-wvCdg
youtube ylb4CcP6uz0
youtube ItPurkuV8ss
youtube GnCvMXR2V04
youtube Wf8IsecoBew
youtube lnc7zNEHkKg
youtube pg5AwC_BN3g
youtube BKFrVY2GNVo
youtube RL_Dxu4Dli0
youtube AcRmwDjOhAI
youtube 4fDJ54O2tcg
youtube jXBqRdcpH-c
youtube igHBbYJgWhE
youtube EQRogBt_3yA
youtube 1qwlCJ4h94o
youtube h-GhkCWuihA
youtube kl5wDRX8dcA
youtube xCobjLhKf_c
youtube Hmjt8IH8IHo
youtube 2UmDrsMlXXg
youtube 9Je49c8pP_Q
youtube 7BTOoZbvMxc
youtube y3mbX7D0vf4
youtube eddhgs82l_4
youtube oiKHXJ9wgBU
youtube r-QjevM8ATc
youtube c13v2dTeYJE
youtube X_-q65G-wN4
youtube 3J9KFZzix34
youtube UqQmpnSKgcM
youtube 4qpuk7QKH7Q
youtube h_Fu5pSfPiM
youtube CrMYNX30l4s
youtube 1DxjoLP954U
youtube avVnMPWkHwU
youtube 0CNvNW-7taE
youtube iAQlux-seGE
youtube tvB7EJxSzwc
youtube a7cH5EAXNNg
youtube X_OyIpcYGvw
youtube NNTTXR49KCM
youtube 80UHrbm5SB8
youtube _qSglWf_rVc
youtube 7SQ7SB5NSeg
youtube YzaE8L6oFbI
youtube 9W8G0kLnKZc
youtube lnM-PQwLxC0
youtube DCRpfmhTROc
youtube x0S_K0FrcMY
youtube JwO8bE7GN-0
youtube L1O45GixgJ0
youtube fwPlrqGG06o
youtube HXydiJmjpvk
youtube VbAHbSwnmp0
youtube byGnqNjRK-s
youtube RJYRJ2ghsZg
youtube 6JYp99by5zU
youtube IaeXYTw-sHI
youtube jSVseUiAVDw
youtube 5k8tUaEsTdc
youtube _6sWp1EqxjU
youtube dRRUmzdaKi0
youtube _JZ9AZbme_I
youtube 4rygRz5XlDE
youtube RD8uPkgCHaI
youtube fUiVXe4UZwA
youtube EDzFOEO7wQ0
youtube PnCGA24j6zc
youtube 8rDtMfsmF9U
youtube Yam5oIHO0Ns
youtube cNCwrNMAlOM
youtube 8cu1PQ2L8Dw
youtube EScMzamjbrs
youtube kZZPufExmTI
youtube 5E2pILw5taU
youtube Hoft8OMmFew
youtube cQCIbDx5Iyg
youtube jkryfsKaPd4
youtube oPxlLpW2-D0
youtube HJ_VVbiWxqg
youtube -UagRSPjIcY
youtube dx8a4i6Q96s
youtube yL9f_ileI-U
youtube 3N8c1t1QTDI
youtube BkIuG0LmBB8
youtube n6kJ_nkx5D8
youtube Z5Vn5lG5zT8
youtube dPPdW2IdT1A
youtube PLi92unet8A
youtube IQUvV5jec38
youtube Lxb0gd8ytjE
youtube z0Tbiu6BhvM
youtube sWfnm8Jk1WY
youtube oj4y3CjnbVM
youtube TdpqT1urk80
youtube nxsTeQFdMFM
youtube 0eb7HkRmJw4
youtube bbdeIhWb2_k
youtube aSIgzm_jSGA
youtube rGocdxoSHQY
youtube zyUi3CQ5Z7k
youtube ofU3obf95uY
youtube um6lpRb3_uI
youtube DDC17du1T8A
youtube ZelZBvz_IG4
youtube QGXi9IT9dyo
youtube ud70d3PUrFA
youtube UVNmY5yvsVM
youtube FrkeeKCS29U
youtube MGwx51pZgVc
youtube kErOtK8CYc8
youtube gR8qSfVKUkQ
youtube R2NSsc7XtvE
youtube wjcYVO4CrBs
youtube zU3xtm8OWvU
youtube yz9LQy0rmq0
youtube YEmRoYV8vMs
youtube NVuQVl13EBA
youtube yhv4i8KyH4s
youtube DAF2v8dAEiE
youtube 0CXWvSdSwjo
youtube iQk5eka-52A
youtube d4JuuXF-JaI
youtube mvYPY9HpCXo
youtube cAg0IQjvdsI
youtube EWUCRvHJ6vo
youtube zTe15LgaIBE
youtube KNFwgaqxh2w
youtube pNBTxeAR6oc
youtube pXJV2obU1XE
youtube mbnSZd38eAo
youtube z8Nl-STVkXY
youtube uMCFHF2-DKA
youtube JqbV3F9LRyY
youtube WpitPFaGFfg
youtube -BLmwvWjwcM
youtube ZP3GlJO9r2g
youtube iHIlQ_4QpeQ
youtube aOcNnApWeQE
youtube yY-70OdeXKc
youtube SyF1CE1xN0k
youtube ZKhWdYNUQ08
youtube GP3e9HahVxw
youtube jDBuseb0RWU
youtube rdclb6oQO94
youtube BlHv3BbBv6A
youtube eiCDZYdPmys
