youtube utiZvi-VBP0
youtube CG41XIRjurk
youtube qN1UknHJ7vM
youtube FMR-FHeNx0Q
youtube 176QIaC18Kk
youtube 8VR2g5SNsDI
youtube 4ifen8E3JgM
youtube AnWHiOZOEFU
youtube mI025NwWkTk
youtube YXwY3W73-WY
youtube RELUKTye-1A
youtube sp_mDm-Ry1M
youtube vsmin9N7im4
youtube kgLcJEJ2qno
youtube d44yH9R3aow
youtube vYhYJS7LC_Y
youtube Az662DXicJU
youtube DE7qqnm7qwI
youtube VH-6u-3qglY
youtube gNdfNhzGF7s
youtube Zozjtv291rU
youtube kDuj-JRekL0
youtube yqr-gGBJHS8
youtube jSXtAT1tMKs
youtube 6jQ0Yuuk_MY
youtube 8VZtEw8UuT0
youtube fV3HLDZvzVI
youtube JyGO3LN5UJ4
youtube Er4zJJB6ypw
youtube JB_BPQV3pj4
youtube l5kgYb73q44
youtube 5PV3TTEf6oc
youtube tG6JVITAfTA
youtube GHQKavCeMM4
youtube 7qdwFQgMyVs
youtube 18yP5wctlMI
youtube hbHUCK_IUXA
youtube J8-KdFXxmTQ
youtube 3WcyFf6JPSI
youtube 1HkqeORgn_U
youtube RzMXS9MoJqs
youtube NtLe2QWxjOI
youtube 2RT7EJD-Tdc
youtube DPphuzBAdng
youtube Yj7PLZZSqRc
youtube v2VgA_MCNDg
youtube GcA5f3H7xRg
youtube qPFTT7h6voo
youtube pi3WS-Rc1b8
youtube c5-TP6RQAgQ
youtube OO4AwJPxgig
youtube YfU15zsSeR0
youtube oHz3lr4AHR0
youtube _INzlg-fQlI
youtube 0xFrBfeKJoo
youtube f-cw0FBtAek
youtube RLlmQjO27C0
youtube 8M3xhlYLmYE
youtube fvVT3N5dZq4
youtube GqBtgeBrAQ8
youtube 3jzh6dQC0nA
youtube B8vgJ8uswz4
youtube 9_Rniw9KETU
youtube wxJZBh4LJ7U
youtube VUpgmGiW8pE
youtube H2a-QBHCMq8
youtube Gi43eJUSyGE
youtube 0ObAFRFhlnE
youtube 0-Dqo2BFg2o
youtube C-vLZYWFmLg
youtube PLawjgXPs7Q
youtube uFpsmhEWBIk
youtube o_-LnDxNnhI
youtube Y1NQrtyCNlk
youtube HlaxvNUyNr4
youtube mzi4FhUOffg
youtube l7NV0Bajs9E
youtube XrXd3eW39co
youtube ZU5iBsrjoXY
youtube F8jyuBy-yXQ
youtube IeCs0lBIFCo
youtube -nI6yHbmn5I
youtube LjR0-MP2S_E
youtube NCzUPpntLNM
youtube FdKUjZwfU2U
youtube shJehbHg93Y
youtube Aut-LA5hjfI
youtube vE6LxvTEAm8
youtube 8X-d3CTEEkM
youtube eALBLgFCDtk
youtube IsCoU5ullKI
youtube 3OH7poBosb0
youtube M3k18-LmaxM
youtube Vpy6pzfYPrU
youtube nc6tlVK0B2w
youtube UV7fZd7gjJ8
youtube 4LjNKGn7Jh0
youtube eWOysv8FKxc
youtube 0qGi4qi6YeU
youtube uIuzfxPAygs
youtube LTLrqNPA1cQ
youtube DZ1YNlSCBSA
youtube im97Rha_5Bs
youtube hxQeAG0c1Qo
youtube tHuQiUP-kyQ
youtube 3BtFB5kAjCQ
youtube ZlphsItmdqg
youtube 06PJ-V0QAJE
youtube TgP8v60X23c
youtube cxwT7GyvqJw
youtube FvUU1q1qrlE
youtube qKnBZlAXea0
youtube PZUDTS5ApnM
youtube 4ltx3PBnWcI
youtube 4a_rGfuH8g8
youtube X5LPuZrQryc
youtube 4vPW9EpgH0c
youtube o765gV3pyVM
youtube xUdOohTT3hE
youtube vW9MroBSjJc
youtube hgfbafx137A
youtube bYh_P0Jh9Cs
youtube rYe7JECvr30
youtube 6HuqNdQJSTY
youtube vwOZo11eo4Y
youtube TKYyLRszCz0
youtube xZpOY-bymZA
youtube mAbTKxt11Do
youtube pIUTkQlZ6hM
youtube D6EznxpYSac
youtube 22Nk87bT7FE
youtube Fl6Ke0I5gGA
youtube N54nHg43bDA
youtube 2e-NL_-xLr8
youtube xRH_DhiKaeQ
youtube C7m5v8pLtog
youtube -9dXAC3CaLE
youtube 7Cl_wJzlTZI
youtube FToS7j8IvxI
youtube iZ3Mf8Yq5mI
youtube hdZLAcQED60
youtube Aop6EARn6v4
youtube 7HmayYpsDYk
youtube pLg9I4E2x7o
youtube 31iUDm6iSrw
youtube ytPjH7ikQZU
youtube vjdpLEtvmRA
youtube USz_c7a0dkk
youtube K_Rv0InnNtg
youtube br-jIhnbkYc
youtube yHygF2uEJ4s
youtube dy08_oyLVZk
youtube pVgeOSA8HiU
youtube gEu1fdZtxoQ
youtube fvwoiDSitec
youtube GS-x70MZSG4
youtube UzX0RQ2bx-I
youtube U3k9CiLwKyc
youtube GzTk8t7AucY
youtube S7LbR3SyiHk
youtube vfjTG9OyDMo
youtube rpE6NhoN5T4
youtube ZJHoI8FpLho
youtube x-viEeOd-gA
youtube 5vHOrIUKkhs
