youtube hgfbafx137A
youtube vW9MroBSjJc
youtube x-viEeOd-gA
youtube ZJHoI8FpLho
youtube GqBtgeBrAQ8
youtube 7HmayYpsDYk
youtube vYhYJS7LC_Y
youtube eALBLgFCDtk
youtube AnWHiOZOEFU
youtube Yj7PLZZSqRc
youtube DPphuzBAdng
youtube 2RT7EJD-Tdc
youtube GS-x70MZSG4
youtube 4ifen8E3JgM
youtube kgLcJEJ2qno
youtube LjR0-MP2S_E
youtube NCzUPpntLNM
youtube -nI6yHbmn5I
youtube 0xFrBfeKJoo
youtube _INzlg-fQlI
youtube dy08_oyLVZk
youtube DZ1YNlSCBSA
youtube Fl6Ke0I5gGA
youtube shJehbHg93Y
youtube FdKUjZwfU2U
youtube yqr-gGBJHS8
youtube 5PV3TTEf6oc
youtube tHuQiUP-kyQ
youtube hxQeAG0c1Qo
youtube im97Rha_5Bs
youtube oHz3lr4AHR0
youtube J8-KdFXxmTQ
youtube xUdOohTT3hE
youtube rpE6NhoN5T4
youtube S7LbR3SyiHk
youtube CG41XIRjurk
youtube PLawjgXPs7Q
youtube C-vLZYWFmLg
youtube l5kgYb73q44
youtube br-jIhnbkYc
youtube Y1NQrtyCNlk
youtube o_-LnDxNnhI
youtube GHQKavCeMM4
youtube pi3WS-Rc1b8
youtube qPFTT7h6voo
youtube 4vPW9EpgH0c
youtube RzMXS9MoJqs
youtube gEu1fdZtxoQ
youtube eWOysv8FKxc
youtube 4LjNKGn7Jh0
youtube nc6tlVK0B2w
youtube Vpy6pzfYPrU
youtube M3k18-LmaxM
youtube 3OH7poBosb0
youtube UV7fZd7gjJ8
youtube TgP8v60X23c
youtube F8jyuBy-yXQ
youtube U3k9CiLwKyc
youtube fvwoiDSitec
youtube 9_Rniw9KETU
youtube B8vgJ8uswz4
youtube o765gV3pyVM
youtube NtLe2QWxjOI
youtube 22Nk87bT7FE
youtube Gi43eJUSyGE
youtube H2a-QBHCMq8
youtube USz_c7a0dkk
youtube YfU15zsSeR0
youtube 6HuqNdQJSTY
youtube Er4zJJB6ypw
youtube 3jzh6dQC0nA
youtube pLg9I4E2x7o
youtube UzX0RQ2bx-I
youtube wxJZBh4LJ7U
youtube 8M3xhlYLmYE
youtube RLlmQjO27C0
youtube 8VZtEw8UuT0
youtube mI025NwWkTk
youtube GzTk8t7AucY
youtube pIUTkQlZ6hM
youtube YXwY3W73-WY
youtube IsCoU5ullKI
youtube 8VR2g5SNsDI
youtube HlaxvNUyNr4
youtube RELUKTye-1A
youtube XrXd3eW39co
youtube gNdfNhzGF7s
youtube Az662DXicJU
youtube xRH_DhiKaeQ
youtube JyGO3LN5UJ4
youtube 1HkqeORgn_U
youtube sp_mDm-Ry1M
youtube IeCs0lBIFCo
youtube qN1UknHJ7vM
youtube jSXtAT1tMKs
youtube 6jQ0Yuuk_MY
youtube uIuzfxPAygs
youtube 0qGi4qi6YeU
youtube cxwT7GyvqJw
youtube d44yH9R3aow
youtube 0-Dqo2BFg2o
youtube 0ObAFRFhlnE
youtube X5LPuZrQryc
youtube vE6LxvTEAm8
youtube Aut-LA5hjfI
youtube 8X-d3CTEEkM
youtube kDuj-JRekL0
youtube Zozjtv291rU
youtube mAbTKxt11Do
youtube FvUU1q1qrlE
youtube 2e-NL_-xLr8
youtube 06PJ-V0QAJE
youtube ZlphsItmdqg
youtube 3BtFB5kAjCQ
youtube GcA5f3H7xRg
youtube FToS7j8IvxI
youtube 31iUDm6iSrw
youtube c5-TP6RQAgQ
youtube TKYyLRszCz0
youtube 176QIaC18Kk
youtube l7NV0Bajs9E
youtube yHygF2uEJ4s
youtube VUpgmGiW8pE
youtube LTLrqNPA1cQ
youtube fvVT3N5dZq4
youtube rYe7JECvr30
youtube f-cw0FBtAek
youtube vjdpLEtvmRA
youtube iZ3Mf8Yq5mI
youtube FMR-FHeNx0Q
youtube 4a_rGfuH8g8
youtube 4ltx3PBnWcI
youtube qKnBZlAXea0
youtube PZUDTS5ApnM
youtube 3WcyFf6JPSI
youtube xZpOY-bymZA
youtube vwOZo11eo4Y
youtube 18yP5wctlMI
youtube C7m5v8pLtog
youtube VH-6u-3qglY
youtube DE7qqnm7qwI
youtube mzi4FhUOffg
youtube pVgeOSA8HiU
youtube uFpsmhEWBIk
youtube vsmin9N7im4
youtube hdZLAcQED60
youtube ZU5iBsrjoXY
youtube JB_BPQV3pj4
youtube v2VgA_MCNDg
youtube N54nHg43bDA
youtube ytPjH7ikQZU
youtube D6EznxpYSac
youtube OO4AwJPxgig
youtube -9dXAC3CaLE
youtube 7qdwFQgMyVs
youtube 7Cl_wJzlTZI
youtube utiZvi-VBP0
youtube tG6JVITAfTA
youtube fV3HLDZvzVI
youtube Aop6EARn6v4
youtube hbHUCK_IUXA
youtube bYh_P0Jh9Cs
youtube K_Rv0InnNtg
youtube 5vHOrIUKkhs
youtube vfjTG9OyDMo
