youtube H3jVEJodOBk
youtube 3_amTcpsK6Y
youtube LFC00iWKB9U
youtube IXsXPLAKuCM
youtube 2PIGMpEygxQ
youtube -LUBfUdNH0s
youtube 9e30Mm10G84
youtube fqKsowvoDMc
youtube UWmYJZohyH8
youtube TE15BwBohIA
youtube qTq9OHXvy58
youtube _c1ZUQHjFCg
youtube F8Ja6DccL90
youtube Tmh1kqgS1X4
youtube gAkZ5PEP-Vc
youtube iSj5HBcC_VM
youtube 7r1rjeenJh0
youtube ChRVi36t9YY
youtube ZmusLd6VrnA
youtube djv0pDOtT2o
youtube Y_d1Ox1oUJc
youtube UHWK3wxpY4E
youtube OTcNLPuoBk4
youtube zH0F6b1wws8
youtube YVBFVvHfwhM
youtube HUbX1zu_grI
youtube r1UwFtKyYYU
youtube GC28NfoYK1U
youtube Zm8-cDrPeNY
youtube TQbqxqbb3V8
youtube riQpPmaTw_Y
youtube 6IyT3ogRHiU
youtube _2fWEKR7410
youtube uQiMd2OXQq8
youtube OqQ_K2Sg0tE
youtube _PgyXdZGqcY
youtube bo8iRyfcWYQ
youtube EwWwwyTXSJc
youtube 1p021PtsqGc
youtube K4Kehqu1ZZo
youtube 5U-1v0fN2uc
youtube ftTNDm-XlnU
youtube wwB1whvFi-A
youtube po61dm_1rsA
youtube 0acDvIr0DSA
youtube b1Rm-aIwN9U
youtube lOqK-3TW7gI
youtube ljB4FPRW9sI
youtube cPDCEGfm3LA
youtube Uk9Vmd9EneM
youtube u-MnoXnWL10
youtube Q7letK6CKr4
youtube g5OeVmciZDU
youtube afMyf6AsCdA
