youtube Q7letK6CKr4
youtube djv0pDOtT2o
youtube iSj5HBcC_VM
youtube 9e30Mm10G84
youtube ChRVi36t9YY
youtube u-MnoXnWL10
youtube _2fWEKR7410
youtube 3_amTcpsK6Y
youtube OTcNLPuoBk4
youtube Aral-js8bkQ
youtube F8Ja6DccL90
youtube riQpPmaTw_Y
youtube UWmYJZohyH8
youtube ZmusLd6VrnA
youtube UHWK3wxpY4E
youtube LFC00iWKB9U
youtube wwB1whvFi-A
youtube fqKsowvoDMc
youtube IXsXPLAKuCM
youtube 5U-1v0fN2uc
youtube lOqK-3TW7gI
youtube Uk9Vmd9EneM
youtube r1UwFtKyYYU
youtube GC28NfoYK1U
youtube ljB4FPRW9sI
youtube YVBFVvHfwhM
