youtube asPu_Zz3Gbo
youtube kokfI0vn9ZM
youtube hxDMRwd838s
youtube SnmtK5Gnvco
youtube _r1CBW91qUs
youtube iU0Mr02RbOg
youtube ofMAUgq3ip8
youtube qFWQFQielg0
youtube k_C6zdOM5A8
youtube cargPBU2Ocs
youtube V6ibjw_vWJ4
youtube paYRlrIgT20
youtube Q44jfN8-UK0
youtube 2iTWPPO_D7o
youtube pPc2ULpiruc
youtube anzPk-m2Ek8
youtube 3dvfzquDJfE
youtube dMQAGHhT4e4
youtube ulTQ_2Xxl0c
youtube u_MWbZsDHC8
youtube 9dtQJCiO4y4
youtube jPBDPcqfCwA
youtube Vwz97FSPF5U
youtube maMG1T8_u4I
youtube NI71-qySsrE
youtube Y3BA-O0dNH0
youtube vvtmowl7JIg
youtube pcL7qINAJ0s
youtube 26yyR0rjVE0
youtube QnVSsBgoWHs
youtube 83vzo2J09VM
youtube uZXMOfkrZYA
youtube aq7DmqXDXUY
youtube OIbT5yoa1l0
youtube gg17npoP0uk
youtube AbUkLeBUmxI
youtube cXOZLskXCog
youtube higZGd1fU4Q
youtube XSjulzRgXww
youtube xAYT2q8-7P8
youtube R9npBuS9AsE
youtube 5IKpgZbpnJQ
youtube D84hYjjvmiE
youtube WxTdiFreIms
youtube lNGde3yeHyA
youtube ougUWPUvgD8
youtube nCrYALuiX14
youtube LzVJ--gOPP8
youtube y5Xnjemx8xU
youtube Una_WymXCh0
youtube DB2qwfBeV1g
youtube ZJfCmpM134g
youtube 4p2WMFgTcSw
youtube 8iJicC_69q8
youtube n-K8l43sZgA
youtube 9JWvMrOj-xM
youtube 3Hju3iT7vYA
youtube RORGI2Mjf8o
youtube GRiIxe3GfCs
youtube ntF2kWLIaY4
youtube -lgusPqMlLI
youtube avn7brkxmmo
youtube UUHsQPsU8Qk
youtube 44U2L7waogI
youtube 4ynwWift_ts
youtube q5T74U5-6Bg
youtube NQguR_Ucbtc
youtube Mreatc71m74
youtube rYH98yQXubY
youtube RYDIi9d9_N0
youtube cTjoePKbRwo
youtube zXvXaE05Poo
youtube IqtOoyRVQ1A
youtube o7X2nOtwdUM
youtube GEIhNyZinLc
youtube 9F04VQm7Y9s
youtube tnLh2I9cuzQ
youtube BiJpbEZx4Ps
youtube XA5gF2FdNlY
youtube ri2W_I3ih5Q
youtube _bFkF48T1wU
youtube 7UY2CkA6U2M
youtube 36_6AnhQDT0
youtube s9hnE58oPpk
youtube 9E__zarjrz0
youtube ZtsLtsYJLmc
youtube TYVJbupG3Xg
youtube FIbHuEkCMSc
youtube LQLhYqk2Gew
youtube iQFkeSeWkzo
youtube LoRR30CDAuI
youtube ct1hC7nRwxw
youtube w1iXTufDPtw
youtube H3d3Y1QnCAY
youtube 20Hhg_r9LNU
youtube SVlgklDKFaI
youtube He-408nxWv0
youtube o84oMGBkx1k
youtube Y5Ob-6x9wzc
youtube sPgjndFqqwY
youtube _DruG4BJxts
youtube s--V1U9sRLU
youtube j6XuuFLvGCo
youtube FLZtljVoRjI
youtube GaHayhsnJ0k
youtube flrLw1u72tA
youtube slsJmN2AdXY
youtube MamjU0RqZTM
youtube GbzmlbWRo-0
youtube C9JPHMMvMQY
youtube xJwJXKFTYgY
youtube CELFsKLkKbI
youtube sMsMVKMM9QM
youtube xd7ZNuzvYRs
youtube kiKh-neczTE
youtube ev_pbgENnfA
youtube ksbouCmI3JU
youtube WSl5knWzzZY
youtube GupW5NwjS6A
youtube Fcx1camn9mo
youtube 8bpTGfMKfVk
youtube -lW4Yux-lzo
youtube yxeuzC3OKj0
youtube oN4fR3uKDd4
youtube c_WvFA8zLts
youtube agI8iOu_xWI
youtube gDP86WD1qMA
youtube lX5EEt20acI
youtube qpMTErGft5A
youtube NzyKzc-adqc
youtube CRlTognWi8k
youtube -OCVcBDU9WQ
youtube 7yolVQMTajs
youtube OTOl48wCjlE
youtube CnHGKUh-5O4
youtube -YvaPKwqeFs
youtube WatnNDXfhOA
youtube nEGtSgUpUkI
youtube LLtOVCYNjLs
youtube 2l58L3QEVnc
youtube TI0YxnA61oY
youtube ntiFiiCueiQ
youtube l13nb8jF7cI
youtube Hu7uRse3hi0
youtube nDcuRKmthrg
youtube XR2DJsOnDOY
youtube kkAJW5H2K1M
youtube nRYOhnErkls
youtube LDwS0EIJJqc
youtube VckbqU4kK2I
youtube f3SwqNzsNwg
youtube LTVYIA0l_RA
youtube P9Mo6UoMzf8
youtube Ufj4H3bo08k
youtube tc8dVHb_Ess
youtube V1UjbmksKYI
youtube fBlASJvruI8
youtube lJBL8OZ3e_Q
youtube BlQ3yuUmBiw
youtube osu_Iv932Mg
youtube lnLiNNgN980
youtube l2FyCO9FJ-s
youtube LTa9cqioRDY
youtube Lr-_HB3wwzk
youtube NJDPjwq8-2M
youtube JNBULX7M7kA
youtube 9xj9UaKxbO4
youtube CMyYBg743z0
youtube tD9gSM2c-JY
youtube ZJ7ZihueEe0
youtube zC6TkbmnU08
