youtube 7PtNUkd34jY
youtube 1rnMdpkuynY
youtube PnCWwUUQ_u4
youtube 7iJBpH0Cbbg
youtube 8Zh3csh2g1k
youtube ZLGMrHxV7jU
youtube dCsxvVaLxbI
youtube xLYHsJ3cHOA
youtube rW6uDr4sfA4
youtube -rEQ4Dh5w0c
youtube XOYpiKDnbFw
youtube AnxHJUH1hxA
youtube 3-3B_Rr7Tn4
youtube -7GCPorhRZo
youtube 19U2AmONnfQ
youtube rYajsCBHurA
youtube GevPacl9nag
youtube Aq9rWu9U1_8
youtube 96unK3ikY3A
youtube 7iJBpH0Cbbg
youtube H5rRaPp79AM
youtube HsQKO0yQc_o
youtube lJk4-TUnp-I
youtube ELwWyGMsl5o
youtube 7MiFmqGDyGI
youtube 3ERJXkm_iR4
youtube yLaOD21ulxM
youtube XYqwntr_R3U
youtube GnGiZEM8FJc
youtube RgthxYwGDjk
youtube lP0zy7CNUh4
youtube GvFshF_inMc
youtube hqxkXPDtfks
youtube IqSIUrVAoCM
youtube ROKqcUsnGVI
youtube PhvZp1431-g
youtube PK8zuxHmUhA
youtube y7c8YMgt73E
youtube SxBGaPcBa48
youtube W4dKRkGuwO4
youtube sJ52SqvsOpE
youtube l7kEFvhGkXM
youtube 3MYK6mwmu-Y
youtube RoYOQZOZSHg
youtube oo_b1_YytjU
youtube hVBsenuboP4
youtube WPfOMlkX2N0
youtube wRb7fFqvm8M
youtube AbUHWA7Xwnc
youtube mMKP9P17aEw
youtube d5nyyYIcghk
youtube 2G4v37aj3-Q
youtube hmWD8luPjuE
youtube JmapafVOjoY
youtube nG4vJO_Jnfk
youtube m0Uyk5iHh-A
youtube mqHASQAE6MQ
youtube HirdoVNSYLI
youtube Q4a9uwV4nmo
youtube bqk59flLTkg
youtube NHzGB9ALnH0
youtube 4NrjXXf10mM
youtube i7Lekzpmz5s
youtube ZSmvk0IJJ8I
youtube ve5yc1QqBiU
youtube Is9VfMa4CpU
youtube Dw4mV_bUW_U
youtube zZWpxOxxbwY
youtube _zcJ1h0jQRA
youtube VOizORn329g
youtube qQv0v_wKLsI
youtube gcjr_dAXRSI
youtube 1aPVImFvXAM
youtube 2Di-xNL0o5g
youtube zukrSW_snyw
youtube rv81MFxYKSk
youtube cvwuQGLDiGo
youtube dJuUxxfQMYE
youtube ND_1S8w87UU
youtube UaQVEAgM5A4
youtube bYB65BpIEbM
youtube 22YARky13y0
youtube DC4Cbg1n-oY
youtube SimGjyU_sic
youtube tIiAleE9JxU
youtube 8qr6rvgXcsI
youtube Eg93C8MmqMI
youtube yZUybJKXzHY
youtube Rmnym_88BeA
youtube 2QpuB_jxSnU
youtube 8dcSFoMiyck
youtube oAKGHIVkZEM
youtube CXheWS3qOrM
youtube jB0QuGRu_jI
youtube 0ejyENAIuPY
youtube 8EsLsUPf6tc
youtube UpmWaS5fAAY
youtube zjxaca4waLI
youtube mcuV1FqRocM
youtube kXDf-XbDYeg
youtube ulgtWbARfV4
youtube KwsY4fZVN4Q
youtube M4Cb8Zzv7a4
youtube C6Khrbt9W_Q
youtube 3AsPfTciE34
youtube Ad5mar-BeCM
youtube xFlN0-qSttU
youtube y1ZrKGS50YQ
youtube tJFmZgKOtPs
youtube BaUHmGAOgxs
youtube ogGaDTJrf9E
youtube wYn0m1UAz-I
youtube 2QMmGWDR5vg
youtube aggzHXts_ZU
youtube dBavQFWmG3o
youtube fWAzB-j5NHw
youtube x-TX908L1q0
youtube 7kv4sOzKDzE
youtube --0T-Jci12E
youtube _QuLCwWlHs8
youtube 71kaL0UpYeU
youtube tZQMp7ZJ1ps
youtube Et-MMG3lHi0
youtube ZcIFPoy17Xc
youtube sLKKN_xFYtI
youtube 4hrvgZOa-JQ
youtube gz6YC4d3a4g
youtube Csa6kFKrNv4
youtube odGSSrbwGgk
youtube h8jr7is3jHo
youtube 8lXQthuDHS4
youtube rJ-Iuoirdes
youtube C2XfC-_eZlI
youtube fiagHGdv7T4
youtube LHYgBlQ6cEU
youtube ZQZnTpa_WFI
youtube gJh8kNVYUPo
youtube oh9vhd1RrrU
youtube mB2lSKPb34s
youtube hstgihb77NA
youtube fkEqpYX49NI
youtube lrpwp5IbDhU
youtube iDglFl63uYw
youtube pr9ScevogXY
youtube CAPfkqZWmpU
youtube WsbBLaQ5pVw
youtube H1dbXz_yvfM
youtube hu0CLtVU2l0
youtube eYGY_kGVwaU
youtube Es9cWF5giSg
youtube cniplHqcbwQ
youtube _0pn7_vRFXk
youtube aSdINUhSNJU
youtube CX-dRfhbzpA
youtube er8_Mk7VUYA
youtube uhKwbwoF8eI
youtube cyjXgFSEYcU
youtube faXEVES3-lA
youtube FfRmcCTVHuE
youtube SlNs6l7f2yY
youtube e0I9Z5OrvMM
youtube ZA6rUaexqw0
youtube JH5otcagKBw
youtube sJJuXZodfrU
youtube nr38y6nTuUI
youtube cx-n3iVIPO0
youtube RmP2KlSXm4g
youtube llJrxBHHUuk
youtube pOmfDR1Q6D8
youtube W70DKFjSqoI
youtube VsIhqJanm88
youtube tplnWAIlCnI
youtube b294Oulllo0
youtube azUYm4iyQ4Y
youtube ZmNB5_HA5SI
youtube _m8f2Mt-jPg
youtube fbuyKJux6cw
youtube pcRQIS6Hbi0
youtube mid6fO0B8KI
youtube hiELjIdlNjQ
youtube wPWeNgn8EvE
youtube JMwpQU1ltbo
youtube wVr0HynZYuE
youtube S68qFvBHjAo
youtube q_H5tzKyu2M
youtube zssWn8uWLVw
youtube Yrd0f-0LEfc
youtube 6DcV3c1Rg_g
youtube NuBHl4crzL4
youtube Y5uGPNNpvjs
youtube HdO0IfSORBw
youtube ptBwOaJv154
youtube eQ04tB-vYTU
youtube vHbtM0SFpds
youtube dSMGtEiCyXU
youtube Q2WeWmlFjlg
youtube 2cWRaVA-s6o
youtube IZ8ggmUE9rY
youtube cwQ1yDA3_gI
youtube VLLgEBdYrKI
youtube 803I9t2Wbhc
youtube mtzIqY5opkw
youtube UTz23RSyOy0
youtube 4oUN-j9Zd60
youtube fdV-8EKmHu0
youtube YxPknd7X2SM
youtube cMYxnf8iSq8
youtube 1Cb76Ps_tkQ
youtube fsv4yvtex_Y
youtube JI0b3z4BTT4
youtube ylshElJ2r9Y
youtube WFdb2dYaSOo
youtube sLGl9bcHM9w
youtube Y1y6hLsEWRY
youtube WpnrRO1InPs
youtube mTPgjU7Q0CQ
youtube 8_hkjDnf-FY
youtube _n-p0Xj5wT8
youtube 25JbT8EluZ4
youtube GrV6ziWL6Sg
youtube ANRFrpe1Ois
youtube cG1t2F_VU_k
youtube cbmzzXf8fvI
youtube W04nQdqIIa8
youtube iolKeuAF6W0
youtube u-1S9TSUGAU
youtube pYRHspL7vNU
youtube -tmOtCs0hXA
youtube bKyivyq9zA4
youtube lRfitxuJj48
youtube DU7CeKUWjRI
youtube IYOq5RGS-6Y
youtube SsrEMr12Nx4
youtube 5MM_TC_sqwY
youtube 7qg23LKR3qs
youtube gPwP96yMGK0
youtube JiJRmXYNNXA
youtube -SOAwCQebc0
