youtube eQ04tB-vYTU
youtube RmP2KlSXm4g
youtube 7kv4sOzKDzE
youtube 3AsPfTciE34
youtube 1Cb76Ps_tkQ
youtube WPfOMlkX2N0
youtube dJuUxxfQMYE
youtube _n-p0Xj5wT8
youtube wPWeNgn8EvE
youtube BaUHmGAOgxs
youtube UTz23RSyOy0
youtube sLKKN_xFYtI
youtube UpmWaS5fAAY
youtube er8_Mk7VUYA
youtube ptBwOaJv154
youtube fkEqpYX49NI
youtube pcRQIS6Hbi0
youtube 2Di-xNL0o5g
youtube 803I9t2Wbhc
youtube yZUybJKXzHY
youtube iolKeuAF6W0
youtube hu0CLtVU2l0
youtube W70DKFjSqoI
youtube i7Lekzpmz5s
youtube uhKwbwoF8eI
youtube cx-n3iVIPO0
youtube Sc2IjjjYij0
youtube iDglFl63uYw
youtube Q4a9uwV4nmo
youtube gz6YC4d3a4g
youtube mid6fO0B8KI
youtube KwsY4fZVN4Q
youtube H1dbXz_yvfM
youtube _QuLCwWlHs8
youtube eYGY_kGVwaU
youtube ND_1S8w87UU
youtube pYRHspL7vNU
youtube mtzIqY5opkw
youtube lRfitxuJj48
youtube cMYxnf8iSq8
youtube bKyivyq9zA4
youtube faXEVES3-lA
youtube ve5yc1QqBiU
youtube Y1y6hLsEWRY
youtube txlQjUNUt0w
youtube 71kaL0UpYeU
youtube oh9vhd1RrrU
youtube ZSmvk0IJJ8I
youtube wVr0HynZYuE
youtube e0I9Z5OrvMM
youtube 4NrjXXf10mM
youtube l7kEFvhGkXM
youtube cwQ1yDA3_gI
youtube SxBGaPcBa48
youtube vHbtM0SFpds
youtube CX-dRfhbzpA
youtube Yrd0f-0LEfc
youtube dSMGtEiCyXU
youtube ulgtWbARfV4
youtube HdO0IfSORBw
youtube WsbBLaQ5pVw
youtube Et-MMG3lHi0
youtube 3MYK6mwmu-Y
youtube aSdINUhSNJU
youtube Eg93C8MmqMI
youtube dBavQFWmG3o
youtube 0ejyENAIuPY
youtube DU7CeKUWjRI
youtube LHYgBlQ6cEU
youtube wRb7fFqvm8M
youtube JH5otcagKBw
youtube mcuV1FqRocM
youtube W04nQdqIIa8
youtube M4Cb8Zzv7a4
youtube hstgihb77NA
youtube C2XfC-_eZlI
youtube GrV6ziWL6Sg
youtube y7c8YMgt73E
youtube h8jr7is3jHo
youtube mMKP9P17aEw
youtube --0T-Jci12E
youtube C6Khrbt9W_Q
youtube odGSSrbwGgk
youtube nr38y6nTuUI
youtube PhvZp1431-g
youtube WFdb2dYaSOo
youtube NHzGB9ALnH0
youtube llJrxBHHUuk
youtube y1ZrKGS50YQ
youtube oAKGHIVkZEM
youtube x-TX908L1q0
youtube CAPfkqZWmpU
youtube Es9cWF5giSg
youtube W4dKRkGuwO4
youtube sJ52SqvsOpE
