youtube Xyx8dpKm3HM
youtube lQns3-z4-z4
youtube mYmoK_ybzJU
youtube MXAHvteFN-E
youtube mQigoHzA9Gs
youtube Teouf1BgKNA
youtube AFSq-f_pIFo
youtube yk7bTNGQA8A
youtube WNz_yXJym2o
youtube LfM_YVjFhKM
youtube DAnPwC_fXt4
youtube YHGKVDYrEq8
youtube 83NSBjmoIpY
youtube jmwNcBigMY0
youtube QTjZJW6D3s8
youtube m9CiIPEfn2Q
youtube df2jJvzIiYM
youtube JiGzdlftgPc
youtube a9pJUjyeYpM
youtube A7N7AfgIuFo
youtube bWlS1L3qQ34
youtube jr_WgvTHjGY
youtube b8nip08188I
youtube Qd6K62oVJE8
youtube sc0sUFzM8UA
youtube NzhCXGQbE0Q
youtube e_dO4_B8nUY
youtube Rwhtk4_bsVI
youtube k8zj15sbzOs
youtube s0STEA4rdb8
youtube V7ix-9GQDOw
youtube 7Hdmyzy8hhU
youtube DV2KLZPhJgo
youtube yVMUNiU3Rvo
youtube iFN-jZpe4_I
youtube s8o1uQpy8w0
youtube UhZ-rwWY9vk
youtube Q8ZcR0C0TrY
youtube gH4yVGVOwh0
youtube L-9O446oxCc
youtube MbirSysF8PA
youtube GqLZvEmC6i4
youtube m99CWYdnWrE
youtube m-hp0NSJTQg
youtube Hr0rXzxf_Ds
youtube Dm5OGmk37tY
youtube u_id7kDGC3k
youtube KlS1w3795Fw
youtube 973yxwqAMIE
youtube 5Pj9S3X6FxM
youtube Pc16NAf8gdQ
youtube JRrEM_Q6Jec
youtube okn0flfKvb4
youtube xn_8Fzu_1_U
youtube -h97PoGus5k
youtube anTh8TnELqs
youtube xHprR8Szmgw
youtube NmnSdr79AAI
youtube PrckzDT4dRc
youtube vCcmOA7Y3UY
youtube oToLl3i1nsM
youtube rGNOrcTJ478
youtube Ao1Ty7h1oAY
youtube GwKoxnIvZJI
youtube 0cwldWPr-Og
youtube KrwK8GYmCas
youtube KyhS0ZVIvDc
youtube kvfpmpLV-8k
youtube TZNHyykumMw
youtube _o5pTmJMDR0
youtube F8nzODr0Fp0
youtube ivUPlxsX8bo
youtube ZEi2ljSXhdA
youtube qZc0oWjA3Ho
youtube iJQE-FwxS80
youtube 59yjPyVdbAU
youtube RcbfmOwMvHo
youtube Dh48QSfhxyE
youtube lHrePMwmksc
youtube SxGFtO0ATAI
youtube vFml02ot0xU
youtube TLxnjD15KUA
youtube Ko33p8kxCuk
youtube CeIx9VoKV24
youtube -7lH4yioUF0
youtube gGFEWHA9WIQ
youtube F3aBqkoDADg
youtube luCSTkIW0o0
youtube DBiMr8gZXPU
youtube 438tLX6jgbY
youtube WIm0p_nrWLk
youtube 6GGChu3bJGo
youtube 9gr08lJdMRg
youtube EZCiq9yi_d8
youtube 6oT79hAtiq4
youtube J_xFeQJJcPc
youtube -X5TbOvwh-Y
youtube dbQ2DRDLogQ
youtube MTtxXhCJTX8
youtube RGyIzkIDPDk
youtube VMsNFAEBAzs
youtube 5_CqF1yiNO0
youtube qxQwMKby35g
youtube DfPMn7oeswE
youtube 7OPuxLRuNug
youtube EXEAmr2FIS4
youtube vZo49buICs8
youtube hK0Hs4JFIiM
youtube VzHXHbUFr18
youtube Aa47MF2lI28
youtube QpbqurvfOzY
youtube YVcYSx2rJQQ
youtube HrZ6-k4FS4I
youtube GZxsWGKN77U
youtube wbLUPZ-Rq4A
youtube l-YzXDNC5xw
youtube hFOTgaa6EMk
youtube RCoJkxKcCL4
youtube fil4jqecnVY
youtube tyLWkOMo2MU
