youtube VzHXHbUFr18
youtube HrZ6-k4FS4I
youtube vZo49buICs8
youtube qxQwMKby35g
youtube 7OPuxLRuNug
youtube DBiMr8gZXPU
youtube 438tLX6jgbY
youtube Aa47MF2lI28
youtube luCSTkIW0o0
youtube F3aBqkoDADg
youtube hK0Hs4JFIiM
youtube VMsNFAEBAzs
youtube 5_CqF1yiNO0
youtube MTtxXhCJTX8
youtube DfPMn7oeswE
youtube EXEAmr2FIS4
youtube dbQ2DRDLogQ
youtube RGyIzkIDPDk
youtube RCoJkxKcCL4
youtube QpbqurvfOzY
youtube GZxsWGKN77U
youtube 9gr08lJdMRg
youtube EZCiq9yi_d8
youtube 6GGChu3bJGo
youtube 6oT79hAtiq4
youtube J_xFeQJJcPc
youtube WIm0p_nrWLk
youtube YVcYSx2rJQQ
youtube tyLWkOMo2MU
youtube fil4jqecnVY
youtube hFOTgaa6EMk
youtube wbLUPZ-Rq4A
youtube gGFEWHA9WIQ
youtube gGFEWHA9WIQ
youtube l-YzXDNC5xw
