youtube _BSf8VRIvcE
youtube 64XMgAyPC5g
youtube unzIEkbDLgA
youtube sTbsFf_SGkE
youtube 7WBEBd6DLvo
youtube _O8q7mmz9yk
youtube HSo4GjmVSLk
youtube mzJepVvXYEY
youtube 47Ddacub-08
youtube HtF8Qqg2Uz8
youtube NK3pX8isEiY
youtube 4zOBDeEMoYg
youtube _TPZIVRPwic
youtube WehlBtAeOcs
youtube _NNQBpy_B2s
youtube -Ihxd2jf9_U
youtube UIc5PAXzYxU
youtube jHWPbRnymqM
youtube pxE73yV8f0M
youtube qiVGBaCQIvI
youtube RYuJX0r02nE
youtube YHCLCvmwoxk
youtube 8CySPSVR8jU
youtube GuYI_X_rVGA
youtube RjaMJQ5jLcE
youtube DdaSbqN-fHw
youtube FwWOxbQwXzs
youtube WDok92h4ems
youtube n0Ue6kEgp1U
youtube IH_OEhZrjYY
youtube -gNet5WSUKo
youtube 1Q4nn8h3PN8
youtube 0PEHYJjmPIQ
youtube guWPEqFhV-k
youtube uC1NttgaqPA
youtube iQ0ODWj7SLk
youtube HybvKt6k5Ts
youtube kVr4jyOaWj8
youtube ylnlyeUoook
youtube psbvUJUHYys
youtube 4I2kqqjhC10
youtube NHtI_r0ImIU
youtube eVqvKJo9dVA
youtube a6qnT6mIJs4
youtube 7JdGcvpHYtU
youtube pIYQOIu9HLk
youtube 3ZPjjL2uwdE
youtube ae6XrHq7Oc0
youtube 36mfDmild9E
youtube QkgFSE4W4uU
youtube 5PsC_ThFY6k
youtube 867SrS96CPE
youtube M4FmuXvsfR8
youtube J3Ugk_IVEUQ
youtube zclTO7Lpm28
youtube OQeVxsyh-sg
youtube SYMZaksTcS4
youtube AaQK-wZ69rA
youtube 6GKxms39ioc
youtube c3Jrvlia3_o
youtube vJYhfLJYhFU
youtube rq5F3ntfBJw
youtube RU8uplLmWgM
youtube I2ZV1EfR4WU
youtube oKt2J5Q70KE
youtube tCmhKQD4pmQ
youtube sggVBfgDkqo
youtube yST3z7bUdyU
youtube vnAAZ2H0bsA
youtube DK9LQuoFh-U
youtube fm_sNntm_28
youtube LgQO9vLMC5s
youtube lI1llR1kS_w
youtube VZe_WbfTqVg
youtube httVl6LUtqU
youtube lewdAW1Pbh0
youtube 5HyAqSw1aU8
youtube 1oG2rCGoT9k
youtube WJBmLqGuGKU
youtube rE3GPfg1OEU
youtube XFRVttHQTt0
youtube ukGhR6QcjS0
youtube ET3POdCv9_c
youtube uXJItv87UlY
youtube 53k_QqrPpKI
youtube mkkcTnWY5wI
youtube KJnflzqs9Xs
youtube klvK26IGp_0
youtube dd3KCP0aTc0
youtube xLkpRNJ_pXY
youtube qUC3AC2Vpeo
youtube VVxI_7SjKBo
youtube 0ZEfhQSwJvE
youtube jEKmGZ-3wsc
youtube 6nIiGLyHxw0
youtube bqwTGMBF0zQ
youtube 1wyH2z-xsZg
youtube XRklRTpQqJ4
youtube GuwhWqOLDAc
youtube 2hmFhu6z79o
youtube EDhv-Xr_GYY
youtube 7rq_Fpgacuw
youtube MMWGwf7xNOU
youtube 4ljUozItDj0
youtube QGv-38p7E7Y
youtube 5tlzBBpOmEA
youtube DhlSKz1DQnA
youtube SceMKYOqIuk
youtube kAul8zx1B68
youtube f2Cij4nj604
youtube CUWZhP_WhsY
youtube Ue4uYXkaN4I
youtube -FDoODDOa_A
youtube ezAKE4o8FNE
youtube 8T5lCSupZaA
youtube RDiTQb3sfCs
youtube ySLQxGArQkI
youtube 9CuGepC2jOQ
youtube SGYdtETqbyc
youtube vYNYS-ifE3k
youtube 3YSEh5GH6yE
youtube 23sJc08AdOg
youtube 7lav9uM5WZk
youtube vXYMOhU6wro
youtube bQHdplHrvpc
youtube ejZrBkJXmHU
youtube ubWN6_NdTj0
youtube jHRSC_igc-8
youtube nFK1UwkAYUI
youtube 9n9BbMRCSiI
youtube fMmD7Kfec7Y
youtube xPCxgzAVUkI
youtube N51N6j8Rfd0
youtube Y-DcPXV1aug
youtube 3h5UMWOuOWE
youtube KTPyzlnzsaA
youtube HkPFFuuQN5A
youtube JsuDmR_9_u4
youtube gFJC0hmP7v8
youtube cMmtCSoEEX4
youtube naoxBvKWsak
youtube O5U_wSeYRFU
youtube g61LbQK73ec
youtube nbrzfpdZurk
youtube oq84hUza8_s
youtube iI-SRO1WekI
youtube -IKngA56pno
youtube kBHJU2BdU00
youtube k5ciJ2WSY-U
youtube cyv31vR31OE
youtube 98X3vrcv5zU
youtube O9mqWcUmZGQ
youtube Dx6A4JCDkik
youtube GKnbpNj76Ns
youtube ouehIyRsox0
youtube 16XrO2FPrag
youtube w6ttT8TBp7E
youtube ZQh3-hE4mog
youtube OdH1Rhfv9GQ
youtube 4VfaOOzMdLw
youtube q-tqQQDMdck
youtube QqxdmB2tt8g
youtube tlmC9CQH_LQ
youtube 9BRMvR-hKUw
youtube M43LtIL6jmk
youtube 7Mq5lITG-xw
youtube khjXY7eQY3s
youtube MyMR5d3n7i4
youtube amPQGQ2jsgo
youtube 5B-zj6odK8w
youtube 82GrTX0ONwU
youtube 1FNCYVj-qPw
youtube w9mahl32ZC8
youtube 0KULdjFj05U
youtube 09wi0wvdx6E
