youtube _BSf8VRIvcE
youtube naoxBvKWsak
youtube F2SwfjFn0eQ
youtube bts1uaDXYXU
youtube -FDoODDOa_A
youtube ubWN6_NdTj0
youtube q20arWB_4O0
youtube n0Ue6kEgp1U
youtube vnAAZ2H0bsA
youtube rq5F3ntfBJw
youtube 0PEHYJjmPIQ
youtube 56MR_cr3t44
youtube O9mqWcUmZGQ
youtube _S8sdXaw2Uw
youtube xLkpRNJ_pXY
youtube _TPZIVRPwic
youtube 4I2kqqjhC10
youtube O5U_wSeYRFU
youtube OQeVxsyh-sg
youtube HtF8Qqg2Uz8
youtube QEHrUuGEZkA
youtube vXYMOhU6wro
youtube _O8q7mmz9yk
youtube -Ihxd2jf9_U
youtube -oHaI3S6EhU
youtube RYuJX0r02nE
youtube Y-DcPXV1aug
youtube 47Ddacub-08
youtube httVl6LUtqU
youtube 98X3vrcv5zU
youtube ukGhR6QcjS0
youtube VVxI_7SjKBo
