youtube Wv8jVyRzw-8
youtube yYmkFf3AEBo
youtube 2IVpPP-IhKM
youtube GCz2tG2vYTA
youtube pVCN1us0WKM
youtube YgVG3Tzt2xo
youtube KA8dmSp9s1g
youtube X_GRQ956bx4
youtube 3njQ7R9-Zyk
youtube 9OufLz3zgIs
youtube DCCjPl1OF5A
youtube btQPhWZe6kc
youtube rppEvNuWLNA
youtube B_7RGl9fZMI
youtube 7T60uFzVlRE
youtube TGm1kLNCsKg
youtube kCbths-uQfE
youtube o-p--kf93rc
youtube IndOdEdI3X0
youtube AY1ncsMAQtM
youtube yzzVBZB8c2M
youtube wQaQP4v-XGw
youtube a9qJZuttu6E
youtube ef1gfa9unrM
youtube LxN0X6K4lV8
youtube SEpXXrFez1w
youtube ccXUF47Kh68
youtube Vfcu3oZ1eUg
youtube sQBXhEnr0vM
youtube 5kNHyc9WN1s
youtube OiZBVLEkxFs
youtube -TNaVowZBNM
youtube ZwsHbAtW-CM
youtube 9QbG5lnLBh8
youtube 9-ip6iZiCdM
youtube s40UPXqTYHg
youtube 0NHZCEqiGJU
youtube OwugMX3xN-E
youtube Wq1Xromnzck
youtube E5jQF3-M4hw
youtube wEK7Z9FaB5Q
youtube x3JtVJZqIyA
youtube bFVjguCkyOE
youtube LhwMfCjQn0M
youtube 3lBA-Nkz5Mo
youtube mJzxMXqP51c
youtube w5FFNPGj4s8
youtube sWsrXx5h8ZU
youtube YZPJpDJ5ZS0
youtube dV-mrfFxKcw
youtube ZJLkaJkc3Jw
youtube 7lbaNpUBzLI
youtube lXZ8NzzTe84
youtube o0-5H2ajSlY
youtube 0r1k4m08vSs
youtube wky65Nqd0WE
youtube vEGYas4xT9M
youtube nlk3nMHy188
youtube TSFh6oFMHnE
youtube EEv7Q2sM9qs
youtube tYK-EalxTg0
youtube G6T5qD3hpBQ
youtube fjl_T-GgLAc
youtube Y0vmDE5w4Jw
youtube dmaJYWlZND4
youtube o7piWdt0FfQ
youtube vmyEzQXrKn4
youtube RK7ARQ6GGdw
youtube Vzf5szU4vuc
youtube fhaz9bJ1pCE
youtube AXJp_fBgTXY
youtube Hc000f75bu4
youtube wTjJ4I45HuI
youtube fETB-lPosHU
youtube 4nC-cwOtaOw
youtube kKhXBqu2ISc
youtube wiSMaQyIrts
youtube lvTzZwTuaF8
youtube KyE66V3hoRg
youtube wIud3l2YFw0
youtube g9eBR5knBAA
youtube G9nLp-XUy6Q
youtube 70pbCIjmEQY
youtube c8MyQaX9WWM
youtube 7vutgGuEs2I
youtube 7rRlpTYFaTk
youtube p4tv9N_8Mlc
youtube vQ_jbsVv8aI
youtube IOecJlnl9gc
youtube NB16YFD4rXI
youtube 8F5WjUaqAnM
youtube Oi6JZuuuiwY
youtube 5h4sOFB35Q4
youtube YGwWOYPpTao
youtube 2qodUYxhqMs
youtube mTgZ4lDpcR0
youtube eouf1iTUD7k
youtube JgMXv0Bf1P0
youtube r-T1NMSTb8M
youtube DHYPiVuXQFY
youtube HnR9U5MYxRk
youtube 2WNlmaxXLs4
youtube dSy1-VRk3CA
youtube gaDyRxjNRgc
youtube 98PEHpLFVHM
youtube yshVYzIpjmo
youtube Zwm9qUfH8hU
youtube xnlm8002BFc
youtube bgwSFjKT3FE
youtube PpST4fJJ5Ww
youtube Se57XRe3fjM
youtube LX4gnvIqgBA
youtube ldzux-snv64
youtube 72KTxTnoFxE
youtube oCe-jF17Eqg
youtube SZktyOzPZgQ
youtube OA5Y6_rhVlY
youtube ZJj-uaSjA7w
youtube 0PzFzZmwRu0
youtube 5WofCrGipd4
youtube SBnWnMYCDVY
youtube CNReIOjlxsE
youtube nP0QfrdRzxQ
youtube FqSlNBrArMo
youtube U9fZVBmFP3I
youtube wXCulKe0rbc
youtube Qwbh59uEY0A
youtube Kf2lrBmXDiY
youtube 0Ezu1jgOSQA
youtube UMdrzVmFo4w
youtube eixN-cdAJiw
youtube 1E4PoBE61rc
youtube OjjMIrBKxyo
youtube IF7bUgDCYMM
youtube O4H_5BKa_gY
youtube FYiuLMA7G_I
youtube DnsCBJ7RoaA
youtube PbUwr7tciwk
youtube sM2PfFH45w4
youtube SuA_6qawu4k
youtube V8SkIDMFXoc
youtube voFUVBzimbA
youtube UY6rX9jpevY
youtube clDltZx6LR8
youtube uqL7TPpd2VQ
youtube 59X7h0x-OlY
youtube M-0_m15sDNk
youtube iHJwXUYn-bQ
youtube CQLGx6gNZaY
youtube OyOJcisJ2jc
youtube 0XtJORYgn1g
youtube QXmVe3OBLOo
youtube SwuqNIJIb_o
youtube cKFKIB-L9Iw
youtube -93IpJWPvLM
youtube dVcvIMETgks
youtube FA1aOG6EmN4
youtube Bs_zqMWFUp8
youtube 4xKWn3Xh4co
youtube VcDN58ENUZ8
youtube DHSZUfcVI7s
youtube najc0edRNcQ
youtube LjxJripmYLQ
youtube -c66Eh-wzEw
youtube VnUNmGq7Jb0
youtube qOADme0oB0k
youtube gL7YHPnFMak
youtube XA4ho0ueKJE
youtube G-8mB9mu8Sk
youtube DwjTAvn0Ymo
youtube HSP4ngPK84I
youtube mEsOdbwVe4c
youtube CveHFcXM_QE
youtube vy1nMAH_TOI
youtube pJCV_ui0orQ
youtube Qw9Rq1Bka3g
youtube f5IfBJdj_Xk
youtube j-r2NWqZRCk
youtube Kv30-iIpVY8
youtube n22qPG-WEb8
youtube JnhY46vQrAU
youtube LHitd_GTC-w
youtube GoDUpZZ-k1U
youtube 3mwLN8zhiVI
youtube _gy4qzyZf_o
youtube frGm35NZfiw
youtube s1otGVxoOko
youtube 5hjn4R6ZuCk
youtube B-DCzsOXPBc
youtube IsGILbvkS6M
youtube BhbfkmSu5bY
youtube Wc14uS5H45c
youtube rqz5MeQSW9o
youtube g5FjkDt51NQ
youtube FEPjAcW6ymU
youtube bWrGdNlVYTQ
youtube yKIVVL_H6CI
youtube Mv54A2ktLpo
youtube kT55Z5vlEac
youtube Yn_oIA5yG2k
youtube 6Jnmbn7llyg
youtube 22jsvX91bu4
youtube qmIyMuHqFeI
youtube W-kzgBwhqxk
youtube Sv0ZV05N5oI
youtube HvuqJLe-QEQ
youtube -DCXah2PSR4
youtube 5BcVGp6OZd4
youtube 86vy-Y0p4e0
youtube BzXyCXlhx2Q
youtube iVT42sugFrs
youtube rJENkL8DD08
youtube w-073vF9dXA
youtube 1omyJXYqsiI
youtube 7U7SjIy09Dk
youtube lVWXaYtz2ec
youtube wxXamKDNeJs
youtube t2Rfgy5JcXY
youtube B6Qzb0Jww9s
youtube zE3NCf6Ryik
youtube esBiKyHkSKI
youtube 4qczcS1wyMI
youtube 3GtdEZn0VBg
youtube 4TY4eIB7tiw
youtube F6ZuxVoSVDM
youtube Bh9jwwZoDTE
youtube A9yY-XMa-LY
youtube fl1vuG_vmkQ
youtube AJsScnrXa7Y
youtube R5T9NidjjDE
youtube DC9JDpzetHs
youtube fVl_R0g4WxU
youtube odRobSWzMmk
youtube dyVa5aicvxU
youtube C4Xo79dCoLs
youtube aib4Uif2dKE
youtube cUkpxZ6AvZA
youtube xXRXVI-jVaA
youtube 7ngrdrImTEM
