youtube xTohKpCdKo8
youtube Ks5fzRhkDLo
youtube UMdrzVmFo4w
youtube h7q-SGr2wvE
youtube qJQGSX24G-A
youtube OWj2pk_I-rI
youtube fazA27x0oyE
youtube -SBFJF09_7A
youtube sGl5o_IklYA
youtube cHmdO2ncl98
youtube fJsvCQGwxtw
youtube vdoUWkwk9QU
youtube t_IctsCuEsA
youtube iAKIIoaFtGQ
youtube Meyiiht5WxE
youtube wa05FjLH1Tw
youtube Z2SgoN1xxBw
youtube WLkEyxiLHIg
youtube Vh-ZE01aPdE
youtube ha1rYmW2xxg
youtube mx3nyYnS_-w
youtube BZr8xRjyHxk
youtube ou60nrNfMHc
youtube pu9MtwV99EY
youtube fxkGSBScEN0
youtube L89vlLt01c0
youtube rhE1ntlQsjk
youtube L-61p4Ra65A
youtube 20WAID-963Q
youtube BcLyy6xoZjM
youtube Y3qtLQyT8DM
youtube FNw26XA9kHc
youtube uXcYOp9fJvw
youtube 2YKxDjWR8VQ
youtube tvWazuPQfYE
youtube ePVvfdoyjbs
youtube _JYk624Xkdk
youtube XcztWztGjZA
youtube -QTZVWnx6i4
youtube VX17hr1Esv8
youtube YaqJSWbvsOY
youtube -93IpJWPvLM
youtube 2LOyNqRmwZs
youtube ScKlF0ICVYA
youtube 2ADnLD5Frh8
youtube 3ljYwiVt1CA
youtube H1ny3o6xlTE
youtube BSzjrlotRA4
youtube CMlpFuGBruE
youtube DKeqt9_rdUE
youtube Gm9Dsa-27DE
youtube BvjlkHMuhVU
youtube Lpfn6GnVMAI
youtube wkdw66k-1Dg
youtube syNGgogf8W0
youtube xIbWRx0DF1k
