youtube moFOUPnWEvo
youtube VTb5XZvSIJc
youtube WX8b4cyS3ac
youtube z8iqseLQupo
youtube SUvbRpZZDq4
youtube m5N825A7pJA
youtube M39ncPFIvRg
youtube mpTpC7wJbc0
youtube 4TwQi2MowAc
youtube uQ0XteuY-08
youtube -JQsx2Eaeo0
youtube QbbDk0wFlOU
youtube T9c5kYs-w7w
youtube tAJZpIKVa5s
youtube IN7jzeBvDXM
youtube 9GA-kwVxlAs
youtube HoEa6rJKEA0
youtube 6DLLJ-n3C0s
youtube Qg7S3k8s1ew
youtube tQbtvAxPcgc
youtube xqz808j0GKw
youtube B-vFSqXLsBE
youtube 7XqjGEeofec
youtube pTC6Wn4oUEQ
youtube RIb0CCtvD8k
youtube 9uZMNW2pTz8
youtube b36IWkL7E30
youtube utLOh1VuPI8
youtube esshC8fVS3Y
youtube fJzLVguL6Ww
youtube nm3yfNbs5DY
youtube gRebeJLNzvs
youtube uLdNdzGxSVg
youtube CW71feRlaCc
youtube QCUswTdxXDY
youtube 6CrXlSaIbAI
youtube 4-uaqWJGRgE
youtube FEUpFc0jZsc
youtube i57Qc4rP4wg
youtube KGD4Tx5EcMw
youtube jcMU5IBl-_c
youtube XfNWHvudw8Q
youtube 9pAQwj52xWM
youtube ZMB70xIEzMY
youtube _Wjc8Gs6FiQ
youtube knh__ssQWHw
youtube mt4xea5Kctw
youtube 0YR90Uq7lLc
youtube xcFBQJz4nzU
youtube vUfeD7R0Cr8
youtube QvnCG2ytBhg
youtube q-CDrAW7vJk
youtube Vd5GTTybtnI
youtube G6GXQ1p8isc
youtube HBhRNkerHHk
youtube 9Q0pRL0LkL0
youtube KdEiALVe9bM
youtube fFZrDWsgf5Y
youtube xsWxUHtKfYU
youtube aizEOPLv2hM
youtube ldxk2fXbjL0
youtube t7MSHu3QvuI
youtube 43pLeptp82Y
youtube vzAeb7MyxIc
youtube _qnpGJF0ayU
youtube ZexqXLPXS64
youtube scwpM9I0TLY
youtube pIXjyvY4Zjo
youtube SOK6nfafn0A
youtube C3Po4kkrpvE
youtube weU3KmEh1JQ
youtube XbURjUDxbUg
youtube iwFa5dqQ2Ro
youtube 0VtQ18JynO8
youtube tA9diZSUr7I
youtube qhS5K_rHCIE
youtube wdlKQLiEm5o
youtube _lgdO1b8UKQ
youtube Zx3eo-xzXM8
youtube 2VqKfd3cN70
youtube 28F4-VZb2s8
youtube KEWxJC1YTtg
youtube vR4zMOnFJV8
youtube pLVYfuPIfMk
youtube dgiiRhsgQ10
youtube eohuhhynttI
youtube 7XMqZc3WZz8
youtube V7nzz3R5sP8
youtube mwAIrMI1Wx0
youtube 0X20KLPvUEw
youtube vNMg32bPdak
youtube 0t3yMNp5D5U
youtube EdjbMwtWcc4
youtube cufEkv55Skc
youtube crFkSXUGCls
youtube YlfD1QwOsLY
youtube an7_OOk9e8I
youtube WBs7EyLjSeg
youtube 0GXqoTzMEs8
youtube UPpGNFtYa9g
youtube gGGCtORWDY4
youtube p7duAhIPsFo
youtube iyku0mrP3-k
youtube 0vjm93vKnAo
youtube nb5elBMEeCA
youtube xbxiuy0ko1U
youtube uKwWzd8zXYU
youtube j41HoIJFUqQ
youtube 8chxDXbhKEM
youtube TSKboqhvCWk
youtube kt_JEF0gyFo
youtube 1qN24vlhY3w
youtube rpZjLrS6apo
youtube mLntQ-sKifc
youtube AppIqSRaB-o
youtube 07oy1AYBp78
youtube zDYDm3rP6J4
youtube NJpGA0ZEc7g
youtube Gw5o-mnrj6E
youtube QYCdOYaBSFs
youtube dBAYZacRzv0
youtube ZuzYVaMRW3I
youtube 7zv2aXsvWPY
youtube PSnPmXjtLDA
youtube FpmRMVvmRs8
youtube DKd8346oEio
youtube Rer9g8kd4IY
youtube w6aHuTzJSaE
youtube 5o6jsccTsEQ
youtube tgJcZp7pxRc
youtube KyQxLghbeec
youtube PwvL6eRxK2Y
youtube jU3SMH98bYA
youtube vu5MN21SYjg
youtube 58IxXo2XjFQ
youtube JISHVm9O-Qc
youtube 3fJHnKU81yk
youtube 7Cw69aq3Gno
youtube XWCsVf3_Vt4
youtube S1EsVUZh4NM
youtube _t-xPxE1C2g
youtube d5X5Yp8X4As
youtube 6Ht6OtE0M2s
youtube SQ2hBEQQv0g
youtube K1DGi0aZCgU
youtube K-yTrFDHpbw
youtube klpRL0cm3E4
youtube ehGFt59KU9U
youtube 3wYQ5ZnAN2o
youtube oEJ2r953hWk
youtube _D7li3CuYPw
youtube rXaRDEk4uME
youtube dnk8K6gJ194
youtube P-OKcpzpq6o
youtube dUlrlereR20
youtube 9hWBOVesZQA
youtube R0x3M9bK1bg
youtube SGvYHxaFrSU
youtube MCZylw7jvXE
youtube Vi4GROgDzxk
youtube Pi2h1SPmTdw
youtube _N5iDCBqFbY
youtube vceg_FStHPQ
youtube SUh8HSnmvIU
youtube npuI7TxLdFQ
youtube QEas_HgN-Vo
youtube pFnQIQkzVoE
youtube iDVe7enu0EA
youtube HMyV4PcHjzs
youtube _2yU3dWzGd8
youtube ZJtCPRdKpZo
youtube Ow-7OUik5I8
youtube 3HuxpPSLI10
youtube cXmr_UcCI-g
youtube Im9kbZxb81g
youtube xrAmlIf-F3I
youtube 9rhrRrEfdPg
youtube Ld0_MARLstE
youtube C_-R1G1fKCk
youtube SV4_KRMzd6s
youtube NjIyZaVkg7I
youtube IMpSxuquKes
youtube 60_JpabZrxI
youtube Z63QPKzUDXo
youtube VLAfZvymDns
youtube 1TYl3jhfEDA
youtube vIAIl0H_no0
youtube IOcvL-G7dXc
youtube 9qwtsx1lBYc
youtube MWJ_sGar7PQ
youtube Pchm0X4nsWc
youtube qkdO6J_ovbU
youtube QKTH-Zx8mig
youtube PB1aINcj5dY
youtube E1Cdpliash8
youtube fsECnO_TX0s
youtube YxBnvjibIu8
youtube N-bcACgyWsQ
youtube JvLyllH7uRg
youtube MYbFnk9mEZo
youtube j98xVOKU__0
youtube nIgsDRjJaAM
youtube -srfQhDFRx0
youtube GR3DMz0DBPY
youtube -smCv1IZgb8
youtube r7Omo1sFNAA
youtube PB_Li3qWcSA
youtube b-kW6d38CZE
youtube bEeQcsLslUs
youtube DCYO-DZSBJY
youtube _xyEawi3f3k
youtube 6B2buBTg1pg
youtube qgVlfX3lIXo
youtube rDQ19RrOrpI
youtube AvybFug520A
youtube c1hQbCoO4Qs
youtube eiTF6NfF77U
youtube IDzh6ukssys
youtube Yd5W4w3pGN8
youtube M1r9xnr9XSI
youtube Vr5pEg0-qkQ
youtube 2iD71AhLDQM
youtube 1IdYhAAJg7k
youtube 3phwIJStlsA
youtube aOf7F326sd0
youtube WvwO0lq0MKc
youtube 0-0iAteDWa4
youtube z6axzglSYMw
youtube 5ydb9gfoRoQ
youtube 6Fn6bl5Zq1k
youtube 3QpqlyrFF2s
youtube TDyyglctR98
youtube UHzjC-GaqAM
youtube FMfnrG5AU-o
youtube KXKnPogr4H4
youtube ENlQHOchL9I
youtube yxeI5iQr41I
youtube VcWzfiedhFw
youtube _5gA143b8aQ
youtube B_0jQUVC-Fw
youtube DtZWr5_ngpg
youtube lYhOfzSGUmo
youtube fqYoiZH7OPU
youtube tI9RvaUONHI
youtube ZmXFAN2-AVI
youtube WPWJJsEnYEM
youtube ofyOrxWplyc
youtube hyZH4kO3TTs
youtube DfNEpnNgrbY
youtube T5gSuIP618g
youtube 7guS5DH4l7w
youtube qk8JdGhaXvk
youtube f2ZHGXfc1Yg
youtube pNzx6syg9hY
youtube x17gPw9LSSA
youtube 9fjlL2DrOwg
youtube F4iyIpEEp6k
youtube BYW_GSnctLs
youtube usf7zgcppWQ
youtube ocsOiR_zlHc
youtube TY5V9PokF1U
youtube MPd6V-PKAds
youtube uriXIjs5U18
youtube prJAuwM-FGI
youtube k0Nr1Yh_P10
youtube WHMdJ1wkdmU
youtube tNU_eBnGQik
youtube r7AEvVXCMZk
youtube K61RH8Ga4M8
youtube cU6SbAo278g
youtube zJT0LvxPbqw
youtube 6WeDzjOVIec
youtube o7ovykDPsW8
youtube VONMDApek_E
youtube 75e4_p7DA_Q
youtube eO5IjAxw4OQ
youtube VX_c_LauFyc
youtube DZIWSDllbvI
youtube 3CTEDxmAjWQ
youtube b8I8bZUrWLQ
youtube 93xuP93UOng
youtube H0slHjNil8s
youtube pqufvx3x5F0
youtube bvYmU8v0dMU
youtube owrrW8RthEc
youtube Ace46EuorrM
youtube K0DQJz-wi8Q
youtube tTkUFSe9yHw
youtube JDI_cW1OVr8
youtube JcbbLrDZozk
youtube 8TssV2B6KIQ
youtube DL3pP7FsRGE
youtube pVb5VK0SYvI
youtube 9a5Acodcal0
youtube n3zYAL3IoMM
youtube oyW5goh8MOY
youtube NGx4etRtlmo
youtube _5uDzrZfVcA
youtube FyF21HsjOfk
youtube GRt8BZenNpE
youtube PS66UhcQiBA
youtube Typ8wo5psl8
youtube 110BVdZilX8
youtube 2b-FsX1Khyo
youtube XL5tYSQiSpE
youtube xn0Fc4DATZE
youtube BYTnMkwTRQY
youtube hDnI0bIITb4
youtube J6hGB5lRdTk
youtube 60KakCMrbPw
youtube hRMEZZBSTHk
youtube vyOgqtgl9aA
youtube CtxplfmQWMI
youtube MLrLv_e5EmY
youtube 6p1TJ-a3EhI
youtube e66kZ2Shkpo
youtube GhfMd_z3gNA
youtube vOn8htRDYSU
youtube JmyfI8P6CNw
youtube 2cAwOh12J8U
youtube DgBBIY_FdVM
youtube bXZbTHmqp58
youtube 1CV6Gs_oZOI
youtube 0xXqrWOgkNA
youtube aMD9HZ7MGH8
youtube D6okATXVq9w
youtube _e9N1oVS1Ow
youtube PNL3Gy5u2gE
youtube I-tXwWo8g8M
youtube ML4lhuk1NHY
youtube bglYTt9peU8
youtube QdREYAzU9z8
youtube jegqyiF9iFI
youtube jCKO7Pya6S8
youtube ihX43KTcFcA
youtube PLso56gHHPk
youtube 1DuxVKO-rik
youtube 03jJHUQovp0
youtube TRRcP7634Lc
youtube vVK3Aia6u-4
youtube p5M7mSI75Ug
youtube QODQ6KKNkpk
youtube QkdpboVOy1c
youtube yZuawAxNd8Q
youtube dK6_4NwQLTA
youtube 4h8vxCuvHbI
youtube N12Z5bUUaPk
youtube TLW3UjfT_VA
youtube n26h8J9TrX8
youtube 3xtFfouvXUQ
youtube Rb7Lh75tGF0
youtube LQAzZjiv27c
youtube os00JDq_rKk
youtube yONRPRU15rM
youtube RFl7s2aQ_Fs
youtube E44d0DBqBYU
youtube DSZMIIXM8YU
youtube OKPq6XlTdWo
youtube 6XUhsjb0w2U
youtube xerBFgeWIKc
youtube MqgDbA4xX48
youtube q0cRV-_BfdI
youtube MjUR1LKiwQ8
youtube RJZ2dYhlyw4
youtube vXl-djeLjQY
youtube VvZzuPpDlq4
youtube C1b4bbj_z7o
youtube 53XfjJDHTR0
youtube _z6AxizN_Qw
youtube b_m10N1WJI0
youtube nAaJ2BWQk3s
youtube 72UNwavyDM8
youtube oUUppZUkWlw
youtube sLZkZf0mPeU
youtube rZcxF_Aa8yQ
youtube JK1ktLvO8pE
youtube 5MDYnsp6KnQ
youtube 81isNQ2FV-0
youtube lZtgVIOVPo0
youtube Yoy-PcLA6-E
youtube 8a6AoqkEAvo
youtube ughZRiO56-Y
youtube Z7x4q1--bYk
youtube ejQvQ4Eli3c
youtube 6lYgdAwVHjo
youtube IXsKFUezmUU
youtube p-dw-ncv480
youtube wsr22jrIN84
youtube RZTY6rJ1on0
youtube 4kjDmi4qgG4
youtube zLL6l15Mgt0
youtube t0iNnxpJVRg
youtube 2xFvRbrKFb8
youtube 4IddHdcvL1s
youtube FYjAXM2lriU
youtube s2liGAkqXNk
youtube vzx4nnODqNQ
youtube hB-ilJ1kkik
youtube l2I0p-4orb4
youtube qcczLcd8RmU
youtube 5HUVzrugiKo
youtube L_bT1ezpR6c
youtube kTzyoJA0UD0
youtube Oy1tT5hqylg
youtube dfjxVRi8Upc
youtube RuWw_7lp6ck
youtube L9OwupGegEU
youtube 2Earp6agI0w
youtube Jd37Dl2WOZg
youtube W1cwDMRAQfw
youtube 1zB59OYt8Zk
youtube 4VhY8Y7aySI
youtube xcL-oGPxgCg
youtube gc3kbDz83SM
youtube vUZhQT8kv7U
youtube 24Cc9qtPgVY
youtube YXh4Hr0Fl-c
youtube sGcUenlQ_9I
youtube 4H5K_2OBw6Q
youtube I1t8-QjiJ4U
youtube Al7K8ELBKI0
youtube 8BMNqQQ-0as
youtube au85O1-Sqw0
youtube AqYsbttfgaQ
youtube YZZAUsxfgX4
youtube jgeC3slsctk
youtube -OdXOlPeY9s
youtube eTS53x2vgf8
youtube Nmq1yU81ZyQ
youtube Hfsgf9KwHRg
youtube FWcCP8Dt2es
youtube zqhbZHvxYdE
youtube H17Dz1y9IUo
youtube THMBD3fLO9U
youtube H9nzWmAFfNI
youtube Cv93i0FHnNk
youtube 5yX6pakPFo0
youtube sIWPQzDfLZo
youtube zFr0egXs2eE
youtube GAvCFugqOYs
youtube o6wdh1KZeW0
youtube CU5o1wGnHsY
youtube xMGgU4zxDbo
youtube 4QScp6j-ZQk
youtube eEWKmAHLeUI
youtube tZ_paKhxi5Q
youtube ffa0s8NvaiU
youtube Kuuyv5d9A9Q
youtube yfBYSk1sAeQ
youtube A3aBHi14ctc
youtube YmLxfdEeyK8
youtube RUQBasyFMbM
youtube _uJNH__iGb0
youtube VElX39S8djU
youtube AYkkg3hAolg
youtube UJwmRWqZmME
youtube UGIAZFjQj2c
youtube JotJH-4-Pp8
youtube K6rub-1ihVY
youtube FE5wHSHe7ZI
youtube PwuhuCJfwOk
youtube lCuFNhTELH0
youtube j89lv-J4Ifg
youtube BCY9rMn6JDA
youtube AU6SRc7Uk_I
youtube JaYsfxgNfu0
youtube SuNIEMzVTc0
youtube pT_aG674jPA
youtube h6xX8PXf858
youtube neF3zEhtb_0
youtube GvDQMvQosuY
youtube cC8Ikxp7dfw
youtube LAiIdXBWwOA
youtube SkvejbfnIe4
youtube 78t3HqNwW3k
youtube AIhuNIw-GpQ
youtube vAfbudFaWFo
youtube 3229G1dNRJg
youtube 2tuZLd7AfPw
youtube imuBX3n-W6E
youtube l-VUUTWRQ8o
youtube EJvu6FjTLJg
youtube Brgmof_l560
youtube -m4btBfR9RI
youtube 6AlQbOIg0fk
youtube gsV61VR-amo
youtube X0hAKqxO_pQ
youtube DdHxCPTfFOQ
youtube xueJ0A1ptxk
youtube D5lirShSiI4
youtube PufBG0AASkY
youtube 6uPvscbckuQ
youtube zamLaz_6TsE
youtube f2Sq14aTvA8
youtube OC2imovOjOA
youtube zDFDQDmHyo4
youtube LUMUdtjuas0
youtube 5FEnO6UPgNk
youtube JHUElDhwLHo
youtube UY7cnZ5Fm1I
youtube JPo-R9WrVSU
youtube RbXtTKasIsA
youtube VD9fKkNccws
youtube UcKWPk5h-ns
youtube FivSFtyYkqs
youtube Kr9sfv0UbKM
youtube yzIJOYJz6hI
youtube UqAzUTW32oo
youtube NwW-3MYfg6Y
youtube 82tm9II5jk4
youtube DciBK8vTxBU
youtube xVaRgdJq5c0
youtube WU_2xUxG5X0
youtube dWB6eWQnXRQ
youtube Uohuyn1Mqh4
youtube gBzOcRXwTNc
youtube fc1edUgvsok
youtube 3PT_0YWjwjw
youtube 6_sZ29cmWZU
youtube UK-j6tIZguA
youtube ulCwQFuJe-I
youtube Jr86ZMkZ4DI
youtube nTgfrgB58Q0
youtube zCnDNfQvZ24
youtube GqK1_xnruhs
youtube qKvTI7rnXGE
youtube GlF3pzCOQnE
youtube cnct2Kf5Ibg
youtube lQ9FoEJHbQs
youtube p7ucPXjMkbQ
youtube 4z_Uao8LUhk
youtube 4PR0AoqtxJM
youtube ACGN9IU2ECE
youtube kmZYofa5HDQ
youtube 3RHowX0CjIk
youtube GjKKK1QmSMY
youtube euyEQd620UM
youtube gbAMahmqnPc
youtube V7AXLCfwzWE
youtube VF80LPv544g
youtube xUD2NG3R9D0
youtube 8j6o8KjL0NQ
youtube U_2jfCVsk-E
youtube CCoEYkVjfAg
youtube 249JEp_FVr0
youtube i8YgsiB27HQ
youtube mB21AMgsmCM
youtube raCGFslpRT4
youtube Mj9pcBduV8s
youtube d5NVgzePCqw
youtube VBXrtT14Gc4
youtube 12JxNC3scko
youtube M-Qu9cewPKo
youtube A9w7-ycXTUM
youtube z5Apv8737uE
youtube xjzN4dzsYxs
youtube KMf2jivFpxw
youtube 6uuy_MTyhSY
youtube HI5oWhV7SeE
youtube DzG0xrAokac
youtube 8Ff1YbSkjBo
youtube klamvPmuwtU
youtube 6CrzRcG_ZFk
youtube J91s1rl_s3I
youtube Be0S-2_Dwh8
youtube lwiDLaEVSfI
youtube FWla6aCml_Q
youtube 5lWof1JbSDk
youtube sYFTKidw95U
youtube UsL3c8eVll0
youtube 7QrO_xwDJuI
youtube 9N4WB8TlFn0
youtube Nok_Ex2HzAc
youtube vrJM1ey2zaU
youtube yMV4pXLRBk8
youtube bb31RzeCIB0
youtube X6pSqtgwyqA
youtube RGyjy7c3wF4
youtube OgKavGWfPvQ
youtube 1V3ZY_TXKwU
youtube NH1_GPnO2W4
youtube geUYF3iEI2g
