youtube lZtgVIOVPo0
youtube vXl-djeLjQY
youtube DSZMIIXM8YU
youtube 1zB59OYt8Zk
youtube 9hWBOVesZQA
youtube P-OKcpzpq6o
youtube dUlrlereR20
youtube dnk8K6gJ194
youtube R0x3M9bK1bg
youtube MCZylw7jvXE
youtube SUvbRpZZDq4
youtube vR4zMOnFJV8
youtube hRMEZZBSTHk
youtube YlfD1QwOsLY
youtube DKd8346oEio
youtube 6CrzRcG_ZFk
youtube fc1edUgvsok
youtube UK-j6tIZguA
youtube 6_sZ29cmWZU
youtube 3PT_0YWjwjw
youtube zqhbZHvxYdE
youtube j89lv-J4Ifg
youtube BCY9rMn6JDA
youtube 4h8vxCuvHbI
youtube dK6_4NwQLTA
youtube N12Z5bUUaPk
youtube TLW3UjfT_VA
youtube n26h8J9TrX8
youtube LQAzZjiv27c
youtube kmZYofa5HDQ
youtube 3RHowX0CjIk
youtube ACGN9IU2ECE
youtube au85O1-Sqw0
youtube 4PR0AoqtxJM
youtube JaYsfxgNfu0
youtube 7Cw69aq3Gno
youtube nIgsDRjJaAM
youtube j98xVOKU__0
youtube GR3DMz0DBPY
youtube -smCv1IZgb8
youtube PB_Li3qWcSA
youtube -srfQhDFRx0
youtube sYFTKidw95U
youtube GAvCFugqOYs
youtube l2I0p-4orb4
youtube YXh4Hr0Fl-c
youtube DzG0xrAokac
youtube UPpGNFtYa9g
youtube WX8b4cyS3ac
youtube z8iqseLQupo
youtube m5N825A7pJA
youtube mpTpC7wJbc0
youtube 4TwQi2MowAc
youtube RIb0CCtvD8k
youtube uLdNdzGxSVg
youtube gRebeJLNzvs
youtube QCUswTdxXDY
youtube 6CrXlSaIbAI
youtube 4-uaqWJGRgE
youtube mwAIrMI1Wx0
youtube nm3yfNbs5DY
youtube TSKboqhvCWk
youtube F4iyIpEEp6k
youtube f2ZHGXfc1Yg
youtube 7guS5DH4l7w
youtube T5gSuIP618g
youtube 93xuP93UOng
youtube zJT0LvxPbqw
youtube ocsOiR_zlHc
youtube MYbFnk9mEZo
youtube _2yU3dWzGd8
youtube SGvYHxaFrSU
youtube 8chxDXbhKEM
youtube fFZrDWsgf5Y
youtube xqz808j0GKw
youtube Typ8wo5psl8
youtube XL5tYSQiSpE
youtube PS66UhcQiBA
youtube BYTnMkwTRQY
youtube hDnI0bIITb4
youtube 110BVdZilX8
youtube THMBD3fLO9U
youtube CCoEYkVjfAg
youtube zLL6l15Mgt0
youtube gbAMahmqnPc
youtube nTgfrgB58Q0
youtube Jr86ZMkZ4DI
youtube GqK1_xnruhs
youtube zCnDNfQvZ24
youtube 8BMNqQQ-0as
youtube SuNIEMzVTc0
youtube pT_aG674jPA
youtube Rb7Lh75tGF0
youtube os00JDq_rKk
youtube xerBFgeWIKc
youtube MjUR1LKiwQ8
youtube 3xtFfouvXUQ
youtube fJzLVguL6Ww
youtube e66kZ2Shkpo
youtube vOn8htRDYSU
youtube JmyfI8P6CNw
youtube 1CV6Gs_oZOI
youtube 0xXqrWOgkNA
youtube aMD9HZ7MGH8
youtube raCGFslpRT4
youtube Cv93i0FHnNk
youtube Mj9pcBduV8s
youtube qcczLcd8RmU
youtube CtxplfmQWMI
youtube MLrLv_e5EmY
youtube 6p1TJ-a3EhI
youtube 2cAwOh12J8U
youtube UsL3c8eVll0
youtube o6wdh1KZeW0
youtube kTzyoJA0UD0
youtube 7QrO_xwDJuI
youtube QYCdOYaBSFs
youtube IDzh6ukssys
youtube M1r9xnr9XSI
youtube 2iD71AhLDQM
youtube 1IdYhAAJg7k
youtube 3phwIJStlsA
youtube Yd5W4w3pGN8
youtube WPWJJsEnYEM
youtube tI9RvaUONHI
youtube lYhOfzSGUmo
youtube fqYoiZH7OPU
youtube ofyOrxWplyc
youtube DfNEpnNgrbY
youtube EdjbMwtWcc4
youtube UY7cnZ5Fm1I
youtube 5FEnO6UPgNk
youtube JHUElDhwLHo
youtube eTS53x2vgf8
youtube LUMUdtjuas0
youtube RUQBasyFMbM
youtube crFkSXUGCls
youtube an7_OOk9e8I
youtube b36IWkL7E30
youtube 0X20KLPvUEw
youtube owrrW8RthEc
youtube H0slHjNil8s
youtube 3CTEDxmAjWQ
youtube K0DQJz-wi8Q
youtube tTkUFSe9yHw
youtube JDI_cW1OVr8
youtube 9pAQwj52xWM
youtube XfNWHvudw8Q
youtube KGD4Tx5EcMw
youtube ZMB70xIEzMY
youtube _Wjc8Gs6FiQ
youtube utLOh1VuPI8
youtube XbURjUDxbUg
youtube -JQsx2Eaeo0
youtube 8Ff1YbSkjBo
youtube PwuhuCJfwOk
youtube h6xX8PXf858
youtube 4H5K_2OBw6Q
youtube t0iNnxpJVRg
youtube FE5wHSHe7ZI
youtube _qnpGJF0ayU
youtube ZexqXLPXS64
youtube K-yTrFDHpbw
youtube 6Ht6OtE0M2s
youtube K1DGi0aZCgU
youtube d5X5Yp8X4As
youtube ehGFt59KU9U
youtube oEJ2r953hWk
youtube J6hGB5lRdTk
youtube vUZhQT8kv7U
youtube imuBX3n-W6E
youtube Rer9g8kd4IY
youtube QEas_HgN-Vo
youtube Pi2h1SPmTdw
youtube _N5iDCBqFbY
youtube SUh8HSnmvIU
youtube pFnQIQkzVoE
youtube HMyV4PcHjzs
youtube npuI7TxLdFQ
youtube bXZbTHmqp58
youtube DgBBIY_FdVM
youtube _e9N1oVS1Ow
youtube I-tXwWo8g8M
youtube PNL3Gy5u2gE
youtube ML4lhuk1NHY
youtube r7AEvVXCMZk
youtube K61RH8Ga4M8
youtube 6WeDzjOVIec
youtube VONMDApek_E
youtube k0Nr1Yh_P10
youtube prJAuwM-FGI
youtube 8j6o8KjL0NQ
youtube V7AXLCfwzWE
youtube xUD2NG3R9D0
youtube H17Dz1y9IUo
youtube U_2jfCVsk-E
youtube YmLxfdEeyK8
youtube VF80LPv544g
youtube p7duAhIPsFo
youtube WBs7EyLjSeg
youtube Ld0_MARLstE
youtube vrJM1ey2zaU
youtube bb31RzeCIB0
youtube X6pSqtgwyqA
youtube xMGgU4zxDbo
youtube hB-ilJ1kkik
youtube 7zv2aXsvWPY
youtube vu5MN21SYjg
youtube scwpM9I0TLY
youtube GjKKK1QmSMY
youtube Be0S-2_Dwh8
youtube euyEQd620UM
youtube lCuFNhTELH0
youtube FEUpFc0jZsc
youtube SQ2hBEQQv0g
youtube klpRL0cm3E4
youtube uriXIjs5U18
youtube SOK6nfafn0A
youtube lQ9FoEJHbQs
youtube GlF3pzCOQnE
youtube p7ucPXjMkbQ
youtube cnct2Kf5Ibg
youtube qKvTI7rnXGE
youtube AqYsbttfgaQ
youtube AU6SRc7Uk_I
youtube 4z_Uao8LUhk
youtube vzAeb7MyxIc
youtube 0vjm93vKnAo
youtube aizEOPLv2hM
youtube HBhRNkerHHk
youtube 8TssV2B6KIQ
youtube tgJcZp7pxRc
youtube NJpGA0ZEc7g
youtube bEeQcsLslUs
youtube DCYO-DZSBJY
youtube 6B2buBTg1pg
youtube _xyEawi3f3k
youtube qgVlfX3lIXo
youtube rDQ19RrOrpI
youtube S1EsVUZh4NM
youtube xrAmlIf-F3I
youtube Ow-7OUik5I8
youtube cXmr_UcCI-g
youtube 9rhrRrEfdPg
youtube C_-R1G1fKCk
youtube 3HuxpPSLI10
youtube Im9kbZxb81g
youtube 0t3yMNp5D5U
youtube uQ0XteuY-08
youtube 0-0iAteDWa4
youtube 5ydb9gfoRoQ
youtube z6axzglSYMw
youtube 6Fn6bl5Zq1k
youtube TDyyglctR98
youtube UHzjC-GaqAM
youtube WvwO0lq0MKc
youtube moFOUPnWEvo
youtube VTb5XZvSIJc
youtube t7MSHu3QvuI
youtube gc3kbDz83SM
youtube 2tuZLd7AfPw
youtube AIhuNIw-GpQ
youtube _t-xPxE1C2g
youtube jU3SMH98bYA
youtube gBzOcRXwTNc
youtube 1DuxVKO-rik
youtube 03jJHUQovp0
youtube PLso56gHHPk
youtube QkdpboVOy1c
youtube vVK3Aia6u-4
youtube M39ncPFIvRg
youtube J91s1rl_s3I
youtube JPo-R9WrVSU
youtube Nmq1yU81ZyQ
youtube _uJNH__iGb0
youtube VD9fKkNccws
youtube RbXtTKasIsA
youtube UcKWPk5h-ns
youtube QODQ6KKNkpk
youtube Ace46EuorrM
youtube GhfMd_z3gNA
youtube vAfbudFaWFo
youtube klamvPmuwtU
youtube SkvejbfnIe4
youtube 78t3HqNwW3k
youtube LAiIdXBWwOA
youtube sGcUenlQ_9I
youtube 6uuy_MTyhSY
youtube OgKavGWfPvQ
youtube RGyjy7c3wF4
youtube NH1_GPnO2W4
youtube 1V3ZY_TXKwU
youtube L_bT1ezpR6c
youtube geUYF3iEI2g
youtube mB21AMgsmCM
youtube 249JEp_FVr0
youtube lwiDLaEVSfI
youtube 4kjDmi4qgG4
youtube i8YgsiB27HQ
youtube xn0Fc4DATZE
youtube pqufvx3x5F0
youtube xbxiuy0ko1U
youtube 58IxXo2XjFQ
youtube 82tm9II5jk4
youtube jcMU5IBl-_c
youtube tQbtvAxPcgc
youtube bvYmU8v0dMU
youtube D6okATXVq9w
youtube Brgmof_l560
youtube 6uPvscbckuQ
youtube EJvu6FjTLJg
youtube Uohuyn1Mqh4
youtube FivSFtyYkqs
youtube DL3pP7FsRGE
youtube 4VhY8Y7aySI
youtube ulCwQFuJe-I
youtube l-VUUTWRQ8o
youtube x17gPw9LSSA
youtube 9fjlL2DrOwg
youtube BYW_GSnctLs
youtube usf7zgcppWQ
youtube TY5V9PokF1U
youtube pNzx6syg9hY
youtube zamLaz_6TsE
youtube zDFDQDmHyo4
youtube f2Sq14aTvA8
youtube -OdXOlPeY9s
youtube OC2imovOjOA
youtube A3aBHi14ctc
youtube VBXrtT14Gc4
youtube d5NVgzePCqw
youtube 12JxNC3scko
youtube M-Qu9cewPKo
youtube 5yX6pakPFo0
youtube vzx4nnODqNQ
youtube xjzN4dzsYxs
youtube A9w7-ycXTUM
youtube H9nzWmAFfNI
youtube s2liGAkqXNk
youtube z5Apv8737uE
youtube KXKnPogr4H4
youtube yxeI5iQr41I
youtube VcWzfiedhFw
youtube _5gA143b8aQ
youtube DtZWr5_ngpg
youtube ENlQHOchL9I
youtube mt4xea5Kctw
youtube DdHxCPTfFOQ
youtube PufBG0AASkY
youtube xueJ0A1ptxk
youtube jgeC3slsctk
youtube D5lirShSiI4
youtube QbbDk0wFlOU
youtube Vr5pEg0-qkQ
youtube JcbbLrDZozk
youtube pVb5VK0SYvI
youtube 9a5Acodcal0
youtube NGx4etRtlmo
youtube GRt8BZenNpE
youtube yMV4pXLRBk8
youtube Nok_Ex2HzAc
youtube 9N4WB8TlFn0
youtube CU5o1wGnHsY
youtube Oy1tT5hqylg
youtube DciBK8vTxBU
youtube WU_2xUxG5X0
youtube dWB6eWQnXRQ
youtube xVaRgdJq5c0
youtube FWcCP8Dt2es
youtube UJwmRWqZmME
youtube 3229G1dNRJg
youtube zDYDm3rP6J4
youtube CW71feRlaCc
youtube MWJ_sGar7PQ
youtube vUfeD7R0Cr8
youtube MPd6V-PKAds
youtube 3QpqlyrFF2s
youtube sIWPQzDfLZo
youtube HI5oWhV7SeE
youtube RuWw_7lp6ck
youtube KMf2jivFpxw
youtube 43pLeptp82Y
youtube ldxk2fXbjL0
youtube jegqyiF9iFI
youtube QdREYAzU9z8
youtube jCKO7Pya6S8
youtube ihX43KTcFcA
youtube TRRcP7634Lc
youtube bglYTt9peU8
youtube q-CDrAW7vJk
youtube QvnCG2ytBhg
youtube xcFBQJz4nzU
youtube Vd5GTTybtnI
youtube G6GXQ1p8isc
youtube V7nzz3R5sP8
youtube AvybFug520A
youtube L9OwupGegEU
youtube 2Earp6agI0w
youtube W1cwDMRAQfw
youtube xcL-oGPxgCg
youtube 24Cc9qtPgVY
youtube VElX39S8djU
youtube Jd37Dl2WOZg
youtube 5lWof1JbSDk
youtube zFr0egXs2eE
youtube dfjxVRi8Upc
youtube FWla6aCml_Q
youtube tAJZpIKVa5s
youtube T9c5kYs-w7w
youtube HoEa6rJKEA0
youtube 6DLLJ-n3C0s
youtube 9GA-kwVxlAs
youtube JISHVm9O-Qc
youtube 3fJHnKU81yk
youtube XWCsVf3_Vt4
youtube Qg7S3k8s1ew
youtube IN7jzeBvDXM
youtube FpmRMVvmRs8
youtube PSnPmXjtLDA
youtube ZuzYVaMRW3I
youtube w6aHuTzJSaE
youtube dBAYZacRzv0
youtube 5o6jsccTsEQ
youtube KyQxLghbeec
youtube dgiiRhsgQ10
youtube KEWxJC1YTtg
youtube pLVYfuPIfMk
youtube eohuhhynttI
youtube 7XMqZc3WZz8
youtube VLAfZvymDns
youtube NjIyZaVkg7I
youtube IMpSxuquKes
youtube 1TYl3jhfEDA
youtube vIAIl0H_no0
youtube IOcvL-G7dXc
youtube 60_JpabZrxI
youtube rpZjLrS6apo
youtube mLntQ-sKifc
youtube 07oy1AYBp78
youtube AppIqSRaB-o
youtube 1qN24vlhY3w
youtube C1b4bbj_z7o
youtube vyOgqtgl9aA
youtube iyku0mrP3-k
youtube gGGCtORWDY4
youtube uKwWzd8zXYU
youtube j41HoIJFUqQ
youtube nb5elBMEeCA
youtube MqgDbA4xX48
youtube q0cRV-_BfdI
youtube RJZ2dYhlyw4
youtube 81isNQ2FV-0
youtube VvZzuPpDlq4
youtube ejQvQ4Eli3c
youtube yzIJOYJz6hI
youtube UqAzUTW32oo
youtube Kr9sfv0UbKM
youtube NwW-3MYfg6Y
youtube Hfsgf9KwHRg
youtube AYkkg3hAolg
youtube eO5IjAxw4OQ
youtube o7ovykDPsW8
youtube 75e4_p7DA_Q
youtube VX_c_LauFyc
youtube DZIWSDllbvI
youtube b8I8bZUrWLQ
youtube X0hAKqxO_pQ
youtube gsV61VR-amo
youtube 6AlQbOIg0fk
youtube YZZAUsxfgX4
youtube -m4btBfR9RI
youtube 60KakCMrbPw
youtube IXsKFUezmUU
youtube 6lYgdAwVHjo
youtube wsr22jrIN84
youtube RZTY6rJ1on0
youtube FYjAXM2lriU
youtube 5HUVzrugiKo
youtube p-dw-ncv480
youtube JotJH-4-Pp8
youtube K6rub-1ihVY
youtube Al7K8ELBKI0
youtube 4IddHdcvL1s
youtube UGIAZFjQj2c
youtube neF3zEhtb_0
youtube cC8Ikxp7dfw
youtube GvDQMvQosuY
youtube I1t8-QjiJ4U
youtube 2xFvRbrKFb8
youtube i57Qc4rP4wg
youtube tA9diZSUr7I
youtube wdlKQLiEm5o
youtube _lgdO1b8UKQ
youtube iwFa5dqQ2Ro
youtube Zx3eo-xzXM8
youtube qhS5K_rHCIE
youtube 2VqKfd3cN70
youtube pTC6Wn4oUEQ
youtube B-vFSqXLsBE
youtube 9uZMNW2pTz8
youtube esshC8fVS3Y
youtube 7XqjGEeofec
youtube qkdO6J_ovbU
youtube Pchm0X4nsWc
youtube PB1aINcj5dY
youtube QKTH-Zx8mig
youtube E1Cdpliash8
youtube fsECnO_TX0s
youtube YxBnvjibIu8
youtube r7Omo1sFNAA
youtube 4QScp6j-ZQk
youtube C3Po4kkrpvE
youtube 9Q0pRL0LkL0
youtube b_m10N1WJI0
youtube rZcxF_Aa8yQ
youtube 5MDYnsp6KnQ
youtube Z7x4q1--bYk
youtube 2b-FsX1Khyo
youtube FyF21HsjOfk
youtube _5uDzrZfVcA
youtube oyW5goh8MOY
youtube n3zYAL3IoMM
youtube ughZRiO56-Y
youtube eEWKmAHLeUI
youtube ffa0s8NvaiU
youtube tZ_paKhxi5Q
youtube yONRPRU15rM
youtube p5M7mSI75Ug
youtube Yoy-PcLA6-E
youtube nAaJ2BWQk3s
youtube 8a6AoqkEAvo
youtube RFl7s2aQ_Fs
youtube 72UNwavyDM8
youtube JK1ktLvO8pE
youtube yZuawAxNd8Q
youtube E44d0DBqBYU
youtube OKPq6XlTdWo
youtube xsWxUHtKfYU
youtube _z6AxizN_Qw
youtube 6XUhsjb0w2U
youtube oUUppZUkWlw
youtube 53XfjJDHTR0
youtube yfBYSk1sAeQ
youtube Kuuyv5d9A9Q
youtube sLZkZf0mPeU
youtube 0VtQ18JynO8
youtube rXaRDEk4uME
youtube cufEkv55Skc
youtube _D7li3CuYPw
youtube SV4_KRMzd6s
youtube WHMdJ1wkdmU
youtube B_0jQUVC-Fw
youtube weU3KmEh1JQ
youtube 0GXqoTzMEs8
youtube FMfnrG5AU-o
youtube c1hQbCoO4Qs
youtube eiTF6NfF77U
youtube kt_JEF0gyFo
youtube tNU_eBnGQik
youtube 9qwtsx1lBYc
youtube N-bcACgyWsQ
youtube JvLyllH7uRg
youtube PwvL6eRxK2Y
youtube ZmXFAN2-AVI
youtube aOf7F326sd0
youtube hyZH4kO3TTs
youtube qk8JdGhaXvk
youtube KdEiALVe9bM
youtube iDVe7enu0EA
youtube vceg_FStHPQ
youtube 3wYQ5ZnAN2o
youtube vNMg32bPdak
youtube knh__ssQWHw
youtube Gw5o-mnrj6E
youtube Z63QPKzUDXo
youtube cU6SbAo278g
youtube b-kW6d38CZE
youtube Vi4GROgDzxk
youtube ZJtCPRdKpZo
youtube 28F4-VZb2s8
youtube pIXjyvY4Zjo
youtube 0YR90Uq7lLc
