youtube Sm4wST5oSPQ
youtube cBPnsshkPLo
youtube jqVnhRm2-0A
youtube aAhD5AgniFA
youtube _kPRWBzJYuE
youtube vzw0LQqWghQ
youtube JW8xM74lHqs
youtube Hn1ArKtDpdw
youtube TEIIvD9RVQk
youtube Agq4E4UuOT4
youtube YdvzbqNGnhw
youtube r_-VMk_SyQg
youtube AEmhdOEvaMM
youtube rq0jEisn3GA
youtube 30N9TR7Km4w
youtube nq_RxFhQ4v4
youtube RtK64DUzejE
youtube zIoEAs7Tj9E
youtube jpnqi2YN3v8
youtube sJbP8frrfSM
youtube 1ekHLMIXI5c
youtube 1ySvNblh4_s
youtube vSR0hwLFQTc
youtube KA5LVreP5rk
youtube vFcgy9bUYWQ
youtube jQHGZr5NW18
youtube hky9e1Y51ag
youtube tFpbiD5ipE0
youtube 1Om2Nj1cOxY
youtube 5TvTQKsGfSc
youtube gMj4HeiHTqI
youtube 31of1DibG9c
youtube fFioxZ1UmL4
youtube nkj3a_fX3F8
youtube yguhSPKBGYY
youtube oBTfNtqFeQ0
youtube y00YkABdijI
youtube clZyYBDFzZs
youtube okSKwWZJxLw
youtube yJkVdx1ThiU
youtube 4-8gi82eLWU
youtube ahqV0DRgnCg
youtube pBS_Ewdfy4E
youtube 0v1uzcOk5mk
youtube 1XOiVYAYvY8
youtube kNkgXBX8uxk
youtube BXzWYMGJKI0
youtube y1PweTwRrWY
youtube UIH__UZVMD4
youtube 1a6HcxsTBUE
youtube xHYS7RzTgOY
youtube 6NrH43Sumus
youtube zchjo45p5ac
youtube _vy8TXeEHhE
youtube ET3EwlB7XWM
youtube WajRK_h4Iqw
youtube Xp9KwjVHTAc
youtube Gobr0As41yE
youtube iW7pcwDbJ3Y
youtube 1XplmIxbTKg
youtube rZldeNqI8b0
youtube NgISwcG5pfs
youtube WwWXMA-PXfE
youtube 0cc-Mpm-cwg
youtube VceswHGj3Xc
youtube 40XpOlCuUJA
youtube bgHb65PHH6w
youtube TJqhkqxKyFM
youtube 92jn-9jFFFs
youtube FvNlBaS-_Mg
youtube zF_zN5O5i7M
youtube I98gIPY1INU
youtube n5TwBaYR8iY
youtube 8GpzJP8PxsM
youtube HggStKvxRp0
youtube eYVouN1ds4U
youtube oEd9ijRK-rY
youtube PxMfnffRJpc
youtube OCgt0YJMFqk
youtube Yhkh-7ow2Ms
youtube Fw01IWsIgYA
youtube sb_c9B81hQ8
youtube OcGDxs8c464
youtube hDQkX23cjkg
youtube D6ogzMZb4bw
youtube igeDRIhMl_8
youtube tjm3lvwptlE
youtube TPbjaxAmNAw
youtube 5C2HXAMpsfU
youtube o2BKHInO4q0
youtube MOMZhImUocw
youtube tydx9-mYD5g
youtube tyerRhPnLlA
youtube o4BsGG-2YRo
youtube Y8cKeZA8AUA
youtube o31RG4cAW8w
youtube 4rqcV-IbeaA
youtube QBXscJ-af3I
youtube vKaexV3d3oE
youtube LlQkzKnLj1A
youtube w6t_EM-_I2w
youtube 5Wb5UkSvcaU
youtube Q5UHOlolrdM
youtube D8IeR2UTTTU
youtube Idq8eDoPqTQ
youtube zAchjPNCuWI
youtube EMhqLAZ7auk
youtube KNx2whYEMjA
youtube nNldoMZLjVo
youtube uUYKmP-3a2o
youtube PlFdc8f66nE
youtube 88EY-vuUBCE
youtube J7qopopwIGg
youtube kDebjVOis3w
youtube b7k0D9yiFDM
youtube MMn-pyFanpA
youtube KCY_03TV0OE
youtube sc_YylkIQIE
youtube 0aaCVzQVgAg
youtube cUJW4dmlgOQ
youtube OUDQqwOAwFA
youtube 2OScC7qWQ88
youtube 6kM1v4M_gDc
youtube yVt9bp8yNuM
youtube zXlrFbMhwmI
