youtube F7C5yYlWZx8
youtube xnIjnFSY-Bc
youtube 0h7LPCsZQRw
youtube -wicHdYyInA
youtube PKf_o3A2ncU
youtube uR5_9qYr1oc
youtube En4fdFXpeHo
youtube Dd_AV137Fso
youtube cd2BTAD39u4
youtube 493hResOTqM
youtube m2ECEA_i4BY
youtube uwmmXrs4vN4
youtube eacwuAxRzwE
youtube YNjAMGrPEAI
youtube GzXT6vIZsHo
youtube _bh9rqml_0I
youtube G87Fnt2N1x0
youtube 3m9_7eRuE3U
youtube IMVz8qW271E
youtube bHkllsaC6gc
youtube Y68_-46q3g0
youtube batYTr38bqw
youtube 7AAdMHQQGfQ
youtube 5mTfZiXOhU0
youtube gcNhu74DbOE
youtube i1VGeLEJm_w
youtube KAkwaknIi04
youtube Aq9ywVCzR5E
youtube OYtb1LHYzRI
youtube q63jmkYAvv4
youtube 4YT8G40tKiY
youtube ZpNm7-6QQh4
youtube koCYRXhkGVk
youtube 9xgOuE-YPuE
youtube Exg0Vmkf190
youtube 0Tiw496nwiI
youtube uQ342BX1M2A
youtube VTMGFhOXqwE
youtube 6Y33ME_-02Q
youtube p_jqkI_5Nng
youtube OMe7o8hB980
youtube B0kjYiH2O1Y
youtube WhEFPfci1iU
youtube ZZmmJwJXeAU
youtube rYTUN2Jrb4w
youtube nSOkA1JNOcc
youtube DfMca6EY4WM
youtube 23WHWJG8FOA
youtube kVRk6mpYADM
youtube S6mCFnfh_M4
youtube -D03zP8vMTk
youtube X0P5qalq9uc
youtube Npjh8pI5JTA
youtube 6VEE9ssjfRU
youtube abKh4jNjS-s
youtube nwmThg1acSM
youtube gc4TukZo-kg
youtube rnYfIookZ_A
youtube CLOrPSLRdlA
youtube 0dfT7ptuRZo
youtube AGngSZ_Xwf8
youtube Ilja5O2-p-k
youtube P9XF7FvU_os
youtube scbxzzto8Zg
youtube TpQiRzLgOLI
youtube FmsJmi364-0
youtube dIWYlLVZmp0
youtube 3d_2QoezDr4
youtube 9KFWhRDHb4w
youtube nsPsN__NJwY
youtube BLbn4-L1B84
youtube ugVbHFf1aoM
youtube cJxKf6P4qLM
youtube RW3XSoKg3bE
youtube dc3Ojxrp0_w
youtube pdwVANZ5LWc
youtube q0z2omY5T-8
youtube vmdkN6npalY
youtube XMZ0WA2BR7M
youtube zGxDvkpKb9I
youtube q8SlqnfO3Do
youtube 2Or04FzFeeY
youtube y-vIIC6iStU
youtube q00rhCQiGS8
youtube 56v2sOqhpS8
youtube wnyrPKG9oK0
youtube bN6gEB1OeY0
youtube hFy5MHulNH0
youtube Zf6-d1_gF0A
youtube 8kPKzCS-9kk
youtube NwNDBcNFeGI
youtube QYJaifWSZOE
youtube ehi59UbHMxo
youtube JXcYidzHEWg
youtube X__2hURpcsY
youtube kZBmyMgsqaM
youtube r8bHIC5s-0I
youtube ypivAYCt7L8
youtube S-AWkcMx1r0
youtube GdLe0P0BLy8
youtube -Z5t8EjhRtM
youtube Ggi8xHy-LVw
youtube FYW1Y4EEA2Y
youtube Ywc7ewMJ554
youtube f4VmOSgTL6c
youtube 1eDxDmOvbFM
youtube Le1obEtxt7k
youtube EyLlOio4bUU
youtube Bm-q0v0ZYf4
youtube y3HjAcqiRFE
youtube LIkEBotd2TI
youtube adVF18hXhfg
youtube qXYCT3oK3HQ
youtube wHBDlMtEDgI
youtube CrTYKW37m1g
youtube xQRGv4PONCk
youtube 4LRJSksfHtc
youtube fIN-x6FqJyk
youtube NETlp7eo-oI
youtube lqe75Z3fqt0
youtube yJ4EKVmEvN8
youtube Hg0MaFg1KUk
youtube _w4wiG7U-Ok
youtube 0u3FN5K4AMQ
youtube kbKcBbFXN5g
youtube fWGD2Cr9StM
youtube F7khiq25Xr0
youtube ruubCReDanY
youtube h7YTXVkSjTk
youtube 76VPf3vrO_k
youtube hOaG3JdZ1Dc
youtube L_xrPsbO6jw
youtube ViFekLHtQOU
youtube soQq2GC2a5o
youtube Xl6zID-2wN0
youtube E22NMBAvG8s
youtube 5-tGCzRbdxM
youtube 9DbYK_ccFrs
youtube GqtcGkYZSV4
youtube Yw2Tact1bEs
youtube VT2ENZ-F6SU
youtube vrbaZ7dpJyg
youtube py3XoFSKzjw
youtube s9An6QUIgio
youtube aCv2QIlGAsI
youtube eVuj7yansiE
youtube 4NcLzS4RnRI
youtube -dya3o2HjAY
youtube Xe8sKDUB2tw
youtube Wdjeq9t_YNg
youtube lJpsQg5j27c
youtube 30s4t1WASM4
youtube BIh5__SdVVQ
youtube j3ryk36nqMA
youtube aTizw0oKkUI
youtube MLckkvfEneA
youtube tayEofaRQIs
youtube -iveEQB8PQc
youtube nBrULlC8FRA
youtube wVrCZOiDlDo
youtube JfB5Rsg3MBE
youtube GGuDPp70A1I
youtube DuAhRozlD3s
youtube X9rdXM5ZqA8
youtube nrrqFkXxjuY
youtube bHV2BWBqpZw
youtube kFC3POxGiPM
youtube dXHVuIqGzSU
youtube JOyMGH-iBZE
youtube Lv0vRHid5cw
youtube n_o2TLBR2lo
youtube 0RptcF1nRyE
youtube MEf79F23NTI
youtube BSKimd9EX7s
youtube s0jWLkhaVHI
youtube pZzVgNn3y68
youtube KMZQj_POaAo
youtube tCMT5nF8su8
youtube y-MN44bw26M
youtube I5wFhkOQQG0
youtube t-X8iXZejjU
youtube Hyi8Z4s2miw
youtube jOcHg3ZksG4
youtube oDOBdDlLrfY
youtube icM7s6UDQ6I
youtube ftLxvw_eFN0
youtube ZtSu_m0L4co
youtube 22l1PnsC2xg
youtube xEiZ39qBRwo
youtube MVWFs0XmUQc
youtube 40xnydaWYY0
youtube Gq5y9jf7iEE
youtube rXG6gLj99XU
youtube k9qvjC4Fjjs
youtube V-LvGG3HtIs
youtube Fa2RIlsbOvA
youtube S2bjqrRbNW4
youtube xbZI6WUHSQY
youtube LoJtfpDWpmY
youtube PRZBwVLg8BI
youtube kkbkoMy-NfA
youtube re-YrW3ujGI
youtube gk3f_65iWoo
youtube nN9qUkl-Q9Y
youtube FVgKy7boViQ
youtube pH4iJLti3a8
youtube 8cWcq9g6b2w
youtube vHgSp0_Xumk
youtube cHHpTk4qSDo
youtube SLTVLIjvdnw
youtube HLFnwfzvpSM
youtube 65oZD-7gJYE
youtube 2-iQXG02LDM
youtube 33BF0QoWgX4
youtube WtM8uOifd2c
youtube HxatZCZSOFo
youtube F105fMUMotg
youtube 1yyajKaGk4Y
youtube Ih-AK8QX71Q
youtube bo3pK9GAVCM
youtube PIIxVCz0lZs
youtube sfO8NkUF2AY
youtube OncKpRsq73c
youtube qMUzZhhYWjU
youtube 4Da-YD6axzM
youtube FCX6WBIzfQ8
youtube 26J98jG_j4k
youtube HQB5ReelKoQ
youtube 3fEXvwQTrgo
youtube PJO41yI-INY
youtube oUdtc5nf1bI
youtube cnwiaErSuKc
youtube OhfGV54lL5E
youtube H3jLkJrhHKQ
youtube 2pA918EXzNk
youtube VJ6ofd0pB_c
youtube xge5VFHlJiU
youtube KB6ac_hRBik
youtube 7HlPM4lSZ1M
youtube NDH1bGnNMjw
youtube 1xwfo47WUN0
youtube aceSB2fm2a0
youtube dxNv92VOO_I
youtube B2m_WnXjqnM
youtube qlS_q3ywnN4
youtube WezUyzGI8m4
youtube jfFTT3iz740
youtube D7c_aLJF4MU
youtube -AB-LmbsYTE
youtube KCg279yxyTs
youtube _zGoA2hfWgM
youtube stNRPseb_Mg
youtube TNuHFc1jxi4
youtube H7R2ubzlbUw
youtube qumTkdShLvI
youtube 93eTZlRlLW8
youtube Li0j0aY5-Jw
youtube aMbM7dSCHEk
youtube CMZ9mYGh9Lw
youtube CjzzgssrhVQ
youtube LVCRgB2jPuc
youtube L3Sb1CsGwWg
youtube Zdoa8iOgV7w
youtube QeYWqumFu84
youtube SkFaCnDlJLg
youtube dCVDQqf4ouA
youtube GPIIfHkOnjg
youtube gaYyOw3o_lI
youtube pFcYrqw9YwY
youtube ismvoxh7NPU
youtube 2daor2cv264
youtube N_1ZXtSJC4g
youtube N41D8qaUSx4
youtube gf54iv5M8X8
youtube 5qQjUFmn7nE
youtube x4QYkHJuW48
youtube xMpKGxzGAVU
youtube 9mnoiRqh0dQ
youtube wdR5k11x78A
youtube akVnpIXFv-o
youtube Pb0LaGq9X9o
youtube xXMq11Jr4P4
youtube 7w_sydmAW0c
youtube 4ZHwu0uut3k
youtube ISh3oB-O0Ss
youtube EwntTwnUWYQ
youtube mKsRPr0O6co
youtube lxpKPi4GR0M
youtube MA6kXUgZ7lE
youtube ED7q1MKcwJo
youtube FGxeTqPssqg
youtube 0XFudmaObLI
youtube LO5rHS1C-60
youtube 6SB2FIU9SBc
youtube SIF2dP0fK68
youtube iNxvE-NvX-A
youtube DDwjm-JcHT8
youtube JBEZoClusZU
youtube QWTkyRXELoI
youtube DdjS0zVe_K4
youtube pZbD6GTXmWg
youtube rc33KU-CEcI
youtube KDqIRcARFZg
youtube 6HYyyO842ps
youtube lF50TAxr2_A
youtube URO4WsJC12s
youtube W7NBgPK8xOY
youtube nop_Mp0T5_Y
youtube Zt2TnGRVzyQ
youtube u2WW37kgglM
youtube srJbztWfuFM
youtube xYiFInP7wjk
youtube brpLKK5MeDw
youtube idHAwYjSNCk
youtube kh52L6hskmk
youtube 8K0C9odMtm8
youtube I6l8lgZpI4U
youtube ugkK6_XmsaQ
youtube 0jjH8PUNuII
youtube 7Ta7Y4zwrjs
youtube BgU0lqV9-w8
youtube v0RsWbEwej0
youtube RKvGzCEamzM
youtube yNopvpwGdrc
youtube uvuhEDvJk2M
youtube 0EZsEZXFgec
youtube 5pIIcbRKhgA
youtube CFtFjG6XT9s
youtube 2R2xc2UDX8A
youtube 4RT3HQ0KZSc
youtube ixlIlkBpHjg
youtube Vh8vrg_Wq4k
youtube MxkPrZOhg-I
youtube zPjPFFyo9EI
youtube ut9h1iXKSzE
youtube OWnuFuq2rUQ
youtube J5GQ9Iq8RuI
youtube hpAeAt6ImGY
youtube pYS_zHPUCvU
youtube vvn7seML780
youtube OJ75TMZL2iM
youtube NHIN_-Sz6t0
youtube 4hWTnSf6cW8
youtube eGQwmbYxNr4
youtube MSjkcdPN_Jg
youtube wbGSchJll9U
youtube C06CPj3JV0Q
youtube mBRTt8IfPHM
youtube W70x0e09x9Q
youtube h2LLKF1nJSc
youtube 9C92l6n_lcc
youtube sG2vH50im-8
youtube PEmPo7-UAvI
