youtube aQSq_gTRHbs
youtube mFdzrsitu8A
youtube yb5lExuAq0A
youtube --ieOeyCSyE
youtube cSO3sTgWElk
youtube 0X8QVAwEO1E
youtube ZY0yJqLa1vY
youtube b9ic5qTzd6E
youtube I9_7U3MqJk0
youtube fFJDOtyjSkg
youtube mue9M9R3EZM
youtube UnhpBUBmm8A
youtube uT2InaBil8w
youtube DBrek9gyDf4
youtube Sf0lPCllDWk
youtube 7ZrGbkiY_sg
youtube qWF13hMbT6g
youtube eeMClOpZcyM
youtube JSP-gk8KHQQ
youtube -2RjDBD_I20
youtube wg73fb_LR7c
youtube WUo_edhtcpI
youtube seV0orEkq60
youtube dNemvyDo2cU
youtube 3CaRSmfC_j8
youtube aiQnFP-3teg
youtube VR5vKM93emo
youtube XYPuF0Y2f3g
youtube Wxj4MK1rX9w
youtube eUjOxTHZXYo
youtube FokdaaGXk4w
youtube wm1YmgbNHS8
youtube AnBtyozLqII
youtube g9D8krrC_-o
youtube oNJHepaeen4
youtube LNG-nQ86Vek
youtube UxmDJzifGKE
youtube FU8zrBvhvhE
youtube CCG8yzmpzNo
youtube TwAPI7KvBx8
youtube HHUyaKUIbEs
youtube ReoBncxwTVs
youtube JZ7NfVYfdLQ
youtube clCwUGNfGvs
youtube sYrSeSdD198
youtube 9QMnQuI3dq4
youtube WWAaDVDLfYA
youtube kzeXBOG6hj4
youtube GLEYEBCaK3U
