youtube eUjOxTHZXYo
youtube dNemvyDo2cU
youtube -2RjDBD_I20
youtube 0X8QVAwEO1E
youtube WWAaDVDLfYA
youtube mFdzrsitu8A
youtube VR5vKM93emo
youtube FokdaaGXk4w
youtube wm1YmgbNHS8
youtube eeMClOpZcyM
youtube CCG8yzmpzNo
youtube clCwUGNfGvs
youtube WUo_edhtcpI
youtube sYrSeSdD198
youtube b9ic5qTzd6E
youtube g9D8krrC_-o
youtube ZY0yJqLa1vY
youtube aQSq_gTRHbs
youtube 9QMnQuI3dq4
youtube HHUyaKUIbEs
youtube 3CaRSmfC_j8
youtube seV0orEkq60
youtube fFJDOtyjSkg
youtube XYPuF0Y2f3g
youtube aiQnFP-3teg
youtube Wxj4MK1rX9w
youtube cSO3sTgWElk
youtube --ieOeyCSyE
youtube JSP-gk8KHQQ
youtube qWF13hMbT6g
youtube UnhpBUBmm8A
youtube mue9M9R3EZM
youtube 7ZrGbkiY_sg
youtube LNG-nQ86Vek
youtube yb5lExuAq0A
youtube DBrek9gyDf4
youtube ReoBncxwTVs
youtube uT2InaBil8w
