youtube 9TptYCoctDU
youtube 25UotiHI8mc
youtube l0togOOcDuU
youtube KOtHQywo8Lk
youtube nm_GiRyjnM8
youtube aiGHMWduSo4
youtube jjqFnO284hA
youtube AMKuNrvKqGA
youtube 3EXrz5g5d4U
youtube OObZL0rcBx0
youtube obCVHY1Umh4
youtube mbc25ZJmib8
youtube jw5HH7Skeo4
youtube JB_iylafXiQ
youtube lSY45oAobbE
youtube M9Va5WwJzKc
youtube kr0aKJTZ17c
youtube DGnwfkTXoK4
youtube F791966iZg0
youtube MX2-6TfU0TA
youtube I6DpTKVTt_s
youtube XFmqGj0KL80
youtube Bu5_CLAE7n8
youtube HSNfFB1cU7U
youtube LY581ZmgQv4
youtube Ke5PLlC0G1c
youtube 344kbRW80q0
youtube VZbTqY-Xhdc
youtube LOVBJb56BnY
youtube kxg_HVCySSI
youtube JQdGJzTy00M
youtube _olf5j_-qTQ
youtube IUl7su3j1Eo
youtube 8A8VUEmdwZA
youtube kb4BkKelOLo
youtube Cg51_EUlV_8
youtube g48Kv7tgQVI
youtube HF8FCyqrsv0
youtube 4IaQ20ixvWk
youtube tpa9mgUM2cs
youtube dh5LDjqUKzc
youtube F08G4BVGFTU
youtube TMb0Q7O6nN4
youtube GUfkPOwwRD8
youtube HtDyQONi2k0
youtube i8ONNPDGTiA
youtube YkFRZKwWd8g
youtube ojngf0Dytpk
youtube 8AiwufG8gq8
youtube Um-IXvlQBvc
youtube wp0ewm7aDe4
youtube SfIpPqfd-lg
youtube 9r7OdvJxv9c
youtube X8H_7VywIwg
youtube RU3SxXgnrwU
youtube ArpUQzHkz7I
youtube 88w3uUupLUk
youtube bSBMnGrlQrQ
youtube ad4afHeyQsk
youtube LPvgia8R7IQ
youtube BdYvKBbvSSU
youtube Tuzszrv5cAE
youtube aNe_gROPsqQ
youtube wYvylRp9LsQ
youtube HOlF5sW26Yw
youtube XsytFGTcTfM
youtube YYphWAaKy3w
youtube iP5R7XpHr98
youtube TM-HNQM-ogg
youtube s1yhi7Lv3M8
youtube mQ5yZdW-_CQ
youtube vxLO9sgOk_s
youtube -LjNPNkgJ90
youtube LDu4ckZiZG0
youtube wCqKKpVF3qQ
youtube r_WkmWmpJzc
youtube 2yysiblmzQ8
youtube I0W9GNwt9Rg
youtube lqDMRvDl0d4
youtube IdKacyPMVdk
youtube OOtsnccOI3o
youtube HSKnNM2GuuU
youtube 9IsDygInEJg
youtube 6Sbxr5J4MVY
youtube kgu2FD_VnKY
youtube 1ouavWyOrhg
youtube QVvy63brK_4
youtube 4KRBtxH3JEM
youtube DcINTww80P8
youtube HZWvwvDj8jI
youtube NKj0CSgyeoE
youtube jWS235aMJj8
youtube RmbKq_hnDF0
youtube JOAFhvWAGIQ
youtube H7KH2pbHL2Q
youtube kPkKeGBSbCc
youtube xA1rFdZGAI8
youtube Bgc1jiRmZmE
youtube hdRuPqjPNxM
youtube epBfCE9Sm_4
youtube 8M5ShG3ggPs
youtube mmbroK0o2d0
youtube ht_ZkldgpKs
youtube TbNuN0QcBlw
youtube owF4JqsiViE
youtube AYJ-Vk02MoU
youtube kNZCTbuaAfA
youtube wnhUcGBROuc
youtube -cZuiTVJ_Uc
youtube L8hPtjGb3R0
youtube G571qIevsSs
youtube 24Lr1niKAVQ
youtube vaokGGxUrvY
youtube EpWtOULeGHk
youtube l34XV3Z4SBY
youtube 9lyr928Hyio
youtube wh4Zu0VBUFA
youtube sNkajKfQ7UU
youtube aiYpDDHKy18
youtube C1-CYxUNLoM
youtube mwGWMXYlyPE
youtube wesa091GrCc
youtube LeJFzoIVB2Q
youtube o1KDJZS0yOw
youtube -9zW8Pq9mU0
youtube DsCPJ_Xp_9k
youtube KCCqqPqDqSY
youtube MWKki0K5yCM
youtube sM_Wx029pMw
youtube SIqwHYIx5Vk
youtube taHLpdVyGgY
youtube WmqmzZH5hTo
youtube ninm62RWX9Y
youtube 5QveSjzoL2o
youtube h-KQlxhP4dQ
youtube QwwGdHxRlAk
youtube gO-JKjRIbvk
youtube eKEaM0_prjY
youtube PQ6sNXhpuXM
youtube iKmiBG9lLQw
youtube tz4ELHsEWkw
youtube 0s85I4iAkNk
youtube e_6wDI9es4s
youtube g9vLr58u6pg
youtube IsvvoyA54AE
youtube tgi4vxNv_k8
youtube HYYi4c7PF-A
youtube xhAnYSEDlD0
youtube _GgpFdj0zpw
youtube vDG36im_Sl8
youtube nbv7fKY4s6k
youtube 6LxOZAilW9M
youtube hd1syTuYK0s
youtube fdxfemd2edQ
youtube qQ7hDwRqPeU
youtube vHzZkf-AGK0
youtube U1_FfP5bkfY
youtube XMiIvA6lKrY
youtube yVO_pKi0TRY
youtube MAHXie0UwbY
youtube Cakf5DFdkpo
youtube cdkVdHkJYIE
youtube S-Dx4SIvFfc
youtube V3xcsXaAIdg
youtube mPeMnKeKsbM
youtube 9MkKZICmbVw
youtube hD2QGb4KmDM
youtube HHX5WLNUJnw
youtube iF73EKl0XgE
youtube w8A88kZ4ibc
youtube esBkPZ7rVBY
youtube G4CqZIxj-cc
youtube rLHlYQ3tNSQ
youtube pVLwwBk0yzk
youtube _RHNBb21fuc
youtube RnaTZmdxR3w
youtube fMgAR6RfOK8
youtube HYsN3drpUms
youtube -_CuyQ66HIM
youtube GcUkbtVsupg
youtube Kwp_X6kecLQ
youtube A1dzQjxpXg4
youtube P_vWn4yLQ58
youtube Rxr-q7mB8EQ
youtube w1N41HzUZYQ
youtube X5xYHj77jxs
youtube FLZE6S4NQLc
youtube Ipj0ZzHQKMg
youtube Jd1L6qCQZ28
youtube x-rD2nRohWo
youtube LzVFmp-Y3qs
youtube ZZnWGKc0mdU
youtube VHkN_FTNUXk
youtube yAeydShnEsM
youtube kSTrPEKn1w8
youtube R199kB8IXho
youtube GKe1kpJoQXw
youtube 8ZDldWyjZnw
youtube xOr2iGztlhg
youtube BtkyP67dj3E
youtube OtZzPI6iNIk
youtube OS-9pAXW_cs
youtube L0ykIB5saos
youtube 6t9JUh6Faug
youtube auBPRMeTEV8
youtube yXQx3I3qfc0
youtube 1jJVmHv_Nvk
youtube s56Ax-3bu0o
youtube f-5Zda2Zw6s
youtube 0i6mhLMC63Y
youtube ilmHLAqeObU
youtube JJ68aMEtsns
youtube ZdX4Lg_AUbU
youtube uB8qFuGqTM8
youtube Ckl5dTWY4OA
youtube yKiJOpSNo6U
youtube g00I0-Q_Xyc
youtube 7_s1t7UdEco
youtube 7ytjATVnf7E
youtube 0xeCcbXiVm8
youtube 3Hr3S02eUQo
youtube WC89b4DPuOs
youtube BdCw7UcxZvI
youtube BCnhlHudFdw
youtube kZtlK52rmUw
youtube bEfLsWkpA9A
youtube 3wc3dRflfKM
youtube U64KrQidxo4
youtube EGUUP0ZC7u0
youtube Qateyug4KRU
youtube 3iDSvZJqgcA
youtube GTIWszFjJCU
youtube W8r0Cay5VRc
youtube CY60I5Zrl6c
youtube liZEZFQtun8
youtube -nP53KkGikA
youtube yrO0t3xFPpY
youtube pH5t81lBq0Y
youtube 47yZOljExms
youtube bysp8Hk0VeU
youtube RKgSYqtXiY0
youtube 76Wygb_Aqz0
youtube QwW2NfWS5vA
youtube UHdQWXwb0OM
youtube fY2Zj9GGg4U
youtube XiuKNfw46HU
youtube 7Zz58u7VsNc
youtube kXaYvGLhe3c
youtube UfjwEyKbHxM
youtube Z_CUiPTfZfE
youtube pPlzk9mnN30
youtube 7vTnQVXJ7Jc
youtube qPONUDBtm_w
youtube m3tZBex3deI
youtube K513SDcUNW0
youtube amndwkHqZZE
youtube GettJIlAXDE
youtube hsvWokA-R0U
youtube vzOCHllqzRE
youtube pZImKr1kpjw
youtube DBJoarIMj3s
youtube r1GcH6nqizM
youtube HPwik0T70bs
youtube JDRUvNRdOsU
youtube CAbXk1Y6IOs
youtube CgjtyNSXIwE
youtube KUXl7EASJTU
youtube EBcw5HmQjWw
youtube mmBzUaFvEtU
youtube OwW273zOHP0
youtube lf9E6UZXGzQ
youtube u0I4ZEJ1VzY
youtube Ms2KaMhfd2I
youtube ChHdPRHm5Js
youtube BTWgIsCyxg4
youtube J2vqL_o0B2o
youtube 4tpvNBzOdEQ
youtube Q1jE25zn8RU
youtube 6BMpkeRSuv8
youtube fH3GXDdjTwY
youtube 4kOg6n3w59A
youtube P5GhpyfQV3U
youtube 6Nvh-6DK4zM
youtube ZMQIriRlhiM
youtube HzYqrVdGi_Y
youtube vlOd-hpPHQI
youtube OL3Ab9eara0
youtube qo6b5eaYWYU
youtube Zn096Xyjwbw
youtube 1L-bJGicMwk
youtube fH-NQ021wXI
youtube ynVbACsr0Hs
youtube zIWvivSwhWQ
youtube SWueemfPVm8
youtube f3ud2b9p04c
youtube iputx4zFEY8
youtube pR4jamSB1HM
youtube xwRdbchZTZY
youtube DASZOUcMldI
youtube wVSMqaFLUB0
youtube Ttl8HC0Ar5o
youtube VqLzxjzhA4A
youtube vynwgxoYz3E
youtube eE4c-6L5x4Y
youtube qLnkLYg-o4Y
youtube HMSwvSFn-SM
youtube NE-fsPpWSaQ
youtube phUDq18wW58
youtube sQFc9jxejK8
youtube Bcyg_Eqtq9s
youtube O7YIoRpeKek
youtube Jl88kjFvsk0
youtube tbWgw-8vrZU
youtube lN5gN5m8N6Q
youtube vK3yLsyK1AM
youtube N2yPMX54GEQ
youtube Zx6XO85rJGc
youtube jSgBOE-Wm6g
youtube eskeu0ECOzE
youtube fowcdhSC_vk
youtube 13ylwNYHic4
youtube 9FSDSPPQ7g4
youtube 5rXlYbNDpes
youtube bov1UE5yg0c
youtube 7axvGsp-hfo
youtube K_O3kbNm9q0
youtube KGgIgqShw_o
youtube KflddhjT0vk
youtube Rcsfj9s_aBs
youtube kvIOO-7A7vI
youtube WW-5W6GEzPU
youtube KZuzKVJb9TU
youtube 6MiIDjJbDVw
youtube hwMMImUvkGs
youtube nAuWy-gegvM
youtube xnQ69xIqLdU
youtube leQ8nEcYFOc
youtube tEq-DcyoxUk
youtube W5KSgAyFP48
youtube TI9dprrlXEE
youtube Tq7ZLMJaVGA
youtube ZhcilmojL0Y
youtube 2akX62CblK8
youtube hbIuchg2jJw
youtube -mmcUVko4sI
youtube A2as7HNoqJk
youtube JeBYJRS4QgI
youtube 2JYjugF4RNc
youtube pT32m55yyJI
youtube WtSxv1tYmGg
youtube DtvOxl4wcNA
youtube IqJFMSzJwSo
youtube IUHIMWu7mhA
youtube 0KLVWAf-diY
youtube GitBSpQw3Bw
youtube s4Glc4vQAew
youtube 9boLE2Mp7H0
youtube mIitbo_EKRU
youtube Ve1CE5-Bp4Q
youtube wZashbfi8Yg
youtube h9PAC69DoCQ
youtube NpRXgL9PfDQ
youtube tY_IMucYFP4
youtube 244pgIfxmVo
youtube ab-4JQggxE0
youtube -f4WgPaKMnw
youtube 0LxLwoPStO8
youtube AASp8VT8UPI
youtube Tu6pyHKfyyk
youtube lbCZScemJLk
youtube FI5vLbvGPps
youtube 0FMLsYjxbVk
youtube CPkO4I-DySM
youtube 2CKbVdcI8rA
youtube HCQE7ZT3AiI
youtube OcMGcQQ0W38
youtube E1pc0i93Huo
youtube 3Q9ILJbUFeg
youtube OXRcGnxNz4w
youtube QMAFLKOwmeQ
youtube YCw5VgYJMfE
youtube -95O_z6OR20
youtube HNZuib09Sss
youtube 7_RbeqfG7Xs
youtube LzMg2Bs3YD0
youtube KtXCsjS-Cjo
youtube LJXNE-eC3Ms
youtube iv9Kfi1aFfM
youtube chM1VqVn3q4
youtube _MH6AoeHshE
youtube d98F8ji0n6s
youtube SMYkXdqziPs
youtube 3E4IhuQb-Lk
youtube XBh9U1JORrQ
youtube dGrFVYN_GQI
youtube FDzGiydCV58
youtube MFESB0WWWVU
youtube if0D17Mo_Jg
youtube mxGGLl_lPWg
youtube 7qGdH4CKnLA
youtube LRaQDM2NtwQ
youtube ZW8q16fRRvE
youtube pvIkkfb_SIc
youtube EX20hvlYTFY
youtube jLagwjAlKes
youtube R0p71kxvpI4
youtube -vyknvxd6Ug
youtube GCJp-CTrGX4
youtube akHYfZ8X7E8
youtube 5nnwUtwFc_s
youtube YdNnxcsItC0
youtube qu4SXC06gVs
youtube vBqC8ToOSRQ
youtube gYcyRDHM2n4
youtube Fwlw86t4jNI
youtube Zakn4TrMdDg
youtube qg6KL3VMtWA
youtube dMaQwr0Mnhs
youtube k6TwkZXLeWU
youtube uP69EBrfuyU
youtube HO5cTc-fW_k
youtube VNAb2COgxJM
youtube YNS524hjHNg
youtube JNQNmnL72DM
youtube ArJmxhFSlcQ
youtube pn8-Cc6-lG4
youtube rQGW3a3PuLE
youtube 2IjbImk7T2A
youtube iGUpXSeMQhQ
youtube fL0upyUlCaU
youtube 0NzCR6JFM8s
youtube 2Fdn8uhp_9U
youtube q-sSsTFbNfw
youtube KWKs9IQkdRU
youtube BPeMmAvZSBQ
youtube X1C5OQTSsZU
youtube vfBqhUv15xI
youtube b0dbcseasgc
youtube wh6T_fSkhzs
youtube iNRpKMTi9eQ
youtube on5IzK55RrU
youtube ZiWCaObXaFQ
youtube TVxCOC_VJr0
youtube gTLkCgCO0NI
youtube pDK_VqzL5jY
youtube 6vOpdjjoTVk
youtube V2dEthuonEM
youtube GX52CUl8UsM
youtube 7CchOikVVd0
youtube avsWgQ4Kx2s
youtube PL3Av-BP_ko
youtube ZcEViNOcp4Q
youtube BTjxlmyUoWo
youtube mUejW1YhEC0
youtube p4sZFRFR3GA
youtube gZ7Es0y2l-I
youtube HEoHunHXioM
youtube X5gQ5hdbC68
youtube jlqkwkDiFNQ
youtube Pcbf2seMn68
youtube yAgSMEr5yvM
youtube S5IcJ1eCJuU
youtube rFli48K6Ia8
youtube 3e74KuxPSRk
youtube Q1wAyU2h_zE
youtube O1-zps03xn8
youtube tS-93mXpebs
youtube aVVTe1Mo8c4
youtube cmhsSJdts9w
youtube QhB182vVzLQ
youtube Z3SVDWvx15E
youtube o_egrJcOGMs
youtube y_B1wWS_N_M
youtube 4zzGo3dCsqc
youtube MdaCTQxlbrg
youtube x03D9Xtc8HM
youtube eJ21VFQ3QOs
youtube wiWSgUbiBQ0
youtube xebSiVbWZSM
youtube 4-3g6RGuPZE
youtube DEZFO43afGE
youtube z-U2dik-g6Q
youtube EQfnP7MntTE
youtube 0uAOPqJ8Gkk
youtube Gx5Y-fMskzw
youtube nptK1OU_nMs
youtube CXI3GyVWznc
youtube uQF1jt_yVy0
youtube KwUVoEi58J8
youtube xLrQd838UQA
youtube tm_wk3B07cE
youtube 37x8ngQlQBU
youtube l1mzMIq6e6k
youtube 0rdRMFA4E4M
youtube z68AcIrYc08
youtube ckSerg1BOGM
youtube hAnDzZqZDfY
youtube OIWh236UG94
youtube 6_E2ed9oLaI
youtube tqrw3buWSTo
youtube cwTr5flyltA
youtube KetTXDM3k08
youtube PCSRShdGuZ4
youtube UPWR9tikGAM
youtube 8ezDJ11jd3s
youtube -2RHlCF3-Ac
youtube GO31rtp-zks
youtube R_X96Xn-PNg
youtube dkHlfl_9WIw
youtube jUaYqHWFnZs
youtube 6WfwhS-bAww
youtube fx3zMHi9WgU
youtube 9FtkP4ieI8g
youtube PZ1aqFX1YFA
youtube 80NBRPzVMNA
youtube w0umv9h-Cf4
youtube wz3d-TBiZWY
youtube uosMG0u5m58
youtube 2UgcM_n7mMw
youtube kp-C1pApiKA
youtube wFvKA-lhCf8
youtube pcWm7vk83NM
youtube 5mJrqGrA46Y
youtube 4clN5S1Y-kg
youtube iGpFhZmS7-c
youtube VSygJTGH1ag
youtube evk7BBxxLyM
youtube 2AYBiC9jeD8
youtube _FxmpH4lIEU
youtube 6u6mMTVtY74
youtube IjRRV9kYFcI
youtube BBeUZC5659k
youtube NNRYWWyTEsI
youtube _WxPHBihAQ0
youtube 5D101EVIVdw
youtube YYYJDalKI9E
youtube Hcf3KPiGNxY
youtube pLrZuSOZqOI
youtube t9v84SIEL2E
youtube ize9-MICwpQ
youtube VsplhUPzPj4
youtube ReOE9Tu-DUQ
youtube I-JV12qqW54
youtube gVwfXC6y7dI
youtube lq8XugA8se4
youtube 8nxNIhNawUY
youtube 7aDuaVdK1fU
youtube razSGKFVnNY
youtube gkWfDDM3Eq4
youtube h7rBAvIEJAU
youtube Hzx4kWSWRJ4
youtube yAMQg9hOhvg
youtube VzG4BibGCCM
youtube t9HC5MZ69NE
youtube dWtweI2X4xE
youtube hUra824j5F8
youtube sEZzX7nH-X4
youtube jOu-jBrKGVw
youtube dIJALeHfVWg
youtube EHZJKBaZF0c
youtube nXKB7ZWHSrg
youtube KZRR0trSde4
youtube R5t1CBj4qVA
youtube c7_WUDBE49c
youtube DrqrQXAx33c
youtube 4A-lJH0c9z8
youtube 5jwkKM_c5-U
youtube oHTwTI2AiDc
youtube TaGtmiPkLkc
youtube 1toEReFE7vU
youtube nNibz-9Dmqk
youtube -s-uftP2oxc
youtube 6VX8Fb1gv1M
youtube 2wpO3zE5p-E
youtube MJXN_T8TISk
youtube tvvHa_hwffE
youtube NT11bIyEeBw
youtube 2ZTUKvOA_hQ
youtube cD7d8BFwSWk
youtube C-CTMwtKxSg
youtube 7o3UbsF1L5s
youtube ZGDHQc11sU4
youtube PsVm3F5yKmk
youtube bc102LjAViY
youtube lcedCbUHask
youtube 7yr2P18qLk0
youtube xI4RaINlAqY
youtube 0reraUFXpZM
youtube yXzuSfXhkOA
youtube CdeRymDHNFo
youtube zawBVQKZfOI
youtube ZMntA6NZRtQ
youtube U0-l9IASjtA
youtube wDmEy6dECMw
youtube zFHIHcP8i00
youtube vFD3XaEJuok
youtube 7AcZ7oxuASI
youtube dixlWknT2RI
youtube vZ7IQ1I3HJg
youtube k8Np1H6M81E
youtube wmQ09dmLcZY
youtube vsiiiA7nWhk
youtube ggWBqTnGWL0
youtube Zm7GQV6m_is
youtube xoLiJ2ou5FI
youtube bQKVKabm720
youtube Mpo30slqIm0
youtube qA8kvIMC5qA
youtube 4kd-4QVUPoY
youtube MZucuGsMBV4
youtube Dmh3AApipUc
youtube d_xWu3e9YfE
youtube wqVvT_41eqA
youtube 0___s8fCNnQ
youtube M4sEYb0qW1o
youtube bw3kXIaf_6I
youtube CqjAJmKJYxs
youtube PNPyBh-Iizw
youtube BlzzV-cOPP0
youtube SorwltH0o9k
youtube zRfpAVc9lzU
youtube LfxJjpieC-M
youtube C8JjQMfTA9Q
youtube kc_I0294s3k
youtube LyHTEzdBRCI
youtube We4VpkDYKAU
youtube 0ywiSm2rNxQ
youtube zJdQc9OGGZM
youtube ZFNx2TvAK90
youtube R6ZJgdRuV9Y
youtube PP-fAP3yIhI
youtube 8nASq5IXkRY
youtube Dfj12BXtRyU
youtube KpcGKYHno7Y
youtube miBqOVKkeRU
youtube nqiJzY2uScI
youtube DStOvtHVlJU
youtube 8WpUSK2jW6o
youtube GPbLI7EPPh0
youtube svxtPVZujn0
youtube -bnx4fuiX04
youtube wArJc179HNk
youtube l5stKX9Dyns
youtube QR63WY_j9iA
youtube 6xo21xPNmoA
youtube nbB6d8osUfk
youtube weBG4mTBZVA
youtube oQk6iJQnBx4
youtube QnGRL3QThjQ
youtube 6JXFqWY-A_Y
youtube 2yjBzV6euiU
youtube MUigMCjF_PI
youtube g3F-153C79g
youtube wDBfYIdVK5A
youtube a3GQjknNbsk
youtube UR-6OI6exa8
youtube dGR0sPSWSPo
youtube 4owHdJhELAk
youtube Qdyq5ycr5fQ
youtube YNOEuBb30rU
youtube l0417BKUB0M
youtube ysbqHwLWpH8
youtube m7tdKo3NBMw
youtube Y26N-69yTls
youtube 5122siORygQ
youtube XL3V4_zm_Q8
youtube mTw6ZPbpcr0
youtube wr1YTnPJAPo
youtube qXUH8uRTbEM
youtube DMb6QiMxPHQ
youtube BChec-L3_Xo
youtube rIFxjSZ8toM
youtube LuIqMbHiRBY
youtube sfGT2UQeAss
youtube usvMX0lgOv4
youtube SGnxMXv7Eb0
youtube BJqdVHW_eG4
youtube rqfj2gwy8Zc
youtube SMzlB9hxKP8
youtube 7-CABEtXMCY
youtube Snge_kz0kjg
youtube JHMEvolvHbQ
youtube IamdmI4Y3xc
youtube Ga_Z97_VcG8
youtube MntEPdp7AOA
youtube AiqxQVe8aZA
youtube FkzYq5JMgHI
youtube 8y_orN5Rfqc
youtube ddWGrz3ACcE
youtube ssrHHNfJ9pE
youtube olIQh-09Q40
youtube JzOUIMMzngs
youtube zbPJZfv6UUw
youtube SIwif5OcNbw
youtube gPvXErW90fU
youtube pwAcqAyeKic
youtube 3zTlLBBOd-I
youtube IaPsAkIcKnw
youtube dCWc3uoENQo
youtube FGZ0sLt4dXA
youtube 7lJ1f4uBP4c
youtube IBpMh2dKUco
youtube BcraTrtcKIs
youtube xhAd4dU5mXM
youtube zDJPW39Sf5Q
youtube yMw7vJlqFng
youtube MMTOEKPM4NA
youtube 9XUh6BsnrTE
youtube ok1pdMuKf5g
youtube Ov_bBWPM2yE
youtube Hvo_D7Jd_50
youtube r2R6k0c1F7c
youtube qDY8pn0K4Rg
youtube bUp6tv0U7Es
youtube bZfE4zIwq9s
youtube 3qOJrXBD4WQ
youtube o-vbmxebEU8
youtube AHQ7G_zECkg
youtube H6t0SHTTlZw
youtube 3bGlIygoP8I
youtube R0-Yiy_8KMg
youtube e90DelWKc0c
youtube UA4m1ybSD1U
youtube 8_aHNpvkK18
youtube Hk3L12POohU
youtube dwVfDzvRaP4
youtube fWQoE5vQ9JU
youtube cSM-ZEGlYkE
youtube 14CzKfxx4Gc
youtube d5gkFJEzOzw
youtube RpfSMPMRAbE
youtube qd6533Rz2Es
youtube eI3wGKC9kUw
youtube nc_OX-MxTJs
youtube LyORb0baPPM
youtube s0nujeD19DI
youtube AVxi8Y9SeTw
youtube jz8X7_AqEOw
youtube Dg9dSYrZtbw
youtube eYOgHWfacjk
youtube 4mB9GYUJZRo
youtube llpmFBJRCN0
youtube txMK_LfO8Kk
youtube tLkdxdzV7NM
youtube Kvy2FSLeOqo
youtube mtbrFoCThKE
youtube WFrivfTwAr4
youtube UOmpE1cDPXY
youtube _TqxNShZ0R4
youtube 5xvfIn3ECfg
youtube u5Px24qmXpg
youtube DgRasospBIU
youtube G_nW62O7E8Q
youtube dK6dkOr6qGk
youtube OBTCSr7nlW8
youtube p9jch03olm4
youtube MUjYx9TDEpE
youtube wAeDpygy0HU
youtube _IRiwNvlonY
youtube _dmNXp2v_b4
youtube tmIR6aBjU04
youtube zOumb1fydWw
youtube wyJUFTElAtM
youtube 6UfmDMz9EZU
youtube fsDY99RqBIU
youtube ys15hKQrU1c
youtube YL_-wTBOsWE
youtube DdswvO5i7fA
youtube 7ELPRckiu2I
youtube aiW7SsxoTkQ
youtube yqvnqzLL0rk
youtube _ggLQTpKl0Y
youtube YKmjnoS8dzc
youtube F--u-Ct0gtM
youtube gs63yiKvAKM
youtube yBCXR9znhms
youtube 0jeKW2XnS7U
youtube fErfYIxe4pE
youtube Twfd2jGYMt4
youtube jBFZMPm_aCY
youtube eHRlgpKs5uQ
youtube 4D-6QmWbw3g
youtube 7LPER6MfpZY
youtube ccKuNzy8VAc
youtube KgE4EMfUh4o
youtube yeHkQKoEdKg
youtube yD1yUJiPZkA
youtube Sf8fbIqqdE4
youtube Rn5b5GpcuZk
youtube Y_9d2wUZJzw
youtube mTLhDePQPto
youtube SfDMFVrl6lM
youtube rXfQZB0zsSA
youtube Dj9rp1kZrh8
youtube ITs8eg1SHtg
youtube n5iuZkETnsE
youtube LGnXaNqZ63U
youtube 2pYJatZZfWs
youtube tXF9zixgFE4
youtube qjnyOVU_rtk
youtube Ki6uBfAmPhE
youtube FpxKXe2uAwE
youtube ijXHxROigVE
youtube jy1CNXj0Kuo
youtube W2tD-5af6K8
youtube s_k-IJPQfuU
youtube 7z0R1ABN2z8
youtube hb_n-kWdB8A
youtube s3Sc4J1HKZ8
youtube 2IIgH6b1sNA
youtube u5AynZT4JH4
youtube 9Fm2O2IzSEc
youtube SJdiCOcyqFY
youtube t7Q7E9MmsQM
youtube p8veqhkPwe8
youtube iRX_MJZNX4E
youtube CZThXJgu9M0
youtube q_ChK4sD0nk
youtube zSQlqBdbQEc
youtube 4JrzFJzU_jM
youtube ZTppLwNru8c
youtube MyrzWO8ZKP0
youtube fD2VCQWouIE
youtube FRmA5Nchews
youtube -wroMc3Sk9k
youtube -0BY2HoNQHs
youtube 7rU4sJIpYgo
youtube G0EYbyngbAw
youtube Onn_A-mY8M4
youtube v9s15OG2CNw
youtube IWCjWNHJH4o
youtube kukm1FxRnhU
youtube XGZzmjX3mUs
youtube INJ7eQEY4nc
youtube baXmLeOhTsE
youtube x48XDpUSKSQ
youtube 0F0RTwem1b0
youtube GgV4a2SFuxE
youtube kaQVCLehtRk
youtube I8ynpD3bR3k
youtube j2M17qOegl4
youtube -a9SBsGVQHc
youtube x-8BiUs8lIU
youtube duvcKHaLGd0
youtube ZMVMKAncpfA
youtube P-ml5zqV3BE
youtube TL-6soTbcyo
youtube 1Lmyq1yBpjs
youtube QQqEPi5f6GY
youtube eMHfhEzINUI
youtube Jq8BRVJStHc
youtube R-TQDmxXIDg
youtube 1H8hiLYgEqs
youtube z44yT-o5JlA
youtube 0npV4pKB6Bs
youtube xlbiYAAoZFM
youtube cnZN2plhDmE
