youtube aZTEFWQtQ7E
youtube gB3XH5t9QCA
youtube Wver_dJ-X5c
youtube X-NY0YVmdg4
youtube 5-UWXylsgag
youtube HfR_EDFvrLc
youtube VPmDEsdd7y0
youtube Ay-A8D8EC_g
youtube UNSKJC2yv6I
youtube UyZfCrrdbm8
youtube 5ITzrTEirjg
youtube v_JyzOVZVM0
youtube IfFCtzMMGPc
youtube Wiw5kYi1TL0
youtube UOuc2fSVGqM
youtube AwfdbTvJDaQ
youtube IsPBplWLImI
youtube zHD5kgHjKj4
youtube uyb0wW0ln_g
youtube JdlTsEoJtLA
youtube lFVsoRmQWSc
youtube _05mQPHk46Q
youtube BZYMzs0Jt94
youtube LZPOYiXaRMU
youtube c8vN7Llnyqo
youtube QhLMlA3Wb8w
youtube CUaybv1jdHw
youtube 9xyUEVeJPO8
youtube XxP8kxUn5bc
youtube L6JG_L-PWMA
youtube MCuFfW3X324
youtube 4himVgExTDM
youtube xGRjCa49C6U
youtube 2pmgu6Yfbb8
youtube c9pQYOGIWM8
youtube dmMhCcWS9fE
youtube VtvBpcyQP9M
youtube 0fHaQdacCmM
youtube lxNXf9fBv0g
youtube 1t7g690boao
youtube Ux8xAuQBdkk
youtube 0EY28tdiFlc
youtube pO2_D2iDz30
youtube 6TwkVs6nhoY
youtube zofBinqC2F4
youtube H1iboKia3AQ
youtube 9lh_becOt4Y
youtube Ukugbb0Y72M
youtube 6uhRxK_EOm4
youtube czCHvDY23fc
youtube nn3wvAN15Ys
youtube IadsLclBOS8
youtube Ftm2uv7-Ybw
youtube A2_yg19Pu7Y
youtube NK2_bcQcoD4
youtube 2eAdXwZjHNA
youtube Qm846KdZN_c
youtube eQuXCH0rQT4
youtube THnQTYqoDzg
youtube IvjMgVS6kng
youtube mA5THpy0zsg
youtube qZ0_aa6RxvQ
