youtube 7PtNUkd34jY
youtube 1rnMdpkuynY
youtube PnCWwUUQ_u4
youtube 7iJBpH0Cbbg
youtube 8Zh3csh2g1k
youtube ZLGMrHxV7jU
youtube dCsxvVaLxbI
youtube xLYHsJ3cHOA
youtube rW6uDr4sfA4
youtube -rEQ4Dh5w0c
youtube XOYpiKDnbFw
youtube AnxHJUH1hxA
youtube 3-3B_Rr7Tn4
youtube -7GCPorhRZo
youtube 19U2AmONnfQ
youtube rYajsCBHurA
youtube GevPacl9nag
youtube Aq9rWu9U1_8
youtube 96unK3ikY3A
youtube 7iJBpH0Cbbg
youtube H5rRaPp79AM
youtube HsQKO0yQc_o
youtube lJk4-TUnp-I
youtube ELwWyGMsl5o
youtube 7MiFmqGDyGI
youtube 3ERJXkm_iR4
youtube yLaOD21ulxM
youtube XYqwntr_R3U
youtube GnGiZEM8FJc
youtube RgthxYwGDjk
youtube lP0zy7CNUh4
youtube JmapafVOjoY
youtube hmWD8luPjuE
youtube DC4Cbg1n-oY
youtube 22YARky13y0
youtube IqSIUrVAoCM
youtube nG4vJO_Jnfk
youtube zukrSW_snyw
youtube VOizORn329g
youtube 8qr6rvgXcsI
youtube 2G4v37aj3-Q
youtube gcjr_dAXRSI
youtube 79fBtyqup0A
youtube 
youtube 
youtube 
youtube 
youtube VA8T00KoJsI
youtube RFg5KMIc0XE
youtube FV-IulJ-pSI
youtube xDWZVp_DTkU
youtube 5TkNkM7Gb1A
youtube 3XPeokBwcbc
youtube yMAYdAeys0Q
youtube 7SZPy4irztw
youtube XEuAqOL5z6s
youtube vkRz3WqSTI0
youtube rrUOcOjQoxo
youtube 7-jZyPitVNU
youtube S7kpYNLhWgo
youtube kL-blA_tSqA
youtube zD6aoK0tiSs
youtube vvezXwfOoBY
youtube a7eR1lVjLj8
youtube FCby_HacElk
youtube 8TeKVaZxRgg
youtube h6u0wJolCxQ
youtube iVwMWR-HqvA
youtube v2ld1ziokXE
youtube N-Kg7gQwZBM
youtube VTvdNybswcg
youtube K2vu4kbSqJ0
youtube VwmlGEVW86w
youtube cTkE3CU6LmQ
youtube Nw2MTeYjE_U
youtube 9NnAtbLQGWk
youtube gHausWG0h0g
youtube gKysbsSJG8k
youtube 89DXnDLOnhg
youtube VkvoK3f6duM
youtube b5wLYRx-IFI
youtube 87zP6wPxOH8
youtube omhD9fpWvS8
youtube k-yexQc-75I
youtube OHkdnjzWFDI
youtube fZXjzAWMDqA
youtube 9SboVVHIVLY
youtube ucq6dU_XWrQ
youtube ullcFqKM7Ag
youtube PzFjaqPQnE0
youtube iPputbMEHAA
youtube 1BoH3LyIOlk
youtube rXGrUoZZFw4
youtube lccbGk6rtJg
youtube -0RDfMPh_Ew
youtube JmGALXhYP-w
youtube 8WGydO3U6K8
youtube Lh3kaJ4H6Ho
youtube kyCDbBaWJR0
youtube DEAh1oBBzxA
youtube GqOgcgEIXtk
youtube EJR0_zcWJQw
youtube 46v2EBIgQPY
youtube wC2FmoTyJuM
youtube zycKFY41btI
youtube OM4xZqbDgpc
youtube F4VkzuU1_kY
youtube VpXpCpddPFM
youtube d-tMZn2AtL4
youtube uVlvVdBko7s
youtube GgDMfiMvKds
youtube Nh5TeN002og
youtube 4UFJDtEo3BU
youtube 61hhGlXSIHI
youtube 7pnxcmraAvc
youtube aQvamtnPR-A
youtube fhMLFYrolMY
youtube w_bs3VVo4d0
youtube zWxUrmXrVs4
youtube zoQIFPE24qY
youtube 01_pKYC-URc
youtube 2gu3dgDyUk0
youtube fX8_a4Nahdk
youtube gberQQCPqts
youtube SUoqdI16lHs
youtube cegz52jYnZM
youtube IKutiL6OMew
youtube qk7CKzoGeMg
youtube jpIedXE-LNA
youtube Ht4s4v2AVfY
youtube v0qJPDUdxe8
youtube nQfDnOkihmE
youtube TXyU-WZIJYo
youtube nTvDd2kgikI
youtube -ZcmxtgVMc4
youtube SvOk9l6YBHo
youtube LvgW0WzAFg0
youtube kgrBP0HLzJs
youtube iELA_FuJOgo
youtube xKD7UX_ceTc
youtube Q6qlGNqrnzU
youtube 8Ofn3W08oYU
youtube vcaREtYimSs
youtube X-pmHM1buBA
youtube ulBdtvL6ozQ
youtube uqU-It1kkwM
youtube F32-JYuILTs
youtube 8BRVvkqzs64
youtube PtP_kT0Z-Kg
youtube aURFm0rS5hw
youtube QM7pq912M5M
youtube _mFc-OJ_ROQ
youtube Z1zn-Eui6Po
youtube LzTr6RxkVU4
youtube dFCrPlhmJ8U
youtube 6YbNvqdwGys
youtube rxOn5Ef7DX0
youtube rzUj7UzDr-4
youtube kSkcGu4I6dI
youtube 1Dcfhd3vQzg
youtube azwf7SigJ_Y
youtube pCd5HBAEAUA
youtube XgJvx82LPig
youtube 432dez9mhTY
youtube hBwPrzKgVec
youtube udMLXTOajoo
youtube B9tS2nLXWLw
youtube 318dK4G6CB8
youtube ouyPEqfftRU
youtube EgQjYcgSmm4
youtube H4b2pljk7kI
youtube pkDvoYhtAwI
youtube 3EAs8Nl0PZ8
youtube 8vobgY01AJo
youtube WmFckOOlHy8
youtube es2VjWS8GxQ
youtube wQatfgBP7jE
youtube G1trhSmxHXE
youtube uQZM5LCaLaM
youtube JF5Yjbicm9Q
youtube h027S1-kBcs
youtube X0eYTYVt_4s
youtube e-hjGWdFmfg
youtube max_Wf0R17c
youtube xsjIREJKAX8
youtube 2UaflLelWQc
youtube ie2CV1b_q3o
youtube JSWSbWL22m8
youtube Vx0v7B6YAHc
youtube PXGHKaJ-8f4
youtube F5cv_hY9g3A
youtube XxjNg0r8K7g
youtube RHu6IHTHJw8
youtube QW0E2eWBg6A
youtube ZbyVtbUo7Kg
youtube Ow-sF8GSQPU
youtube HYgBRtmJaCs
youtube CtOe7ySjLfo
youtube o9ei3drT1Uw
youtube 9oF3e243HRk
youtube LjSOC8RSGEE
youtube P2G2mJd_uYM
youtube CAUmovpItIw
youtube Ftw5oaTMlSY
youtube qDnfo2ukzx8
youtube LzSjd-SykGY
youtube Qv5PyNVLpxU
youtube rnplc_mU61Q
youtube I7Iy8WmvG3E
youtube SM3PkkoU9g8
youtube V9y1qF3qH5I
youtube YH434pewNWE
youtube fcQH3dgKAwY
youtube 1spimOoiGwY
youtube z2JwFYYW-V0
youtube sRXWKX5bMdI
youtube wTDCFquGXWI
youtube cT6Lf1Mh3mA
youtube mNNvW0I15kw
youtube WLvNG7_d6iI
youtube 2SHK8UPBi4Y
