youtube XEuAqOL5z6s
youtube -0RDfMPh_Ew
youtube Q6qlGNqrnzU
youtube ulBdtvL6ozQ
youtube 2gu3dgDyUk0
youtube ucq6dU_XWrQ
youtube 8BRVvkqzs64
youtube a7eR1lVjLj8
youtube _mFc-OJ_ROQ
youtube vvezXwfOoBY
youtube VA8T00KoJsI
youtube S7kpYNLhWgo
youtube iELA_FuJOgo
youtube zycKFY41btI
youtube hBwPrzKgVec
youtube LzTr6RxkVU4
youtube SvOk9l6YBHo
youtube cegz52jYnZM
youtube Ht4s4v2AVfY
youtube w_bs3VVo4d0
youtube 9SboVVHIVLY
youtube B9tS2nLXWLw
youtube fhMLFYrolMY
youtube JSWSbWL22m8
youtube F32-JYuILTs
youtube rrUOcOjQoxo
youtube jpIedXE-LNA
youtube kgrBP0HLzJs
youtube aURFm0rS5hw
youtube 6YbNvqdwGys
youtube -ZcmxtgVMc4
youtube d-tMZn2AtL4
youtube N-Kg7gQwZBM
youtube gHausWG0h0g
youtube 318dK4G6CB8
youtube F5cv_hY9g3A
youtube fZXjzAWMDqA
youtube zWxUrmXrVs4
youtube ie2CV1b_q3o
youtube JF5Yjbicm9Q
youtube 8WGydO3U6K8
youtube VpXpCpddPFM
youtube vkRz3WqSTI0
youtube 1Dcfhd3vQzg
youtube Vx0v7B6YAHc
youtube xDWZVp_DTkU
youtube dFCrPlhmJ8U
youtube b5wLYRx-IFI
youtube P2G2mJd_uYM
youtube EJR0_zcWJQw
youtube zD6aoK0tiSs
youtube ZbyVtbUo7Kg
youtube 01_pKYC-URc
youtube K2vu4kbSqJ0
youtube aQvamtnPR-A
youtube 87zP6wPxOH8
youtube LjSOC8RSGEE
youtube Ow-sF8GSQPU
youtube JmGALXhYP-w
youtube xKD7UX_ceTc
youtube o9ei3drT1Uw
youtube 8TeKVaZxRgg
youtube QW0E2eWBg6A
youtube PXGHKaJ-8f4
youtube F4VkzuU1_kY
youtube zoQIFPE24qY
youtube omhD9fpWvS8
youtube HYgBRtmJaCs
youtube LvgW0WzAFg0
youtube QM7pq912M5M
youtube RFg5KMIc0XE
youtube rxOn5Ef7DX0
youtube 3EAs8Nl0PZ8
