youtube _LZXyaV5Vpk
youtube JLM51CFMQK0
youtube x20ur6SO8g0
youtube SAEH37O6ZO8
youtube wUMUrTeHh10
youtube GOEdRPS7Nds
youtube e3xLaN2b4jE
youtube Cw8J1X53F7s
youtube _pij9GlufT8
youtube 71bsagOHbaU
youtube 7_xGDYgtn5E
youtube AVjCUJ6fkkU
youtube Hfe4xsUP0IE
youtube r9Ngl-RJNns
youtube k2-YT5Ehv3A
youtube 9ZSzab8EbhM
youtube jcq58q5HZqM
youtube 7NSDmoT0Z-M
youtube KdJ5kyeKVnU
youtube lzKO4vAI2H4
youtube Uxjn3RJkfQo
youtube CbnWsc9MJ4c
youtube 2ODiCd0jg6A
youtube -gwl3hfyHXI
youtube jUCbxrVdaVg
youtube Ib9ElrhPOlQ
youtube XLtvmHCG4Ic
youtube hsX-46rQGhE
youtube 5yaoE9faEnw
youtube 3tkffz6WFNw
youtube xhmH_cUoQig
youtube mN-w8K2CIvs
youtube wafis29NSCM
youtube sGALNiDS_lI
youtube 5yXT_G8QMDo
youtube 2RH8ygPFLTc
youtube cFuoBgOOQ8w
youtube 3M4S3Lt55jY
youtube U6Px5JMyDZs
youtube IamJIfDvBgw
youtube b-ZEJIZBg1k
youtube wJZpZCoSHQ4
youtube zA6WTOQ4t_4
youtube eReqNS87WzY
youtube nbpOJ6CJUGY
youtube jakyOJwUygE
youtube Zo3GNpJph8k
youtube ydkBM03HuEo
youtube OQsU6pHxdrU
youtube L7p6_C-jlTE
youtube tCmo6qhdghc
youtube VfFTkuhSjoo
youtube LjaOG2k2Ja4
youtube wscRDzySE3g
youtube 39hU6PCjfrw
youtube FYJjH14apgY
youtube GZKOG7fcweg
youtube j7GvT7_5CUs
youtube gVi_M06D5ZU
youtube LwE2T_bOxLA
youtube -BLgBOL9tdo
youtube w1fzxQEaDDM
youtube 1F6HxxQ_mG4
youtube -2rFq8XNDs0
youtube KZCr1iwKENQ
youtube x9Do9tiltBk
youtube e6B5KsRO8Yo
youtube zaRCwxESJzA
youtube Xh2p_XHjGOk
youtube y75olsXM6Mw
youtube hTfEoEaVst0
youtube q2msQ5gCnhQ
youtube sNnek98flh0
youtube uf5f5bsFc0I
youtube 9gDYwaRlSPU
youtube nblg8UC0J6Q
youtube Z6PiFOkbHFU
youtube PlcEr9hZgWk
youtube tEqPdPmJb6Q
youtube ygiOoamH3es
youtube 8D5NG0Z3zqA
youtube H6kk4GIFyAk
youtube Y1EheR8BXWM
youtube yysdeSYZeJ8
youtube ESFq4SEjjmk
youtube Sm212iQKXbM
youtube zE-KnLIkEXI
youtube EdCwKzWEc38
youtube 2SdwttWcfpo
youtube Rl2vOYjdubU
youtube chhGcaiJVf4
youtube rQhsvnzjLfY
youtube q7PqK6WID34
youtube dxEg7ALWM-M
youtube 8V58fnahDa4
youtube ckYUsYuqBuc
