youtube 5yaoE9faEnw
youtube chhGcaiJVf4
youtube jUCbxrVdaVg
youtube 9ZSzab8EbhM
youtube Uxjn3RJkfQo
youtube wscRDzySE3g
youtube Cw8J1X53F7s
youtube w1fzxQEaDDM
youtube GZKOG7fcweg
youtube b-ZEJIZBg1k
youtube EdCwKzWEc38
youtube Sm212iQKXbM
youtube jcq58q5HZqM
youtube x20ur6SO8g0
youtube xhmH_cUoQig
youtube 7NSDmoT0Z-M
youtube r9Ngl-RJNns
youtube -2rFq8XNDs0
youtube sGALNiDS_lI
youtube uf5f5bsFc0I
youtube j7GvT7_5CUs
youtube _pij9GlufT8
youtube wafis29NSCM
youtube 5yXT_G8QMDo
youtube LjaOG2k2Ja4
youtube VfFTkuhSjoo
youtube zE-KnLIkEXI
youtube GOEdRPS7Nds
youtube lzKO4vAI2H4
youtube hsX-46rQGhE
youtube XLtvmHCG4Ic
youtube KZCr1iwKENQ
youtube -BLgBOL9tdo
youtube 3M4S3Lt55jY
youtube Ib9ElrhPOlQ
youtube hTfEoEaVst0
youtube Zo3GNpJph8k
youtube tCmo6qhdghc
youtube y75olsXM6Mw
youtube x9Do9tiltBk
youtube ydkBM03HuEo
youtube 2SdwttWcfpo
youtube Hfe4xsUP0IE
youtube nblg8UC0J6Q
youtube IamJIfDvBgw
youtube cFuoBgOOQ8w
youtube L7p6_C-jlTE
youtube OQsU6pHxdrU
youtube 71bsagOHbaU
youtube ESFq4SEjjmk
youtube 9gDYwaRlSPU
youtube wUMUrTeHh10
youtube CbnWsc9MJ4c
youtube -gwl3hfyHXI
youtube e3xLaN2b4jE
youtube 2ODiCd0jg6A
youtube zaRCwxESJzA
youtube JLM51CFMQK0
youtube PlcEr9hZgWk
youtube sNnek98flh0
youtube nbpOJ6CJUGY
youtube FYJjH14apgY
youtube gVi_M06D5ZU
youtube q2msQ5gCnhQ
youtube 3tkffz6WFNw
youtube 1F6HxxQ_mG4
youtube _LZXyaV5Vpk
youtube k2-YT5Ehv3A
youtube Z6PiFOkbHFU
youtube 7_xGDYgtn5E
youtube e6B5KsRO8Yo
youtube 39hU6PCjfrw
youtube wJZpZCoSHQ4
youtube eReqNS87WzY
youtube mN-w8K2CIvs
youtube KdJ5kyeKVnU
youtube SAEH37O6ZO8
youtube LwE2T_bOxLA
youtube tEqPdPmJb6Q
youtube zA6WTOQ4t_4
youtube 2RH8ygPFLTc
youtube ygiOoamH3es
youtube Rl2vOYjdubU
youtube yysdeSYZeJ8
youtube Xh2p_XHjGOk
youtube Y1EheR8BXWM
youtube 8D5NG0Z3zqA
youtube H6kk4GIFyAk
