youtube TTx-eLKhH4s
youtube ZU9NqZM3pIs
youtube JdiVaEnHL4M
youtube jM47O1ZuBGk
youtube qnO7ENNZgdo
youtube BqZBnWuAuiE
youtube HKy_wLKW4_k
youtube m9TzWEibw_Q
youtube XYKJ-NRCcTI
youtube rYqnZZKpAVQ
youtube cvTnHmW5tFA
youtube xqHQmPUXUy0
youtube RmZDZ4zvCXs
youtube zCb4yRPYpiI
youtube tRwMD-hCtjk
youtube -AVJ4W-Xoas
youtube 291-YHKBztM
youtube 5EVoUZ7NPIs
youtube 4DFgtsWnRQM
youtube 66Rir47hiAw
youtube E5Wi48C9sYo
youtube 9YXFFoH1V10
youtube drHxX0IPpsI
youtube ckzAbRBlsng
youtube hRXv_VU35Lw
youtube pVqnL0nkfPY
youtube h5EUK4te6Ls
youtube ujo0Ge1j9Dg
youtube iB8QnJ_OdgE
youtube bBBit43FxHs
youtube 8nZ29MleRHQ
youtube FcAXJfD-jTE
youtube gBKi2qP9HU8
youtube qi4ivtn4-zM
youtube s8vaxdvojW0
youtube p0da4fWzzP4
youtube wu-Frdlrl_g
youtube 9Tx1axs36qM
youtube S-97xurhqZs
youtube 4J-0cnpQeLc
youtube -c_4DqdA2R4
youtube T1lJo5SkwQE
youtube mOQIaGIeTiM
youtube cJtfSkQhVVw
youtube c1xpVeaOBpo
youtube 3TEA7BQBPak
youtube h-FNkk9QG98
youtube JYlvHCziOlo
youtube 4OXqFsrtz6I
youtube 1TmIR2_RHl4
youtube NG2vHDx7XKk
youtube e3PcnNiWygw
youtube mChLoMuwKgw
youtube QH5TWbyfNoU
youtube u-Z5RveRXMk
youtube P-mjj4jbcqc
youtube 61SWGdZ2p2M
youtube hHCNZU76qK8
youtube 78hb6NN8_fQ
youtube jYPgtlarcgw
youtube I9pBTUrZIeg
youtube 8ZEDedgZX_c
youtube 5G4bahmSyZI
youtube 9cNfFwIWcJs
youtube guw7o_GOS24
youtube vLm76-qU7xA
youtube LXeFH8foW9E
youtube Z7R8XRKqHAI
youtube M7XdnYiQKjQ
youtube MZk0G9rFb0k
youtube 80KAX3pY1mE
youtube kuin3w6SG9w
youtube s-14mIjz2DE
youtube RJCvwslfIYI
youtube F-DqDesJg9E
youtube xtzDLf137lE
youtube _4j1UrgfY74
youtube Nv6YFqkSkyQ
youtube YYJazxz14y8
youtube aB7iS2ajtzM
youtube yyCGrUZqXgE
youtube lJiWQhEsn5U
youtube 6XZfo-USVcw
youtube huwDsd0sAVo
youtube YV5KAbV34NU
youtube FxaTuUa-sew
youtube 3XuzC0hhU94
youtube XJ7YI9l5t0s
youtube 5ya7MEc8WRU
youtube X1bN6Yg7FjQ
youtube w1B0pKmswcA
youtube PKUuMLAgXBY
youtube 7oP1oLSQksU
youtube uL0HM4Sy-2Y
youtube FRjZXjgHRs0
youtube LleCwD-2jA0
youtube H6wj2weYizI
youtube ABwsmDzskrE
youtube 0brlcv5-k5w
youtube w2Gt4-GqOmI
youtube zELaaJk4j0g
youtube ruP3K2p9dqU
youtube GTKZGbNJ48k
youtube MRANmauBFOA
youtube e58ThnKs6Ks
youtube ymj8MdEve2Q
youtube bKjalrPVF7s
youtube IOujPaFkjiY
youtube XCSM3-mdSdA
youtube 6R3u6PtsDLM
youtube LT7MOirwZdM
youtube t-Z2BDDogCI
youtube uWslBusc56g
youtube C11yVVg3tck
youtube 2sx3U_6LqdM
youtube RNWuBCeMlqg
youtube NeYMQaL7pUw
youtube eJ3H0Njb1As
youtube Q4z5PI6jmO0
youtube Cw11_OeGyEA
youtube DEKFkwVwfS0
youtube Pm0rygVF1P0
youtube axxSSgiYkvk
youtube j5QlGQDKZZI
youtube sDsOIOY12u4
youtube 0RgIK36X3Tw
youtube yA9sZudtacc
youtube G8LijNVWk8c
youtube ga5eA-N34gM
youtube GriGmpCfkuc
youtube fBQ63fa6SJs
youtube KzV_UCQFY6w
youtube XZ6rv2ZC3Kc
youtube mqrWJCsiknA
youtube PvPuxUzjvts
youtube I3W3mRs4ULQ
youtube IbVoo7YLWnI
youtube 1Lp-8CjuNeE
youtube nvt1HgSkJY0
youtube tZ_YqyMmiCU
youtube -HLA4OIXs3U
youtube V5v07eIFfNY
youtube BHF0gsRsNBw
youtube oIfsVtmFoqU
youtube 610XM39EE1o
youtube apKRJx0oBOU
youtube cUAsGr6KM2E
youtube QgD5p1XiVT0
youtube qjmpd-aGo6g
youtube j2Z2yL8RYes
youtube F5Z6CZvw2cA
youtube NQcf-iR7TRY
youtube QVeES2VTBiM
youtube Iqt5DI2lpLQ
youtube wqg_rb59WYE
youtube WcM14Al83Ls
youtube oHvl6z56zGc
youtube Y_23xi9ck10
youtube 97STcnWqFr4
youtube 56L5ppNRyEs
youtube -OtOnZeQ9IM
youtube 1bt-FHaFVH8
youtube 2FoyU9AStnA
youtube IJh23WIdPlI
youtube SOUwxaAmoAk
youtube iZB-h5yDZv8
youtube CEdD2_pdG_c
youtube eNzenkoeJcY
youtube e_pIXLexFaY
youtube WWoKv2eZLo0
youtube LM8JhvfoqdA
youtube f4LhCv7RY4E
youtube d9NF2edxy-M
youtube aXO6FBVh0oA
youtube -3wXteJqudI
youtube 2pPJJKrb-M4
youtube MZ376rDAn1Y
youtube 7gzJFwB0JzE
youtube yE2kANx8WdA
youtube HeDyxfLJsgI
youtube IWl-qpjBcho
youtube CrYntgFr-s0
youtube xpUkfCVDjWo
youtube IHTrfJWdqvY
youtube u1IKJn1lKN4
youtube -98nmUfaBqs
youtube D-K1amTMA0I
youtube Jh7mw_j8nCk
youtube ChNW7Ey7KkM
youtube 9iGWdpEoiE0
youtube SvN6AG3-DxY
youtube tJ8nkJ1_Ee0
youtube 2U0NFgoNI7s
youtube q7PieJatM_k
youtube u7F2rlRwDN8
youtube KrM-Fmr90FU
youtube IfrvT0dMDYk
youtube 9BZ1-P0rCfU
youtube NihQyZp9598
youtube 5p8p5JkWUGg
youtube ksecJLVw8yc
youtube 0WQUZEoTV-A
youtube 0J4tAzpBrPM
youtube kW6cjZVh3CA
youtube Lf2db4hD6zI
youtube TjkVXzmsP78
youtube idXO4MM9Kws
youtube cZ3vj88hFjI
youtube Bw-VWJwxViM
youtube rnRq0YjdspM
youtube 1ELM0iTPb30
youtube q2LEbmmilAk
youtube q-kRmIPSa_E
youtube Ha24OEUC-y4
youtube pRo8f7Wt7J0
youtube bSBf8rZ1Uso
youtube ApzegwBMImI
youtube R6FnwZ8fQ6o
youtube -6oKQFNtc-g
youtube TUziptRu0xs
youtube wnx6NVyGjqs
youtube V46cEF1UNpY
youtube TgXq_Z0agws
youtube Ly6tmnl2bCk
youtube d5J0pOUfM4I
youtube hScI2Pw1w94
youtube U6n_-_8GMfo
youtube rfOx4CmQWLs
