youtube zKX5Dmnf4Bg
youtube 4IanqECwABc
youtube Hw7AERmleAI
youtube XvDZ7oCwzio
youtube ALE7C9EeGGk
youtube ZOYU5yqOca0
youtube bu3_DZh6JCw
youtube dHaV17G2lEE
youtube QIaukeG9iCE
youtube RFurho16L7Y
youtube FkXAWEPwLow
youtube SROlEEpRpgw
youtube BusOTAj7NyY
youtube _IjB9cgqD88
youtube Z0R8BtFZ0Vs
youtube kkMwyM_d-Y0
youtube OStrSVDJ_-w
youtube YmhOKz6utPs
youtube hC0BTDskvck
youtube UEQMEocZaEQ
youtube AERJG0SonKg
youtube _BOdikrdv9s
youtube AyhtF3347Lg
youtube bKRjWQND6I0
youtube LHkndkuJ18A
youtube MpvvRIJROJs
youtube Pnw13qMw3ls
youtube pyeVqy7L5jQ
youtube FoMz_uthC0w
youtube omZYQqfx7Xo
youtube s-T5U3e-aHU
youtube 953qUZApR4A
youtube csmQ8waG2_c
youtube bFZ2MZpRve4
youtube b9_alLCZw20
youtube WIDqLaZSgiU
youtube HmNX6r8-DFk
youtube zVlQmlFA33k
youtube M2WpJYk2fHs
youtube W9yrIJRI210
youtube Hht5Ta6KPjg
youtube PYtSJNzr0PU
youtube MLlbcp7Zv2E
youtube JNYJIdJYNa8
youtube 4HawCGNwvuk
youtube v_dSrt_kNdE
youtube ixu4_6RmDQo
youtube dma3ZXV81oY
youtube 1HNN5ZiC-n0
youtube wWUc1CtVcec
youtube FV_R6jWHQz4
youtube Tr__vdBHQCk
youtube l5zRvaeIQH0
youtube 7B7YvkfyVa4
youtube wBNgPEGArwY
youtube jGKZGJL6_OA
youtube gJLi4AaV9FM
youtube EeklIoyrVis
youtube fcf80kzgmRA
youtube kpI3RV3EsXc
youtube ycJYbAf3qbg
youtube lofShi0UcmM
youtube oJXr_ZhMnLw
youtube bZJ7FweA_Q4
youtube MnqnQHcfnno
youtube xL5-YZBtoxI
youtube hDDizr7Tj2c
youtube jLWHRm6HvF4
youtube ja8GXdJyRR4
youtube cmWcNpfezAU
youtube _a9TWjbMgIQ
youtube QHe8fPcmato
youtube NJROX90r1dY
youtube dOI6LPJV8m8
youtube U0eLmyJkQBc
youtube Joh-RyEwnJQ
youtube X6bhYuTQrIo
youtube GEzBa3I9Q98
youtube cGqL8yLfgAY
youtube uxXWk6X-WbY
youtube hyR8yiOxlmk
youtube FFwHL4mKXYE
youtube 3toIBxCzcg4
youtube 2ByBUqB-Q0Q
youtube 3Yf4WfK12y0
youtube Rh4zWGpRs3E
youtube qp2WVnZ8wcs
youtube YsYEizroiH8
youtube 3Gvc5MtDUcg
youtube Wz-6UralLnY
youtube 7xwlwWQc4w4
youtube Xz4hlK60qjg
youtube 7_tLbtqcOj0
youtube 382tW4Rhk1c
youtube -Kv7c5Z7ZEU
youtube 70UJsVTtjLw
youtube AIus7nFz2iI
youtube NdY898ZsFw0
youtube aiLb9_mvaYg
youtube KoYtqhRk25I
youtube tacMdPlpdDE
youtube enzjY2AuW9I
youtube noD1vmozK_Y
youtube LuOjkMWcuOQ
youtube d424c4jrBhY
youtube EwCXTa1ZKNU
youtube g1LNTAdIi8k
youtube pKjtuoYA7Vg
youtube v23fBC70hR0
youtube lV42_YdGIBQ
youtube tAc40FV0cA8
youtube fMRw9dnWyfw
youtube YZBlgRrtgJw
youtube m8gKy5eKupw
youtube Q6F5P2H_2mM
youtube vvuZ6EBMhDo
youtube KahgG7Z8vsk
youtube 8SNLcvANhUY
youtube EFi-pxsKWzE
youtube KY-Qb42IbnA
youtube Wa9YSAdbKh8
youtube 7WC3nKANCd4
youtube GYR5pZPV8tM
youtube qFsZ-wWv4Vk
youtube URZ-758xm-M
youtube H1qQ5EAUt6s
youtube onqy6kqAzWo
youtube 0mhMyJDC9Sk
youtube Nd7UrNUXPSo
youtube op1wkW_Nieo
youtube xc6v5nQSzUI
youtube u_b2GwaZig8
youtube yM62puioE1E
youtube MEYq07hhM4w
youtube zqu2QNuk7nw
youtube _6baunpPzVQ
youtube ZxEDLOeJNF4
youtube hxGAyLlYSQY
youtube DILbuQadWfA
youtube DQrDPv5SVzI
youtube t_2H0KGp2w0
youtube HbQsiDc_1oc
youtube bXSRLX8U5Iw
youtube AwhSADuTncA
youtube TQSqNNBDaYQ
youtube 84fkp_5N4mw
youtube 0J2JYY5isFU
youtube tAE5mF3n5zQ
youtube r11sjpkfWxg
youtube uVZRxtEwAAM
youtube 1crExPoJFRQ
youtube whjZAu_0sNs
youtube OD9b40eqk3A
youtube _NYFUQKpTVY
youtube iYHLi55wVHc
youtube Ia3LbW3oKTc
youtube ZXrBVIlx-0E
youtube 9Ptcwh-m0eY
youtube WLbPtYeZsB8
youtube TZwT1aFNhL8
youtube jgTqSWhh4mg
youtube 02qaktrlBjQ
youtube EUkKKUf1zWU
youtube bIjCNQT5BNU
youtube SGIV0uqXNRs
youtube aaRjszEt62Q
youtube Fv31nodIwbE
youtube EzXT2bMQr5s
youtube XFMRHayb300
youtube ubLnQkN-Kc4
youtube zYmtGK2RWHk
youtube rmbHg8zySe0
youtube PCoif1FvokU
youtube XZ4WXAxtGDc
youtube XlXateSYTSM
youtube 9yGx7Etw0D0
youtube jD6sHfrIsrQ
youtube d4_ueJdx7Lg
youtube ejPQMMtroUs
youtube PDdt5B_d5cw
youtube brLA58kslZ4
youtube zzk5ohWYtAU
youtube pe2kDcOZaB4
youtube oHL-9CEQ5ec
youtube Xj--DUBSyig
youtube IOPMErOFBwQ
youtube bohjtULDzRY
youtube WtGTYl0t0Pw
youtube t5n_vtpRTng
youtube 9IpJgEa-_YM
youtube lBlu_plbTck
youtube jLj1jAfrpEw
youtube c2uWRWZhyoc
youtube PVwD8c1Vl6U
youtube IkYf4_8Q0lg
youtube m17vOGxQ5c8
youtube 5joAs1Scqzk
youtube GNtCNKsmnvc
youtube 4bIuzgv5iDg
youtube OaorS5mUGcA
youtube qMs90EaC1oM
youtube ceP04evUN_4
youtube NV5Rstcg_SE
youtube TaD37phcwkw
youtube 5u1p4OgJKQ4
youtube -IYw4WvoEkA
youtube sL2u8OwFVQ8
youtube k68thGEDlx8
youtube A9sTuwuTruc
youtube nl7Eb_RFpt4
youtube XR1Vp-uvyWE
youtube GjIeD6W_QTo
youtube xRLRnzCaQ3g
youtube zNyLWqp6-GU
youtube x1iqXZXrxRQ
youtube jNti0qLIEaQ
youtube FEHkVfbIoug
youtube ijMkrH3Sexc
youtube 92p8IOlEqEA
youtube R1x4tDCW0So
youtube 5wIB_9iUU9E
youtube 2pXbYceas5k
youtube fomYDjxUTdk
youtube zfyKaPjafOI
youtube L8H6lQI4zn0
youtube JHHZrXciDXg
youtube _XlR6Nq19S4
youtube z64PnCoF7XY
youtube xhhXm18DXP8
youtube CChOKgUoOLo
youtube MWOADwCCDSo
youtube YvgOFH1DjZw
youtube SN06iQz7KRM
youtube iA39qYYZnLA
youtube GbKkMCGLDpw
youtube u2RvqKCn7S4
youtube rGCtEPnYzM8
youtube OTljDR0w_lk
youtube -A1Yp3h-51M
youtube Z6f1-wh41o4
youtube GpPIBqXSFII
youtube DMvbb_HYQw8
youtube 1oMhDMlBjhs
youtube x6A5b6xgwzA
youtube DNbulcRx7UY
youtube eNrOs67zd2w
youtube Frw_K3rWSGM
youtube dnZlEVD0tLU
youtube KsMqhVfUC9w
youtube 9TPSs16DwbA
youtube HqWbghjE6ME
youtube 9rf300Iv4X0
youtube v8q1RXYjxuY
youtube 1qjGblFflNM
youtube VawMeVTavLc
youtube JNyd_5cCkyQ
youtube 4Qu2VHBhGZo
youtube 3pNpHZ1yv3I
youtube qOm62K3LEjI
youtube LFGsZ6ythQQ
youtube Snyf0pqVY8s
youtube i6Zt6ZERmks
youtube kZD8bS_15aE
youtube MUG5f_jDz0Q
youtube 1-9I8JoH7lA
youtube O5HgvLUgXYA
youtube vCaBAlGa0FI
youtube MeeonLD5rr4
youtube g0nYmNfki98
youtube ZnPifcql7bs
youtube Xt66eVh5Hrc
youtube XcRGu87u6rU
youtube D330APmrv5c
youtube HA6nSQawROM
youtube VL9bpCjazT4
youtube MCfL7EBhBS8
youtube UMRG7lLIycs
youtube vhJG8WH3aUo
youtube pba9lGWob48
youtube 3DVGB2ZOhuw
youtube HSEX2qv2bK8
youtube E5Ppl49Lg1w
youtube fU9oWQvVayk
youtube 4XSsqFDDV-s
youtube yD-Vlts2dXM
youtube oFAUuvkjjX0
youtube AsrgH2tnVuA
youtube 42LKlio6oSI
youtube sUv915yoPVs
youtube _9LO4N7u0YI
youtube ZzjRREdnKaI
youtube WmIrhRSi16M
youtube Vi74d8r0pTQ
youtube _SI9wVrTZX8
youtube VBgXiusQnF0
youtube mWLmbFBIJFs
youtube oRGdIUhQ91A
youtube meYsDqkMENs
youtube Ey4yB75zjS0
youtube wQIgj58aUJk
youtube rymx_DjAaG4
youtube gidofvV3wYQ
youtube CffsbhHTTSk
youtube afqEbHB-5zs
youtube mg7netw1JuM
youtube NzIhnJbfLcw
youtube -knaH4fqiu8
youtube zvEX3Aniyxo
youtube lv9bhe1P7O0
youtube OF_JteasAqM
youtube DroUbxgsUoc
youtube 9sXPSdslJ4w
youtube NVfk5-ZFtB0
youtube LTRgq85SVnM
youtube dvkI7KRNuiw
youtube d3iEEmLUf0A
youtube zeV0x4K-8SE
youtube ZFADtmbLC60
youtube RjUPU-9ECJ0
youtube XRMzBF18-bA
youtube hk1TWZ-yGII
youtube 5W1jvNH9V7w
youtube 5_kfUOk0xA0
youtube S4zg8V4Inik
youtube s0UR1Dx-STs
youtube Anch1qKsH-Q
youtube VNdOWSy35ao
youtube oOezfFaWRjo
youtube HMFjiUcKVu0
youtube 7GSre2_s2uo
youtube 4WpfgkvzaNc
youtube 05Ajc0u_784
youtube DnJBDAhSQ-8
youtube kxRRuM99yg0
youtube EHO_jI9haKo
youtube P3T8a-hcN9w
youtube yAEJ7pqUd9w
youtube 9E4SWNB8uz0
youtube xtK8al10YKQ
youtube 9GqiYMBv8Yk
youtube gJ4JAcxy_Xs
youtube oSSxh8zGnJw
youtube 2lEMJKF4Ats
youtube ToZjeGaORoU
youtube OdlXP4Qu5ow
youtube rRdNULPL6i4
youtube 7FHwGH2HCFQ
youtube 4EPI-C_D_QA
youtube _i2TdXgZiZI
youtube QGjdxmfrrlw
youtube GiO_Ngw-Dqg
youtube spONWiNTVkw
youtube cpc9mO8vzTI
youtube Qbr_3e21G2o
youtube qR187cCXkeE
youtube j5FUBy8IyY0
youtube qp4cIBmnQg8
youtube 7kZJnqbUpQ8
youtube khng_0YiYco
youtube ye-J0ZblMeA
youtube 9V_zZYxagbI
youtube xHmuvN02sxA
youtube 4enzWr2jJ1M
youtube EGnM1xkJe9g
youtube 6CHYWelOM38
youtube DZsPd7fWjSQ
youtube vTuQ6XBEQ_Y
youtube OinPQAjh7Js
youtube qRDcxtZ-DS8
youtube 2J4uc6ouI2w
youtube wqTNNbMmsow
youtube afhlm41cFxg
youtube 8MOeat3CbTQ
youtube uweSrRGRfsc
