youtube DZ99f692ZTQ
youtube sze2VnSsMyU
youtube bYT8uDlhHAA
youtube 4OpJSF0q7_U
youtube UNMfDxk7DfA
youtube qTIoMUWhF_c
youtube x5c5foL0igc
youtube JPuIqX8W0pU
youtube v4XZ9J3ANzw
youtube 45uiMsrpURU
youtube qI5-J_jFhvI
youtube KXRZdRjk3qg
youtube 6VvGO1cHInc
youtube LNqgxrx6Xuo
youtube vpA3O3bUjMw
youtube IIczKBMxex4
youtube LgFecXtIVDU
youtube 3tYJPE7tPeE
youtube ad4URh_ox-E
youtube afzzq_oLWC8
youtube N_--htedYy0
youtube zzdTZzBRjZI
youtube D1tqCgwM0qE
youtube 7DSc31jgjgc
youtube us4ysbEXV4A
youtube 8KKRNxEgIMM
youtube x9SSbyaw6DY
youtube QR8fHBTcosU
youtube S972Kgiwy7Y
youtube ZAK8zdsfXtE
youtube O3o3A1tAkTw
youtube mwhGbAt7yho
youtube nA64KnZb4O8
youtube Kv0JGHFiNkc
youtube p53bqx7cseM
youtube svlpQm1sn-U
youtube yDjI1-BFlc4
youtube U_rjlo1ijj4
youtube jmwrJEaZx68
youtube 8KHJ-DcGnGk
youtube TpHKQH2F49k
