youtube bYT8uDlhHAA
youtube TpHKQH2F49k
youtube N_--htedYy0
youtube jmwrJEaZx68
youtube DZ99f692ZTQ
youtube UNMfDxk7DfA
youtube IIczKBMxex4
youtube 3tYJPE7tPeE
youtube us4ysbEXV4A
youtube zzdTZzBRjZI
youtube svlpQm1sn-U
youtube 7DSc31jgjgc
youtube sze2VnSsMyU
youtube Kv0JGHFiNkc
youtube yDjI1-BFlc4
youtube QR8fHBTcosU
youtube S972Kgiwy7Y
youtube p53bqx7cseM
youtube 4OpJSF0q7_U
youtube JPuIqX8W0pU
youtube 45uiMsrpURU
youtube 8KHJ-DcGnGk
youtube mwhGbAt7yho
youtube vpA3O3bUjMw
youtube afzzq_oLWC8
youtube ZAK8zdsfXtE
youtube D1tqCgwM0qE
youtube x9SSbyaw6DY
youtube LgFecXtIVDU
youtube qTIoMUWhF_c
youtube U_rjlo1ijj4
youtube v4XZ9J3ANzw
youtube LNqgxrx6Xuo
youtube x5c5foL0igc
youtube qI5-J_jFhvI
youtube 8KKRNxEgIMM
youtube O3o3A1tAkTw
youtube KXRZdRjk3qg
youtube ad4URh_ox-E
youtube 6VvGO1cHInc
youtube nA64KnZb4O8
