youtube O07m48VMu-k
youtube lJmzi9YUIs4
youtube FtI2IZhl_K8
youtube ZFLpTsrVX9Q
youtube CLCMkqDITuo
youtube n0YVJPjpHBA
youtube LRXtz87sf5I
youtube ctFFX0cFFiA
youtube ywb1zwcYaq4
youtube _o6Jyn1KgQQ
youtube Pe9tLbdJdWY
youtube jmQNzWxdWLQ
youtube XT0xLpIPHbE
youtube z5eShCW0WdY
youtube nWThtSF0vSU
youtube O-B7OwiVoAk
youtube _HHc3rRIk3E
youtube VImJf-vZ6OU
youtube cXdE0XsRKys
youtube B7Z66qDHBRw
youtube _ywjj0qh-Jc
youtube GeqcyXY_IDU
youtube aTZbhW2kg8M
youtube AvqMGnMvUX8
youtube 4D9ZF9mB2LQ
youtube G_zfnJvF8AY
youtube rrtDBo72KBk
youtube dPqCRyzhXn8
youtube YyPPSOg7MLE
youtube oWPQJJ_n3Sk
youtube degBn1rH8cA
youtube 6C7VfOI9LqY
youtube 68njFIej99s
youtube k20uAe5IAWE
youtube C2Y7WGm07rM
youtube n-QV4cX3Wrg
youtube zuXnWoa80Fw
youtube 5tqdo5HiKu0
youtube 1pOxZ-pb4tw
youtube bBKc46ytHNg
youtube l03xlpNB9w4
youtube _ofTk46Bc4o
youtube mUqE5gu9hQs
youtube 8buPO0eWpzY
youtube 7r_0hAW5Q5U
youtube BV4_0v5kRPY
youtube 6J64DKnpBmA
youtube KgFSalYdSiM
youtube ZNgLhOluMTU
youtube Tvpi3lY8vQs
youtube E6F91X1RRmE
youtube -Jn_ZkiIZPQ
youtube I0Qhhsoykd8
youtube gyXnLKKN6WM
youtube jARCcFRj_es
youtube MLd2tszjeF0
youtube sbWLaXJzGfU
youtube bHAI_-0xUBI
youtube 71eZVsSpr0c
youtube Haa9B3QPL7c
youtube FWATKhH0PYA
youtube uj9CTOsEUks
youtube gtg3YQvxdxM
youtube vcNfmEwEkAg
youtube Tzgt-zyP11c
youtube 0jVLNtHQ-9U
youtube VJRckxDvECs
youtube E2VsrZ4Ujrw
youtube MV8_rpKjZvo
youtube G1OiInvHhGg
youtube vDSKhMwtDXg
youtube PyK71LrUaP4
youtube qVOH97ZxhTM
youtube wq2SW5xDDoM
youtube 6Ptj8xd4FQU
youtube 0qC9Ll3Kfec
youtube tfrgynhFkc0
youtube RecN9_rHt0g
youtube j06AtzE7Nv4
youtube vLEek3I3wac
youtube 2bTE0TZP9qQ
youtube uXv2ryGZe4k
youtube mZBruGZZo_o
youtube e3g1EEuZd1o
youtube toLAMo2xIwU
youtube rSh2eo3Wfx8
youtube OT26Yl5Y0fM
youtube g72mcDLE8Hc
youtube GNQLPUtEK84
youtube iNikpZDmuVU
youtube QNu4Sv5la0U
youtube peUJ9QUi3E8
youtube hOR_aJHvjcU
youtube 9k9UcX0mrBs
youtube ZzmQGtJ24Mc
youtube uPhQcodFmcA
youtube xnttZCAhEso
youtube GoJBREa3-Ak
youtube grjlmtzzmUA
youtube rIwCpVLz5Y8
youtube 2sentZwpDT0
youtube r_eZ2cOnzQ0
youtube cv9LF5r07cE
youtube ixTTKY2U4DI
youtube tM3b5UuExoI
youtube F3PutQOPYtw
youtube a7jQGllP6yw
youtube y-rW_l-kEpY
youtube XdnC92GXGn4
youtube r6IURwLzTX4
youtube hm0zXtAQSLo
youtube 6mMAnavABSE
youtube F5Tt3LoygCQ
youtube rwoHj3KHnr4
youtube aRnw-bSQ5XM
youtube GAHKJe0CXvY
youtube _FO_9zo3AxA
youtube SBMXxm9X3P4
youtube obqWkImNAnY
youtube cobCQxnRnY0
youtube VvQCNgNAw_M
youtube A_CBuQnzGhs
youtube 2qFHVHLru3w
youtube YSw0XgA35-c
youtube iU660Iy2PWE
youtube S7K-nr8v6aY
youtube Qz3QMvmM6F4
youtube 9wrFk5vuOsk
youtube HnRcvJKZeVM
youtube LW7-rXUEln4
youtube 5yJRqwIl1Yw
youtube Hf8ijM9z3U0
youtube 1EfYHhlv9Cc
youtube fD5d8Q-Kzew
youtube WiW4xH6yQYc
youtube ZIbefmxp61k
youtube 0tfLqQzWQpc
youtube 6xdFxH5LuOw
youtube bM3l-Q22o0E
youtube pb9GxvapSjI
youtube nmXL4EWi1Y0
youtube V9zCVlGrsFM
youtube TVr1EZZ-gJQ
youtube TxmsXgwcS_M
youtube ZW_xYh6w8jg
youtube UjetznvcIjc
youtube guvePc8wmvY
youtube btkIWCzO-Lo
youtube eWBCibcMfB8
youtube 9YsmMbgj_hY
youtube N4uYHywdGPY
youtube J2bE0yiN3V8
youtube E1ipkwkNc64
youtube dxk80mrSB1g
youtube k8LImznoA1Y
youtube VatlLPsb_b8
youtube bI6E98qXVOM
youtube h2_cHJIZvMc
youtube R3nAVFVwvUk
youtube WAmP1f0ZYpE
youtube F6S-y_cmTPQ
youtube NiXQ72T1sEE
youtube CMnIsnINckU
youtube BZXwCFZPKpY
youtube BhCPecaAAiY
youtube sn6m7Zz87L4
youtube DcEK2CnyiQU
