youtube -ZtdYcBArpY
youtube 6tYaI3At4fs
youtube tKi99gEokLQ
youtube lG49SF7DAgI
youtube q0AVGJdMW5k
youtube IdyR2zzjGWw
youtube fBu8DkbpNjQ
youtube 7N_7VPORl9M
youtube LOcH70wWKwI
youtube OU3pjTOQlCc
youtube rhm7BtcpcGo
youtube wtQZDSwFYVQ
youtube cOTJvv-BvHs
youtube dVvsdkAhOdk
youtube C42Wg2JDRmc
youtube Lj10evnclNA
youtube oXBUqRS19IQ
youtube 2Z4vz5Ms0rE
youtube MvJfN9jTS5s
youtube MSeyAzJiu1w
youtube qaqcCad7-W0
youtube VcOFwRmc2D8
youtube tmi-AaXIKqA
youtube VoQjjsgRPoI
youtube c_AlfIpjhAQ
youtube s5icleH_VNo
youtube 3Oft19WSXA8
youtube MZbOR4s2Jms
youtube RTNm6IH2QT4
youtube 52TLLZz6lq8
youtube wkW7HZYLnmY
youtube evcp77xMfwo
youtube ZD_3_gsgsnk
youtube 9LS3BBdvnw8
youtube xpC6TzIclZg
youtube th9ryOKjFdQ
youtube WxbX87gxmXQ
youtube Ar2fRiG_7ao
youtube prKilUNYlZM
youtube skaoQy04EjU
youtube PY_ET7u1QS8
youtube XVRVaS6Tcbw
youtube 67HezWptg-0
youtube g73esx9z37s
youtube 3bXg5zE2El4
youtube Pa4vtgoGbzk
youtube kVqM6ZTaXbE
youtube XHgc-ywkLMU
youtube Dy-tCMVPkfg
youtube EFEawA3W2ws
youtube vSrlNX_IkzQ
youtube ODDhG2OqC5A
youtube vPTJ5fFQBZ8
youtube MlafLRn1xdc
youtube mQsuny2VXnM
youtube j9QfgKPGCAw
youtube mVEOTauSAPg
youtube xJso9GciU0U
youtube oej6EvxBJkI
youtube VtoI8BfHql0
youtube m-3fd_8V3Y4
youtube 1v5DbCbl08M
youtube tY-K_-JP7Wc
youtube 3WkYuvsRnjQ
youtube 7sLQ-2rCdmw
youtube TmcEOD3oKW0
youtube thbJW0tiFP8
youtube HMT3wb4h234
youtube PIMESt9iLYg
youtube 5dwS4ZHfGW4
youtube nc8o01Kf6zY
youtube EFPn77C0IuQ
youtube KPcxCVHidUc
youtube LJHsiskqSnw
youtube LTN6jzEHICQ
youtube nQ39NL4z8-0
youtube A0QB5SjUsBo
youtube zufCyRg_710
youtube yPvp5JHhfmU
youtube 3STOY9DEi2s
youtube bvVPyqui-Zs
youtube WVyyr9rjfdM
youtube muoa7stRlgk
youtube IQdcfiLfgUY
youtube Swc3IQ68L_g
youtube HfBk-IYCW14
youtube -RvIL1eUVAs
youtube irAcBNe69zo
youtube OttgPFvGQYI
youtube qg5l_R0lYKs
youtube 7Mc4ar3mq0c
youtube ek-478qkpjU
youtube hNII1K0SZdw
youtube U64OaWCbrV4
youtube 4fEeh-8OFT8
youtube w1BHynq0mNk
youtube OI0evg_U9UE
youtube r_xDuHuk4_E
youtube 3HW4g0JczEY
youtube y-DCSViBb8I
youtube dO22Uv-PQXQ
youtube 8lTfYLuAeFU
youtube kChc7PVQFwA
youtube KY6VLvHjMFo
youtube H_ILu-R-Nz8
youtube R57ADbPwHdc
youtube C7OPO334NDk
youtube hY6JNQ9yAkU
youtube YZAlOw8UkCI
youtube aSatZChiSt8
youtube ha9PUGLKx0I
youtube mCvUvK9sxcY
youtube qdvtRzgtjdQ
youtube BqnJvY8IXjg
youtube WVDy7T3q2Ro
youtube 9QNPB9naZQg
youtube bsZeTEt9jlc
youtube AHf7rsuxtu0
youtube 8FjlmFFDtjE
youtube BqYrAWssrrY
youtube Ix11VQ8f7uY
youtube Ub88mW2HKug
youtube W3jb7ojJcqs
youtube NpyjlllfaaU
youtube 001yqyHBR-4
youtube KyHYjEoeD2w
youtube KcAMXm9zITg
youtube 5duPhZ491D8
youtube 3jF9ftC6U0Y
youtube _nY7425xFjk
youtube L2AYBNwD6KU
youtube bq3G-Rbm3P0
youtube Za9_TOdyx0g
youtube VICOY_CVaHs
youtube aO_Hfmpq5t4
youtube RRN0uClnJBw
youtube 9jPNll1Ccn0
youtube GUmCorQpDpQ
youtube koKg8Hgz-mE
youtube 0KGZvt6R7ws
youtube wnj4w4dlWMs
youtube mH6b6m-36cw
youtube Z0oFJ2jbkDI
youtube olLIUUL3Bek
youtube JizuBPv6Jus
youtube KCYcf0loT5o
youtube _4A_bdCJGEQ
youtube Wj70YoMNIg4
youtube baz9LbxHwH8
youtube 1Bn2o-xyS6M
youtube U9ffmpcFdtE
youtube ZGud34X3j5M
youtube cpBWEb2pbUM
youtube 3LI0tqVmGtI
youtube qJMZRIRkZWs
youtube gqt71xsE2Yg
youtube _UGd_e8zgc8
youtube Ex2_RoF-Pj8
youtube MfrJi7DxvOw
youtube VoXbDhDEgdg
youtube ZsK8W7Rz1Pw
youtube ZiejAhol4Ps
youtube LCyN1hxQtdA
youtube h0IYv6u1xYM
youtube t347r8dPKA0
youtube 30ghnDOFbNQ
youtube tWd-umQ0tlE
youtube HWIJc144mgQ
youtube 8IjJftRUGaI
youtube I0m6MpjFvS8
youtube OgEfY4ZB8YY
youtube 7h9A7hu1e6c
youtube zdLAM-wChxY
youtube RJ0ULhVKwEI
youtube Qov9GNa-CNc
youtube iuzHQtaznPo
youtube 0itiWgGu1wg
youtube XhP6sFcpf4w
youtube sXRJE2caPNY
youtube 8B6xR3T37gI
youtube 6Mzj63TJYn4
youtube fRScD_P79R8
youtube 4LDLQ6dGj0U
youtube h_N-xxGTb_g
youtube XvfeOD46M0w
youtube yUgeksMARpw
youtube 95Sw1AnTfSU
youtube vwIbSysyy5Q
youtube yeCyO_hX8lQ
youtube 4kFqdWesW0o
youtube z6kPzMSvdDA
youtube l3R4XNandug
youtube Jshc8HJIULc
youtube u33NxUyzDCk
youtube 4L5X06Hafx0
youtube pYpDlwx44pI
youtube WFRdUHJekDQ
youtube BNPd0Pwvlso
youtube yolCoYAlcGc
youtube 5pBGQvG46mQ
youtube ZP8jrospi60
youtube bRX9kRQy2P0
youtube moKRzs7XKZs
youtube ahKDcVYb-sE
youtube 8Dzlk8d_hNQ
youtube DiYIdD6c21E
youtube FnNqdlQUvSg
youtube HmL2l-bcuUQ
youtube 6VGc2RdqulI
youtube B3LjCQuMrGU
youtube GD_C4bWRKeE
youtube QUU2yglK97E
youtube dgn81TNgynQ
youtube q3Fu2gTDMug
youtube xg_LMftrUGE
youtube U2EzPN3rIn4
youtube pnYm4J2vmB4
youtube c3AJOT4VwSE
youtube 4IlgVPiDScQ
youtube gu1OeyeO_KU
youtube VuYOIq0mxUA
youtube STpvcR13_ok
youtube dfqunEuw61k
youtube UYIko_WP6_M
youtube efI77fzBgvg
youtube xYiOO0qEve0
youtube qbX-wUjNYHI
youtube iWGa7qyGO8M
youtube YHGxfWtl_70
youtube jHweSDWeujg
youtube 31QvxJkto_Q
youtube b0pNTjYi4Gw
youtube s5u3thpouPM
youtube DXmAwx8Imxw
youtube I0spS2K3m7o
youtube jFLloOL1jeA
youtube e44kzwzBNek
youtube AxW-tzVmul4
youtube H4gsnFJRAB0
youtube WA0Q1NerX_o
youtube FdQGozSavz8
youtube o61BEjKMSfI
youtube iZScbktOHDw
youtube VwH6B7aJYDU
youtube vuLJLJZ69zI
youtube 2V1XWnOkrn4
youtube UOzvzasr4Xo
youtube lV3WTfA5i24
youtube Xhm8tNQOZ7I
youtube 0vVmlHtnQXc
youtube eHjioqPifcY
youtube RCvjlAdcoIk
youtube DTBLGkcywQM
youtube qZwGYtjcCtU
youtube aYGzRV-W3ec
youtube 66qiVmN6RWo
youtube ZzPfqQ90gF8
youtube QnxmNrKPnqc
youtube b8EyWh5_ma0
youtube Du6Z8p71eys
youtube cc0CNevB1bo
youtube rHgfZw68l1U
youtube eLsuwNfRU_8
youtube PZ7JINuGT2Y
youtube b40TdwQtGpw
youtube 8jOtfYe_Knc
youtube d5EMI25Bvxg
youtube zj0zVoIZ2dk
youtube 7Iti4JU5ObU
youtube eU6gUR-xOmc
youtube KsSsOu7pDQE
youtube V5j4PL-2Jlc
youtube 0oZYe0qaoMw
youtube _ix2rEo2-Xs
youtube 7DSQ0W2lwtw
youtube cwCB_WWn7bM
youtube 32WtDb3c3ws
youtube _HnTQNkoRw4
youtube O4tEdaNmwzA
youtube M7kQa4K2E9M
youtube KSGvBJEoNv8
youtube 87pkn2APTOU
youtube 4EUVDB1Yftc
youtube oJZQYEkGpCw
youtube H8MvKuPYKk4
youtube K7njaiLK-lw
youtube hJkBlqLJLWA
youtube B9Rzx0StAw0
youtube xsORC91QEFM
youtube 4bh4ZeVmzbo
youtube uzkp1F8_wSI
youtube rClrSIB52_E
youtube 5D4WHT2F0JA
youtube X2wWTadsBDA
youtube toFBj9qBLQo
youtube gij49fF-4X0
youtube 5rKKqf29-P4
youtube WWAnIHLs-9c
youtube VFmYrFXg3vI
youtube VQXIwRTDqgE
youtube UzNq4nMUVR4
youtube WB2-2j9e4co
youtube dAOuUkQTqWE
youtube du4y8dv1NSY
youtube oveCCWt81Sc
youtube SqImIChxJ-E
youtube pZS4o9wBnlI
youtube 6sbb9qm-pqw
youtube EOh-byDAT54
youtube Qiy1bwLfhWU
youtube MgyJqwIBxX8
youtube B4Jb9l1Eg6s
youtube sLj0_Cmo3PM
youtube uW-FRx1Pq2I
youtube rF6EzsDVnrM
youtube WjRW3xS4Q14
youtube vTjXsUGJQx4
youtube 54FCUXldiZU
youtube fdEreRmloSI
youtube pjuhXT7-DbI
youtube GgTXWB9Z7j0
youtube 5Go_ejJJdwo
youtube 6Hl6iDHm3yk
youtube XYV0qATsyts
youtube 5cCuJt51TZI
youtube 6kpG3ZqHXro
youtube oLwQHd0BYcc
youtube _iIcwxwlVXM
youtube tdAm9OFEyDg
youtube Qv6capfrqds
youtube d8D7_QxHBxU
youtube VjebsWsGNms
youtube 4IaSXJOGiuk
youtube gMRJ9lwzCaM
youtube VMAAWABynns
youtube 1oC_ghwmBV4
youtube 2LRQA8aABnQ
youtube Eassa2TGs5Q
youtube Hw4E8nXcrTk
youtube 9W01lVIVoVA
youtube Px04xb9Bv5c
youtube 3R1CBFBxuew
youtube AbeTtTjD0X0
youtube RBVIB3vEloE
youtube ux8tjZnEfR0
youtube TtG7cj9kOTk
youtube cWnFgpiCrQo
youtube nuxanLdtwZQ
youtube 3IryIOyPfTE
youtube NRlVVLJYHpo
youtube iUQ_tpKM4Es
youtube TBC7NEJwZ5U
youtube _DCOrHc-tKI
youtube ysXRXQoVIN8
youtube RWknU4qZPh0
youtube qoaiWtV3vug
youtube l3qkCOsyReE
youtube fXXl4_TgAAk
youtube ibSV-2JA0CU
youtube Y7AKosBrSNk
youtube lDcVrVA4bSQ
youtube vHEjzjTFSSY
youtube xKh-ayE-j94
youtube xI-rqkH6ZvA
youtube m5rM7QDi_5E
youtube Q8j1advQqAk
youtube tSn4iPrO47E
youtube S10emA5pO-s
youtube qBo7k_9zxBs
youtube uPnO8rgJIMg
youtube 3M2j5SIPC6U
youtube wxGr9uloL9k
youtube Uwz0xewTS0I
youtube In4sj7BoOI0
youtube NFPQybhfy2M
youtube 8Gcgz6aZ3jk
youtube Ph8z7aGMetQ
youtube K7aVLMZvNEQ
youtube bqHBN0bJslA
youtube lDbrUk2xYBo
youtube DSbQ3t-j41Y
youtube DiqWPjSC-dA
youtube s8dfeIJ9RPY
youtube xqLg3Mxnqrc
youtube EwE1XkDWIUY
youtube mCPKRc2Dpqk
youtube gM0vpsP-Bmg
youtube DsVxgOjNLbA
youtube LFHC9ZIQ8dk
youtube vd2ztw4bXI4
youtube 8RbxkrmuQ5E
youtube _xrKR2YUyH8
youtube WHCDQ-YRUy8
youtube zPv2rWnrBkI
youtube 91pBFyLWIx4
youtube KYhN_qms474
youtube cl8ZHDQQY7I
youtube rEJmXmTFpMg
youtube NBYS3ZsC-cY
youtube ZXCKpSsZJeg
youtube HXDu2U-CmkI
youtube VBspR2p0YYM
youtube Px6IPlOEvrc
youtube BaVSUUl-olQ
youtube Q4FoAr8i26g
youtube cAcy7EVRpXc
youtube wci9ab8P0eI
youtube _KozFvrOhkM
youtube 9nljmEUeLbY
youtube W5tnHfikb64
youtube tFGfDUSIlS8
youtube _HowdNXl64U
youtube hKFAOeThC50
youtube l564OJeW2B8
youtube I1PNDuv6kvY
youtube aUe-TYCjZz0
youtube IBmNBl-k-4Q
youtube NCFz-a6vKlA
youtube juWaO5TJS00
youtube 8rjerj0MKbc
youtube 04BVkVZP-5o
youtube Xx-GF_oaJTM
youtube 1Al0nOzv184
youtube BVXyzKUYvrg
youtube e6uDMLWXpgs
youtube MBtiJfsB_m8
youtube sJ_wglj0sbU
youtube U-ZxibrWdaQ
youtube LFFY_bHQoWQ
youtube RfgBbfYFH3M
youtube 21e0fp48tqk
youtube CkaH_UUH0Ek
youtube XmdBFanFzbc
youtube Csie_Nc7nhI
youtube o6vcBMyx5p8
youtube pgFsOIHXOls
youtube TE-WUd-byaY
youtube MQK-CIbvJls
youtube IX_QM9vFOMs
youtube 3xw1Eej6_tE
youtube Nbye8HuVyng
youtube 5XFyoQrPlZQ
youtube FnJ-olVVJ30
youtube Z-gwus8gLqs
youtube 2XqJJvEMQqo
youtube _LCi7tSWlTE
youtube LzoyfLaBEWU
youtube QUQmb9gcBFc
youtube WJTAZ3hHA-A
youtube RNOWFie9n9c
youtube jvltyGdfP9w
youtube JCNLjitgGx0
youtube 4HoFSvBdVZk
youtube xbEJxk4MCdk
youtube YpSgB48Oqtw
youtube 83NKNA7Fj8c
youtube O9ZEGhIUCx0
youtube vJgjrP9W-YY
youtube EakhZivX52o
youtube bw8SNtSitWY
youtube h5Z8S6GFZo8
youtube BGjnQFIsRWA
youtube so2Ni9YdeHw
youtube K_Bg3PbYjkA
youtube MCfS2-m-cpE
youtube riVnaHNCqW0
youtube GuBHOOAO_oc
youtube PcBGtWBRSYs
youtube JZSdrtEqcHU
youtube PKH0qoaXR88
youtube 4v5ALVw1gZA
youtube XQIVU0Fnis4
youtube 3gJQ6vD62Ys
youtube aqyUKeHfwxg
youtube 0Nv8bJwXepE
youtube rI9_-lrh9Cg
youtube MCH4hT6w0qQ
youtube r7QniSQ9pnQ
youtube 9AD5_XFnXoE
youtube 7R3r_9Gc3r4
youtube Hn35CUCz7U0
youtube I3m_s79mtQw
youtube 2IdowFfyTtE
youtube CDouImNjumk
youtube Vs5Eb_O0nFs
youtube S44ZkZupA_Y
youtube bp3hJa9njT8
youtube jLuAVzy4BEY
youtube 2MK-A-Cqldc
youtube ynkfVUz_jvY
youtube Frkps9jmCVM
youtube qaE4EvM-UF4
youtube LJLSoUkh1Vs
youtube urspCmlAnbE
youtube sMP3-mWWwe8
youtube UAVj1LbWSX8
youtube obsSU4-CVMc
youtube -6F-DmHdWU8
youtube cKh1YrpCY4c
youtube 050_hjeEsO8
youtube j4x-_z_gm7M
youtube 32JgIRRfowM
youtube MRQ0CW0hY9A
youtube nKUsqsG05cQ
youtube U-KBCQJWvoc
youtube GMQPiGQ8X8M
youtube HeJkwLl1S1M
youtube 4gexE_y9Hcc
youtube eo4QB6tQPZE
youtube OMSNOfo1EDo
youtube VEBQ7r1BVSE
youtube _l1g0apgs44
youtube oq5pTc7qaFk
youtube JqnjvvVmBbU
youtube jKlgG378Wmg
youtube BCRMq1zWgMc
youtube IRTlxbsPodA
youtube WA8panD32K8
youtube i1u9HdX_sTI
youtube t1pNirZDII4
youtube DfDZ4MIn0Ps
youtube CSKirXTp9U8
youtube _uKP4rgM2aw
youtube XpPJ9nJNa1I
youtube dCMbuNdXwGc
youtube mTp5X6t9XPU
youtube MCrFjZ5bgl8
youtube kY7n4YHjO8g
youtube EV1AG81U8oQ
youtube OquqJQWlYks
youtube EGWgLtlyud4
youtube FFxc2FisyBE
youtube NVJ1Zd2P7H0
youtube CYSLA0oAVs8
youtube 6RR42GDkaJE
youtube Z-SvXesvH2I
youtube lCNboaWtqIc
youtube oROu2CLyELw
youtube R0WR1cGivqY
youtube JhCH3ATo3kw
youtube oZu6fm6UwQo
youtube 9h-l6m4U9Kc
youtube rxManA_BWcQ
youtube 2sirCZsb-rY
youtube Kf5j8s36JJA
youtube KMbe9ZgaSrE
youtube Jn6nuVPTIsw
youtube Om9LUGt6KSI
youtube BFvTmemGL4E
youtube UB-MhZkYVo8
youtube ZruwvuTtdRI
youtube 4AoTSUyPQlc
youtube oQ5eaD-PukU
youtube Tzx2dY6mW5A
youtube AVxVTOSC4go
youtube ZG545aEwiJo
youtube 9hc4eeRhwrM
youtube NwzfjG5QpkI
youtube rEGYjpA1z3U
youtube TMOLMor1crI
youtube RzGYnMgu-YM
youtube 7fI-0a02jAE
youtube Vy00ycBpqpc
youtube HyRGuoZTQog
youtube MPocHqOyLSg
youtube OWXrq-nS0hk
youtube b5DNqKu-5BE
youtube 3jo9U-uZrZI
youtube ORESpWIfdwQ
youtube LFBrJxjiXyU
youtube AcFcZZ5N3Ow
youtube FC8aZ9e80lE
youtube EzgaJN6az6E
youtube e1tYb9cGwvc
youtube pI9SEO1fM5o
youtube sFC9U_3IhEo
youtube 0FWDw5ImTc4
youtube JvhuSQ-CHeE
youtube 7RvZWC-KQ7M
youtube N8lhLCXD_4U
youtube 3uAdor7CBbE
youtube ChgNfytDt1c
youtube djy3y37F6Ow
youtube NvciZZ-Aw9Y
youtube QXo1gu_k2Uo
youtube ZnVTI0eV7eM
youtube jw5o5sP3wng
youtube F1CPQh6BCBc
youtube tHKWKwl4CJs
youtube EiMQoPPRlBI
youtube g6c4ghCJT8E
youtube G4h9wRYJ7TU
youtube j3T5v8Q3VIg
youtube DDHFMQkbKQ8
youtube tnaYnXH2B84
youtube fIRckWWhm3k
youtube JUU8VPVc8XI
youtube NB3e8xwu_Do
youtube R8x4CWBMsPg
youtube oNf4CJjKtQQ
youtube A6S82xVitTw
youtube BunKdf0BA7c
youtube LWwJsLobZJQ
youtube 74Lm7dAx15M
youtube T1tV-ovGPyc
youtube -i6Y6NB9tLk
youtube 4suoDPC0ip8
youtube Ugx7cK_tHUw
youtube DBUEpctcu0c
youtube 6Y15dxUZN3s
youtube OasAAbFuNYI
youtube GMEq0AhVlQo
youtube feO2-jNnVyg
youtube TLnUV22wAE4
youtube AmFSUPZIvWo
youtube V-3WtadK6m4
youtube QweJATt0jMM
youtube NST0nDGs9uI
youtube PXJS0hwb8TY
youtube weeHNsLfw0c
youtube 72sV5Wf-xJY
youtube zx4JWREY0vE
youtube Yvz_KNssbCk
youtube dpRi3pbbdWY
youtube FedVhnHYn-Y
youtube LVnM6kuEDUk
youtube v--ZSerhIvQ
youtube O9T71tVWp3Q
youtube hL9xva7XfO0
youtube p403KQlM12k
youtube SD3bA43GAsI
youtube AtV-yJPe7Lw
youtube n0uczOTEFUo
youtube M6mEyl29zaU
youtube pe0bSkCjeQM
youtube 116fLa6gfFM
youtube Scx1elaQzus
youtube QUhejuxLVco
youtube PO8-D_hhiZU
youtube QYLvlCeO-n0
youtube oVVC-fgcGgM
youtube HDorKSLKwZc
youtube XsXltpKDk3c
youtube AzlmI6AfT48
youtube 2TrdoOvaBhw
youtube bMiCcqFd0x4
youtube maq9MTRlEIo
youtube iW14dxS46-Y
youtube IF2ncwAoqgM
youtube -xRttZykUvc
youtube _8FUPrd5ra0
youtube 4Z8xE4wjQLk
youtube TaEBFYxMxVQ
youtube 48IXGCPAhM0
youtube WlrxT_2BG5o
youtube VW_BUxzBF8c
youtube bpdUD6SVGGQ
youtube Djo2lmG9Lxc
youtube eTBty22Qox0
youtube PjKnSKeLFw4
youtube hAFcOb21moY
youtube d3Wo7KS_dX0
youtube hzXH1z35UKo
youtube SR01Kyu9GBA
youtube ZVo_wExS8sM
youtube tuicFbL08j0
youtube so4PJUIrPx4
youtube RbpQJpDvVa8
youtube Mgm323ltzos
youtube QclOse9veKA
youtube eNVB6-hJe3I
youtube x8AUyZ-mKPQ
youtube 5kFH0ac7tNg
youtube Za1S80xP4So
youtube mUO8l0PEcz8
youtube Tzl4vtscM_g
youtube s2AhkBAMZko
youtube C7E7E7imllk
youtube 4ELFKlM5eKw
youtube _umkYkQeD30
youtube w0T0evsYDVI
youtube v59EbDhjWIw
youtube EP9qzL9pyWc
youtube G3ovaROw6cI
youtube mnO5VRvqGBw
youtube ipwj8WvinRg
youtube NPujHnSVOp0
youtube Xy8RRpxiUDA
youtube NQ0BC4m48wY
youtube lstoBVlFW4k
youtube 6ov4nB_dHz8
youtube 28ygZ9uv1tM
youtube eN70lkAi-hU
youtube rYlQv7ZsxDU
youtube ENrxEiKfvlo
youtube QCUCTLk05cA
youtube WmimC6b29Uo
youtube aB65EcTpVEI
youtube MQYmDSpTmt0
youtube nlblR4xMlls
youtube dQCRHyNmd9E
youtube 0QpEvTJ7n-Y
youtube hP4ySMjKD6c
youtube J_3KIJxL3XY
youtube jF8luSAXWn8
youtube LpW5K5K-HYY
youtube nfQhejJO8OA
youtube I7lUb6ek7pk
youtube PtkVjqgQZko
youtube kYw4tjhb7_Q
youtube y3s4iL52-LM
youtube nRJg91gOMY4
youtube MMqzX8RIEus
youtube FXlZSvSQKAI
youtube LV2Xjzz6gI8
youtube 7B8bZS8mWzg
youtube Q-56BIJX2ws
youtube wrZ4wuleN-E
youtube 4270Ty-Z4o0
youtube Y5k1pBMMWsk
youtube J1Q1Afsfrs4
youtube w05v4CBKDbU
youtube nDeIseLMkng
youtube MJ5QLgE9OiY
youtube OU2E7AC-uCY
youtube vasD-WoLkeg
youtube cnY2ejP43bA
youtube 6o8kzEBideE
youtube pUv23sgpwYE
youtube rDoma1dAVqY
youtube mspBt6guDTo
youtube nyWYrfCHEO8
youtube 0vwhPFx2YmY
youtube DMEsJqNdyvc
youtube o1484_FW2yY
youtube eFMP6SOag3A
youtube 88JXOPXLN0A
youtube 3dwtn3bE3P8
youtube zZOSufpjGGY
youtube GGt3xgU78Cg
youtube _q0fV8iYK6o
youtube 7xBmWbT2TSE
youtube RGhwF5gMCkg
youtube JxzELjCxqOw
youtube 5csEVfRkTKY
youtube 9aRIrbY2ITY
youtube 3S_VLQycYRc
youtube JtCShqffbxQ
youtube 8uMmbsh8tKM
youtube LkocypNERbg
youtube Jnp8Txo--ZY
youtube ju7KLWKMRbw
youtube 03a7V3S2XV4
youtube loSbRI8194A
youtube MMupsXIxaaA
youtube -dZxO7kbwDw
youtube fIXFWVDddvI
youtube jlCHLqYROS4
youtube DypvIjOYFGk
youtube X1jqV-jhqcs
youtube K4Ys6rT2f0A
youtube kEuPwbwWch8
youtube NRG-viacPHk
youtube MHouSwA_qY0
youtube IzqyTQE0Sec
youtube KGc0D9kFtGI
youtube hbIskbLlt2g
youtube QFqV17wrnvE
youtube Bz9cTBPdooE
youtube 0P1lT7qyNJM
youtube Xaj5X9DNVZo
youtube 0hyPfEZMptE
youtube 7LVEj5ZqBbg
youtube cHW7Y-ujCXo
youtube S3aGO8oTG-c
youtube BfezLk9s2ts
youtube u4_StSo_xFY
youtube 2QsXZD0Lv24
youtube UKnOYnjHp2g
youtube pALmNOqlVVk
youtube ljNiSSrZpRw
youtube 2AQ60JzEU_w
youtube aEEYCavwW9s
youtube AmbjwClzh4w
youtube os16FjwD63Q
youtube RrRO6CisVjg
youtube r9LUq0hQ53k
youtube 2z9v5wZjZuw
youtube Bq0hrfRKR0A
youtube AoTgKCnnaQY
youtube rLCKhL1ks68
youtube 4ynegqfohYA
youtube jdW3QVKsO94
youtube syyYJ99zZsA
youtube XiEC4wtvNdo
youtube dl6Gfr1YA7U
youtube WGJBAgPOWB4
youtube aMBtI8JvFR8
youtube 8-upoSXQY6A
youtube 76xXQlNciro
youtube 9ENjNahLT1Q
youtube wiSqcTEO0cs
youtube VqcPM6k2b4g
youtube 7MnbzqSneP0
youtube mdZqh2cL74U
youtube SMkSBYeJq3A
youtube NJfyPftX3rQ
youtube jJRG_b2kb-w
youtube 5l-ei8SBwE8
youtube oGAnvTEbe-w
youtube iNUXOpJkoAc
youtube -csrqyqLvPU
youtube _S-pMPhYl18
youtube epqHZAntViI
youtube 2zw3B5G9YlU
youtube TMOglvH4zQ8
youtube Xc8DtPTJKnU
youtube qpRODHeNbEc
youtube VKIIWJkJkiY
youtube hb-RgVkLmQ0
youtube GL_MxhYtMWo
youtube 2qeK_dzg-ug
youtube tBd1jy5g3hk
youtube Ad3mWNGy4L8
youtube ytVmQtnVOQw
youtube cSnzaHARwaU
youtube yAq8KDyIOg8
youtube YAOVNfK4KmY
youtube ziv5VJKg3FE
youtube a6LOOT91Egs
youtube EQRb4gkWcmw
youtube bDdBmsSlZ5A
youtube 7xADWKLZpE0
youtube 9X-Os8j58BY
youtube ssba464fCO8
youtube 2iY2mPR1iQQ
youtube zsAVP3gG1RE
youtube BHpwQPNiJQU
youtube TpEP3qvlrq8
youtube pWCnPle677Q
youtube Eu_2jRxRdWo
youtube 1GDgS-qGNC8
youtube oRmvm6Jvxu8
youtube rsEmf_PFJWE
youtube yF8msBy6bMM
youtube EJc8973GURk
youtube eO8-mvu1Ab4
youtube UkFXgg2XnI8
youtube uTVbRhK8dx0
youtube pfnqjkHseA4
youtube sog5h-PL9O8
youtube iBXTWIrRv8s
youtube Ai_k1-yYgKQ
youtube SSJGARR8RbI
youtube _L8S5GsByn8
youtube cHYJTQz7yq0
youtube lD-Wc0x_MNo
youtube n1TNe1x4_SA
youtube Ws3C-KDxd54
youtube kooByGGUQtE
youtube QeecjujxKnQ
youtube VRx-d4qSZXE
youtube 6WPS0jMwW-o
youtube Dtaa98jPKJw
youtube 5twJd3kwQgc
youtube qDHsN2_9amo
youtube Hi45EypRJLg
youtube SyVmnESDNH4
youtube PZmkYVsZhNs
youtube ty2StRikKWE
youtube tC_V7wIGZIM
youtube 2PJGmIyyzlA
youtube HDKhJBkpCKw
youtube MZF5IzcPGBs
youtube uvwp8jhPvVs
youtube Uzz_Kycn1r4
youtube AsLYyacmqpc
youtube h5L6TZdy_y0
youtube CrK_ME5yAcU
youtube CctI_bPiDsk
youtube o5SQGuyZtaQ
youtube 0fs5JxH4qJU
youtube A7Rgm8t29o0
youtube c5eSI0Blkx8
