youtube gqCPbEsuKjs
youtube nsU4h5fxhtI
youtube xisgd9UhFPA
youtube mwUY-vgm1u8
youtube t_-9V0Yc9-Q
youtube CglQE5vbC6U
youtube HxnBREK6Nfw
youtube v9TsFfQmXh8
youtube XUOw9B-B61U
youtube OeZWypdAlzA
youtube iKewrAsTf7A
youtube METWnMSM4pk
youtube -uGCtpiKNrk
youtube VsitcWk6Gos
youtube ASkhG2XdqJA
youtube GCwmBVxr8_M
youtube 2qXGZAky14I
youtube VXbVNujPVvg
youtube IjICnRFCm8A
youtube PC10dmIKT4Q
youtube -Wn3fgh-sNs
youtube TA_dwIsK2I0
youtube 0KqBBH4KI0o
youtube phP9nUD1_Hw
youtube AVLKHzb_w0U
youtube EZW0vimwFIg
youtube i7CHtBiixQM
youtube 6nxf8dOgM50
youtube r80yMiYtMa4
youtube FbOGhCUgjjk
youtube RVglRWebS7Y
youtube jyt1HJ9c08o
youtube 6DuPN7CNXZM
youtube UP_wTn1c0K8
youtube H5d7OkNSGOc
youtube kzwZkrIEqgk
youtube OJVC30uZ3RM
youtube 7Vm7PpQIBtE
youtube dVeoNpCZZ34
youtube r0leSQm3tZ8
youtube lWoqnY2TaOI
youtube MeUSY-d-1L0
youtube 2Tha35H1TCo
youtube wSNDqq2ig0I
youtube ldB1ZuR-Wws
youtube CXYRZHPbqZc
youtube kH5ZKqhpmyM
youtube nZ0yR5YlIbs
youtube 8Kv1EriYCAw
youtube fWqZgTaY-eE
youtube nusSK1bh_UM
youtube 2EdWdJOtVwM
youtube p4VuVA2Mg4Y
youtube yyR87JIkzns
