youtube bHEuBIXwytY
youtube vAMUfcwG_QQ
youtube d-DogwWB3lA
youtube A1mmkQIAdeg
youtube eZh9sSqhS1E
youtube 50RDVwyIRHo
youtube T8Fh5DuA22c
youtube Rgl1JIhSFaU
youtube aYLZ0dc0RtQ
youtube NtZV08M3AGo
youtube 1y2nnzlxwpE
youtube AJedl3ugf2o
youtube U0XVQtUIbao
youtube M6eF73_3WY0
youtube kEQTCAI561k
youtube GgALzJALuMg
youtube tDZYLzrKHCI
youtube St9woUFM1hM
youtube Ikyc41NUwVs
youtube TRdn590-5cQ
youtube SK9NhFNVm18
youtube I-5rqtFtu88
youtube 0lsifVrSID8
youtube aTTUMeh_RRE
youtube lkc8xHWtKMk
youtube hfKS89DO2xs
youtube RBM4uzC6oEc
youtube 6t4zAEFHDTQ
youtube eU-sHv3xUPg
youtube fZYqQAQShtw
youtube DaX252-gxcI
youtube 7I6nSE6PoFo
youtube 0Gn7_iI3uYk
youtube eKN2gpN48fY
youtube qT68jL8WE4A
youtube 7i_0S8Awgy4
youtube _zW0WqPWfFM
youtube I_zUoqFyUOg
youtube ByXOyhxCHSQ
youtube Oic-08aXfZg
youtube PWcYTdCOi8Y
youtube uz8UrsfEj7c
youtube ugJFE9r487E
youtube 2-uDxtQ_h3s
youtube E_94KrKyfnA
youtube UIxtgJANUzs
youtube AbIFfv-KQZQ
youtube 6PjbkyUubt0
youtube RvkXxkhFfs0
youtube D3Dc1MN6Axg
youtube 4oQdqtLp860
youtube ArjzKArW1Uo
youtube ULu-MvcN_cY
youtube qOsxGXRy4aQ
youtube I_9_yunTOU0
youtube FTWnvwbr5no
youtube A17n1V-hn8g
youtube rZELG6VBPIU
youtube f0cLQTxb-Jk
youtube W8BzSfWyVrs
youtube 9NHpQa5Rmew
youtube HEIUQaNfGQA
youtube b6529XlrG-k
youtube qlBYO9z4bLE
youtube K4GU7uD_m6I
youtube mXZZq1eFsOo
youtube ciDA1DJ_Bg4
youtube F8AAvnFsnqA
youtube iRNZdjwqIKY
youtube Kq9hifMGtZw
youtube qXrkcoqr4cE
youtube YQDvks-D1vE
youtube AFCP8hIKNgk
youtube Zal9TAGJF9A
youtube QGFI7hDSSGA
youtube 5R34CoHRX4o
youtube tdB3a9XjIr4
youtube BonpVZfuOdY
youtube G2YESClY8yw
youtube 954UaRahoMo
youtube 9ZA1i6nGmqk
youtube oWWGZV2VHpQ
youtube E_T7Dxv2DUE
youtube NQ5I_lQeSUM
youtube rdnr4GlxhnE
youtube 48OPpf1sSUk
youtube iUecpLc_S9I
youtube m55Pr2qwV_k
youtube sZzi9IG6jxk
youtube 68OIyU7uX_s
youtube L3q-HC_Mw4E
youtube kqgrHROTZFY
youtube mTAt3ywZatM
youtube MPtxM2de1no
youtube s2vZpD2OlRE
youtube SbyZ1gNLQ7I
youtube UdvTb39L7bE
youtube OC9C4pbAS9c
youtube BCGo16Wd8_k
youtube ZORYbfXwVD8
youtube q8IzWO99VEI
youtube ghrtIkKwrEQ
youtube hhZuOWgaNXo
youtube 9wPgfkEzAw4
youtube K6VWxgJ6oyg
youtube LhieYFKBENI
