youtube GrZCfPR01UA
youtube bT42u3N38Dk
youtube MUHuKiokHn4
youtube wvMmZcbQWKs
youtube axtxQtJuQbk
youtube 4i0r0yAyCeQ
youtube a4dH2Aeo0WU
youtube InImpJHDYAM
youtube xBKsaidTTeI
youtube ux2Bz_6IU7U
youtube e82CHtDTaSk
youtube _NOumzZp8HI
youtube ubgC7VzgIM8
youtube dn7o69tguYQ
youtube 0VPlMyoUumY
youtube rTD1vb3Ymeo
youtube za45PDz3WZ0
youtube _CpDp9Lf9S8
youtube oCB9srDKJJk
youtube bhDUWHnglHQ
youtube 5IGYBOcGhyw
youtube nzFrnWiqu9E
youtube 6V7Pi_WSCcI
youtube fJKh_onP55U
youtube cr6S8l5vS7k
youtube 8eLxlQk5n_w
youtube xy29Var-Yz4
youtube N9gSzfCRqCo
youtube hJwpgkWh2EI
youtube maKHCKW20Bo
youtube LPl9Jz42uec
youtube 0QOia3tIONc
youtube x-0aJY384sQ
youtube 71Ji_Es8_qE
youtube ZLwN0qV5mTY
youtube OOfyFlQ9mEI
youtube MBd5YLZ2tMg
youtube Olm7VJseYjQ
youtube yZzvfcWosg0
youtube grk9V_roHig
youtube -CIJSv6T5k8
youtube FHToDdhT9YU
youtube MBcrOFXplF8
youtube VTW_OrF_iFg
youtube t5FlKc_VjlI
youtube DOPE8WYmL00
youtube mNgenreTygw
youtube 4Qc45pyZ2ro
youtube ztAxHcVfFxU
youtube RB1b_325l-s
youtube AIFlI7uNC7M
youtube P88XGfI7o0I
youtube HXcmNWXhQTM
youtube YTQWRwX5xj0
youtube e65mQZXbTKk
youtube oR85UiBRQMs
youtube 0LKokeMVpAI
youtube 9Lq8H9htm1A
youtube aHSndmQTBnM
youtube lm7Ci8BS5Qw
youtube 2LGGYlUNTH4
youtube ske8a1fl1Bs
youtube gaSb10EIFRk
youtube 0IM0iWvjdVM
youtube pA5If8DTFnQ
youtube smwgZklJyrQ
youtube K0eAm8GJEdg
youtube XRfd_R0I7GQ
youtube KipOhQ5j39k
youtube ezrMqX8LBU0
youtube nMjPFNabxkc
youtube pKTE-2nQBJM
youtube K-8Qi5NxZTI
youtube eYNymb-CUfw
youtube ZoqGGGeK36o
youtube Lh4l73Pfid4
youtube UBR0E1w9ibk
youtube TGiPyKIAqLs
youtube upeZaYuNHVc
youtube Jmt42_DX0HI
youtube 7SjqXYP_tPM
youtube 75qXelwK2Pg
youtube 8CR53sjHyAQ
youtube oh4BZbH0J3I
youtube paKzkh9BWY4
youtube eBNNoxqccw0
youtube 6GG_wsHRVF8
youtube JTIfHGlv17I
youtube vZq4L3Uj1y8
youtube I-z_jXMNI0g
youtube hKKQ91eSFBQ
youtube 7DnpdgowREQ
youtube W_Pm1mSEz_Y
youtube YPBlm_q4c3I
youtube vDGGgZGSWo8
youtube p0JGSvvE5II
youtube C49KgrhNkIk
youtube Kgyo7xY0yRk
youtube mPssx_h0TLc
youtube q4BeS-qeXT8
youtube xvijwJ-lGpk
youtube oGtyAEAACN0
youtube OXIfStta1p4
youtube fyu8XwobpPw
youtube ngAYBs8Xe5I
youtube gwypHWkPLRQ
youtube G9ijKTz2rzU
youtube 8ayFnsUFgrw
youtube wNpHLa0sVUg
youtube UD0VZriNTtU
youtube MJmjrVhXWno
youtube RKjx13G7sK0
youtube nlPse3_i2fA
youtube P1a1fL3VI3g
youtube tAGdaAK69XA
youtube Z4xahDjp61M
youtube ThixN3wKblc
youtube zUlWhW05QJM
youtube dCXk9trNUaE
youtube ZJr772rM1u0
youtube vZLrCEtUIco
youtube vxmTgum9aRM
youtube MvmfZ-HLTEs
youtube ImJsdxlQbCw
youtube iqq8nSPnHVA
youtube 4GfIrgiC6sU
youtube DM41zlaZqig
youtube eSWP8NwddDc
youtube pbJMTzH8BWY
youtube YE-XqkUJNHQ
youtube tJwq2YI72rY
youtube i5IZS8FKnM0
youtube k7IRj80SLM0
youtube S0Hz8ceVBqs
youtube 8abwpkJO1TQ
youtube ghn7vQJdiyg
youtube TiNcpKfR290
youtube IEIDXh5Lqfo
youtube G_5CvGEhjWs
youtube Hsow2Cq7tZ8
youtube 8f1qHRU483c
youtube A6PgRDG6yns
youtube By4x0dpPOnA
youtube O8p699lRku4
youtube MKWToj-mUJE
youtube MEV7_U7Uv0s
youtube luMZwB7yTS8
youtube lbnCJlDS6bY
youtube MqA-0-bI6Zc
youtube 0B4cksDb4cQ
youtube nnj5BI4bXQs
youtube NhJ8a5b_lKU
youtube pRJI6LFmOxY
youtube tHj7lCdx5jk
youtube ijiCIlvjhmc
youtube UWCCXEzRH-c
youtube J6OmxYbuVzw
youtube A713K6OBvcA
youtube 4lW5wf7wgKc
youtube AGo_k5CX3H8
youtube eeTkTxxoVhU
youtube uqwMyE0etxs
youtube gVFeNrdK6EM
youtube es35J805cfw
youtube 0SSka9wLyb4
youtube wOEm54IGBB4
youtube yJ6yyPO7ASs
youtube MKk5OJEbR1E
youtube 3zm50wW32C8
youtube tRGdPhwyXys
youtube zO8nEZys6HI
youtube MOob10bg0FU
youtube rn9DrS0lIc0
youtube sGJ2pXVmH_o
youtube oWGrXqDtmww
youtube XmJFh6Tdb4E
youtube -kg0QU6FMLI
youtube P5iLxh3oJwI
youtube uaRvSFMp4Mw
youtube 3l1uVYyUbt8
youtube JfTD0nYHllw
youtube 3cgiEJJwUoU
youtube AbbR7a9GBXw
youtube 8jHu0QD0Zuk
youtube DkxhrlX6hts
youtube g3h5w3oWzb0
youtube xs6uMTeG2OQ
youtube zECnNA_ZgLc
youtube O6M3P0Ae0ks
youtube YYw1ZdAa0fE
youtube mHKMlhG724A
youtube AWdnscDJYAc
youtube 4_qA7mi52ns
youtube UilqB5mHUek
youtube 7-I-esrDHDI
youtube fDlBkT1MR-E
youtube fKWEFEW7VA8
youtube nXVD86_atCI
youtube BpmMAg5v1Ug
youtube 66zVCY2NUIk
youtube FK_UzY_jJRk
youtube iu8-37KOHVw
youtube -sNWexaonnI
youtube 6u8MO_j4FjA
youtube qG_HuUDQiWY
youtube _HMMDRz3wBM
youtube WzkHru_8IXU
youtube zdgBiQ5wFYc
youtube GYO9c4HZ95I
youtube JnIFIPRQ0i8
youtube 08N6KKOvOPA
youtube 2kuluFbTo7I
youtube vtIaJ8l3c_A
youtube kz6WL1Wg1LM
youtube olWfPvqvNfs
youtube JkvIM1ifL1g
youtube SzYgIileeKI
youtube PG78NLmqCkU
youtube wdZxmeXYSMc
youtube -BR4-Boj-Lc
youtube sgbllqoFLQQ
youtube 0c6y59zy-oU
youtube ps-GlSbu9gU
youtube fhpzoF1RPkg
