youtube xBKsaidTTeI
youtube pKTE-2nQBJM
youtube MBd5YLZ2tMg
youtube C49KgrhNkIk
youtube rn9DrS0lIc0
youtube UWCCXEzRH-c
youtube P88XGfI7o0I
youtube p0JGSvvE5II
youtube Jmt42_DX0HI
youtube Kgyo7xY0yRk
youtube es35J805cfw
youtube fhpzoF1RPkg
youtube eeTkTxxoVhU
youtube 3l1uVYyUbt8
youtube cr6S8l5vS7k
youtube aHSndmQTBnM
youtube N9gSzfCRqCo
youtube _CpDp9Lf9S8
youtube ps-GlSbu9gU
youtube gaSb10EIFRk
youtube BpmMAg5v1Ug
youtube InImpJHDYAM
youtube 0LKokeMVpAI
youtube XRfd_R0I7GQ
youtube K0eAm8GJEdg
youtube AIFlI7uNC7M
youtube wvMmZcbQWKs
youtube 0VPlMyoUumY
youtube 0SSka9wLyb4
youtube J6OmxYbuVzw
youtube -CIJSv6T5k8
youtube AbbR7a9GBXw
youtube MOob10bg0FU
youtube K-8Qi5NxZTI
youtube oWGrXqDtmww
youtube zO8nEZys6HI
youtube 71Ji_Es8_qE
youtube maKHCKW20Bo
youtube ZoqGGGeK36o
youtube 6u8MO_j4FjA
youtube HXcmNWXhQTM
youtube xy29Var-Yz4
youtube 66zVCY2NUIk
youtube paKzkh9BWY4
youtube yZzvfcWosg0
youtube bhDUWHnglHQ
youtube vZq4L3Uj1y8
youtube zdgBiQ5wFYc
youtube 0IM0iWvjdVM
youtube oR85UiBRQMs
youtube kz6WL1Wg1LM
youtube rTD1vb3Ymeo
youtube wdZxmeXYSMc
youtube zECnNA_ZgLc
youtube wOEm54IGBB4
youtube e82CHtDTaSk
youtube bT42u3N38Dk
youtube P5iLxh3oJwI
youtube a4dH2Aeo0WU
youtube lm7Ci8BS5Qw
youtube ztAxHcVfFxU
youtube qG_HuUDQiWY
youtube G9ijKTz2rzU
youtube MKk5OJEbR1E
youtube 0c6y59zy-oU
youtube GYO9c4HZ95I
youtube ZLwN0qV5mTY
youtube x-0aJY384sQ
youtube 8jHu0QD0Zuk
youtube YTQWRwX5xj0
youtube axtxQtJuQbk
youtube e65mQZXbTKk
youtube tRGdPhwyXys
youtube nXVD86_atCI
youtube q4BeS-qeXT8
youtube Olm7VJseYjQ
youtube 4Qc45pyZ2ro
youtube eYNymb-CUfw
youtube 8ayFnsUFgrw
youtube DkxhrlX6hts
youtube 7SjqXYP_tPM
youtube OXIfStta1p4
youtube MBcrOFXplF8
youtube nMjPFNabxkc
youtube 8CR53sjHyAQ
youtube fKWEFEW7VA8
youtube uaRvSFMp4Mw
youtube JTIfHGlv17I
youtube 3zm50wW32C8
youtube OOfyFlQ9mEI
youtube RB1b_325l-s
youtube grk9V_roHig
youtube vDGGgZGSWo8
youtube 4i0r0yAyCeQ
youtube olWfPvqvNfs
youtube 9Lq8H9htm1A
youtube _NOumzZp8HI
youtube pA5If8DTFnQ
youtube za45PDz3WZ0
youtube UBR0E1w9ibk
youtube A713K6OBvcA
youtube t5FlKc_VjlI
