youtube iogNrYEsIdE
youtube YkdAr35SI3E
youtube h2BdC1Q2pds
youtube C9CfM9kWXL4
youtube MDZydQLQVBE
youtube xr74-h-E88M
youtube HC1W1Wc7E-w
youtube zbknwqfgnP0
youtube NCSK5w3qFkY
youtube xF2ZMELHoxA
youtube Ie3iEcj9W_I
youtube z3EgGBPRV44
youtube 2sREr6QXp7A
youtube Uy7--KZ_oMM
youtube OxOY-kuD-XM
youtube hd0lqIsMGvo
youtube AOoWctmgKQs
youtube Qv_ItfEnDHY
youtube JkZJotikgyg
youtube kgGBoKrMVpc
youtube YGNgvmwuHbg
youtube XDTr5ipF5U0
youtube 411aPKoYHJE
youtube kYXjLWd5FMc
youtube YGTrAGIhTaE
youtube D-gpvcVsSGM
youtube zF5EUKsXbSs
youtube Cs6T2iEb6Uw
youtube GCy_YKmdFPY
youtube N2Sno331BdM
youtube GaIQREdLPOg
youtube 86C6PK4yNhg
youtube 5GWEmqxxHVM
youtube 97COx6U3THc
youtube Yt4YNnUVXOw
youtube BQ1az3npoH4
youtube 70LSGp93vWM
youtube cqRGLMurU_c
youtube oY6y6KCS7Q8
youtube fdJbOil8iEQ
youtube QeFXuGeDEvA
youtube ihYn8g8os_g
youtube yYfQMqhVBg4
youtube nJ3n23FwY7g
youtube jEB0Vb7aJI8
youtube de4e6HptLJw
youtube QIXfCyMuHZ4
youtube TJvmIKKPJAA
youtube 4mEztqURmX4
youtube okJkTZyrSxs
youtube a8V1dEQo9pA
youtube xWGSA5oldqE
youtube FFz9eu9jTww
youtube 7Bn1dnQAx3o
youtube 6cc0WHZFP-4
youtube 56e_nuQ-f4k
youtube 65dfaZT07RY
youtube bEuupv0qlik
youtube eVwm3RDCwwE
youtube 5g1GQyQusCo
youtube NHGAO0hcKkA
youtube TbTvpJMGMx0
youtube bay71yFDrck
youtube vOqsA5U-4B8
youtube NvGcjErU9x8
youtube wCOSRmP24b8
youtube ly9_PDdlCT0
youtube CHLHNUs8VZM
youtube qK_k-QAiqGM
youtube W_JL7L9QNF4
youtube aa7f44jQYxU
youtube i6e4_8hMIac
youtube J_iX-hQghSM
youtube efu_DYRsZI8
youtube d4BrpclIMhA
youtube yUzWhM0mdYc
youtube -Wd3sszxR3Y
youtube UP9eOOlPdd8
youtube xy_uI4B7Hu0
youtube JDH_rMY3IA8
youtube 3vaOAPLJmrc
youtube 24DXb-_RoI4
youtube vOZhMc1bnFs
youtube T47J1C-ZGiQ
youtube ZbTxsqCFtfI
youtube g4BNEVtnFDc
youtube SfSvsHW022c
youtube yI0KNXVsa3Y
youtube KTd8roGMBnE
youtube V-RH6FfmsEQ
youtube 04CAEgnSFII
youtube vUnQhwOPQfI
youtube D4AaN1P-6vY
youtube 3wbVFmVPp-A
youtube cmETOXYugGg
youtube 6qOvn5c0xwU
youtube AMW9MJ6d-yc
youtube q9C3xQSTZbQ
youtube FaNQqPXGqiU
youtube HUwlv_gMGWU
youtube g4XaGnPkPlg
youtube S3T73-reAPE
youtube RU45nUKumzo
youtube L-GD5mN35NA
youtube qfzOImliEVU
youtube azEINUkdMRE
youtube HZNdh7tT5X8
youtube Lt6C5MiqFxE
youtube 0m7ZKp9KSfU
youtube x6mHx6n8BGo
youtube v_je-PWaAFU
youtube zDJCo6FKhJM
youtube ZQpZasjBXqI
youtube RQClV77Ump4
youtube KQap5sj5TL4
youtube VkXeZ1yaTC8
youtube 5wJnj6AhzzU
youtube MgNXYK8EWqw
youtube VWhFmN9gbjA
youtube BsYLGujHkNI
youtube yPhuQHQC4PY
youtube eqO8GLHDOJM
youtube ueajc-dEDSQ
youtube lBNTN8VNiTM
youtube T2p3dpA_zwg
youtube Xu0JO5vdDFM
youtube _DxMzgShoxA
youtube 3n-lHl6Olew
youtube CULL-rRrRZo
youtube pZsbLcxlX8s
youtube GFwXDmVRLjo
youtube GE7iCiw7E4A
youtube N1x5a889il0
youtube 3O2q2JvihZw
youtube qMJo1TnyZMo
youtube YYJ7vd0thKE
youtube N6zNBru8HVw
youtube jcAvoCoe04A
youtube 1XBi7N0wSEQ
youtube 00ZmqcELLIc
youtube uNotB3C6qH8
youtube OswBWQp7HgI
youtube XJ3MuB1OXH0
youtube zkg-WY7awho
youtube 3FwLVtZPPAo
youtube XYn0fa0Dkvo
youtube rue0huF8z58
youtube CVf8sCuesFE
youtube 5PVRVq5036A
youtube sVSpd8BGyys
youtube 79V_zOwzJH0
youtube M6pV3FmRdD8
youtube 614WFBC1Cl8
youtube Y1f1M2zx4JU
youtube 7AWLlDQYCHQ
youtube JN1avdw3gE0
youtube bW83qJxCHKA
youtube qUSP1_Fs2hU
youtube jvVvntONKhY
youtube a77TE0tElUw
youtube diY3g8F62nY
youtube NfgGoxDkbzs
youtube b767tfj0CzU
youtube ihI0xuRDi54
youtube hhBtCuHRHLU
youtube uWfYugFca4I
youtube lxChWi5iwlc
youtube B27jo-SqKTI
youtube ofu1IqxYboQ
youtube 2KmupAqH604
youtube fc2oaHsvSx0
youtube fme2jbfEQk8
youtube ItrxRJ6mjM8
youtube shlOL1Iag0o
youtube juWpnCJ0xtU
youtube IPwjM5tuNlQ
youtube s18TrT7sxHI
youtube PNHk1tKIWDI
youtube BKQ6Wjudewc
youtube 3ia-XN787kY
youtube gnwSm7PS5Qc
youtube LiCJXoA6Z_U
youtube ibXrfJNR8sk
youtube 6VGdPs32Sxs
youtube rIL-X09ypPc
youtube VxlGdMXBDRM
youtube -QNa9JbiKYQ
youtube fvOA2wXtaSg
youtube PHVQ5pYW-FI
youtube WtLUNQVzebE
youtube pui9wquTxRc
youtube ApR5KvE8X8w
youtube Q4sVejgKIks
youtube LQ82wl-LAzA
youtube CN0HAFNReZ0
youtube ocwqWPLHaoM
youtube OOleybFrrLM
youtube EdcAYend91A
youtube AAmh2ONXS7U
youtube P3Mr3i6bm3Y
youtube Ru6C1wIbPhg
youtube iGYlXEcg9do
youtube HwjmlW_jwsI
youtube CVBfsGJF6rY
youtube ZtKbzc9LKDE
youtube br1yujPFI0U
youtube pP9J7T0EFgg
youtube _irisVxaWvQ
youtube lFc8ElE3JAY
youtube T_uym6NCRRE
youtube 0TTfjCHHlvM
youtube 9XIOxDLxWfs
youtube Gmxk9pnwEfM
youtube 299NbfEEK_o
youtube c_o_BofD4nM
youtube k8uxiky3Qm4
youtube Qj2YNXd4y8k
youtube eB9NZOROss4
youtube cY9sjkXyjgg
youtube cJY7xcYpay0
youtube BUDAAUH8rDQ
youtube OCbutACv6iQ
youtube LvQhoHaipaw
youtube 7KejvTWxYfE
youtube G6Pag6Y1KeE
youtube dw6yIKfmvoc
youtube 7ClMsy6qvIw
youtube UYYp9XHDzGk
youtube Eaqr4bxhyXw
youtube yW0o0azi_8c
youtube TKv24GZiPyE
youtube Hw-woqC4N24
youtube 02E7zYq8cZ4
youtube dC8U_3rnt1E
youtube wbYluRwBgA4
youtube 2R35NmOTsp8
youtube b9yhgecw804
youtube 13OrQLV0jGU
youtube 2LlAf8U06mU
youtube j69RApdwS9U
youtube 7ntdm7IIDXE
youtube Nm2R4b1U_po
youtube hG-D43FCMEU
youtube aIeh-eQSr_M
youtube GgzJD0AoxZA
youtube qH7CDvz7GoE
youtube sZgJAes5o9M
youtube yW0vBNxJSIA
youtube yXvUynqpt38
youtube E65It1eWlbk
youtube A-LXJYxp0zs
youtube PBV8JS7n8lk
youtube YMvGRXI-YuY
youtube gxcJfAvFTWE
youtube qD3f8G38VqA
youtube afSmpF7c_lo
youtube Pojy0rTWO40
youtube U2OoO4X5yI0
youtube 9j8pInj3H-c
youtube DvHRQMF54Kg
youtube YgtcnLUS-HQ
youtube MKvixXV7BoY
youtube WUvqd9Utbao
youtube i2jL-ZW_bmE
youtube G6_aCS1u7-M
youtube UyhrJruKPw8
youtube ZYN3VNTLXVc
youtube tR7_sCNsqUE
youtube 2AGiZ1PSwFo
youtube 3wjDt5o7Oaw
youtube DBSPa7tL_qY
youtube OZJdz-gaxfE
youtube 1mycZzH-6uc
youtube HOMuOlWFMFk
youtube ProUGusyrmM
youtube 85q2c3Qlsrs
youtube w_ns1qrWF9E
youtube I0C3CK2yeWQ
youtube hVafNnBQma8
youtube HemlUw0wUaM
youtube xVHJoCPD9Ts
youtube Brx9m18LRbc
youtube Lzg_eyCz8b8
youtube 3hLs25nQbj0
youtube qPMJEudvS8s
youtube NxmJ_Q5Azqw
youtube LTdgbOvOZCw
youtube jgmDn26k_OA
youtube PBfHjI-vugE
youtube TtgQlLdFpyE
youtube _YVY0JPcuqk
youtube N2EbZrw_sg4
youtube mEL-z_IL-dg
youtube recpyrf3h2M
youtube f9aoZj0zKsY
youtube KwQhzsztrFg
youtube oO3TD9zitOY
youtube 8qBhGhUkoEE
youtube s6U24HX4T9w
youtube Q9b4YzSNPpE
youtube udnZMh2LUB4
youtube 98kLhDrMjQQ
youtube bAwKz3xcOpA
youtube xSlgV0zm1HI
youtube D627Am4RRuM
youtube bTy3CVgHYWM
youtube -FGCB6rsfkk
youtube uE0cOIhTyCg
youtube gpITBBXShfE
youtube ZQvbMDdpm10
youtube nnvMo3eMHCI
youtube DAvlfQ-6cto
youtube 4qfWw3vzegU
youtube 0OiwkLJYc6M
youtube v-0Xvue4Tqs
youtube Fc5I1wULqf4
youtube h8rJggTMyjk
youtube b6V3ILayMsw
youtube _7zR14kGv6Q
youtube YJBZ_kuR8lQ
youtube -h_G0irVozU
youtube o1BF6LsNGjA
youtube Imun9OeHK4o
youtube h1tHgevEaOI
youtube U7Hm13Y1xIY
youtube vGoNFM-HziA
youtube _KBunxzXDSg
youtube r_rw7J0kq7M
youtube vCANrbOu4KE
youtube XgXmQcETJAs
youtube rChXlgSeVjo
youtube BRZt1jV932Y
youtube GhXS2skQH9g
youtube 0zyQF20gawM
youtube 31oU4D1jE0s
youtube vTLv6ntsBas
youtube qxWyu9AnRcY
youtube Ml3J4dOMxYQ
youtube hoVTvQUmjso
youtube 06xL4vP2lqw
youtube K-deuBW8igY
youtube na49zUrmuis
youtube MbNzFKuMVio
youtube aIdkJklzEsQ
youtube lNuu2xq8eJ8
youtube m9qDUaxCcNA
youtube rhW-bw2IzwE
youtube YhoXJM1seN8
youtube DkUkXZ-682o
youtube nJQxrEYKjZw
youtube l6G6LFx6jjE
youtube HNmnyE-_7EY
youtube qgw3Pfr2WSs
youtube 5LQcTbQqYUA
youtube zRloggSmNTE
youtube j7cqfMh3Lxw
youtube 8Bgw4XYWp6w
youtube SkXpNYUcGzs
youtube hcALeviyJvg
youtube 98231PBt4ac
youtube RMkkDjiDGW8
youtube ZKuYX-YL3xU
youtube iVZN0k5ANgA
youtube oKLY60yfrIo
youtube XGrpK-sQD3E
youtube c54D4yzQYFw
youtube R_rD7HtyPFw
youtube 1qC9wS6hnQ0
youtube LBLQnWoKrrw
youtube KJpCEjjqZio
youtube Vs02LxDdzVk
youtube 2kfD69xmq5Q
youtube SPaILtPfbN4
youtube rP3tnpvKFCU
youtube SLYtqMATVws
youtube lnvZ9x3h0Es
youtube DElm7XKyzrA
youtube slHlK8bzpwo
youtube APoOA2WZZMQ
youtube Iqc3Eav1m7c
youtube 6288YsIMDVk
youtube YH_y86Hwhyo
youtube YVHiISp5z3c
youtube Ytfp2-_0_2Y
youtube 8HX3WQ8dzvk
youtube JjTot4T6YO4
youtube i9a6ANRGOJM
youtube p385hGXSyPc
youtube EPy6Hu3D0_0
youtube juAAykpByXc
youtube 8MYLMrPHdbk
youtube qdjmd9J6cr0
youtube UtilLV50eE8
youtube tUeIFR5vv2U
youtube qRffXiQXhvo
youtube fZOnOwsXF0A
youtube MqqI-IvBGfo
youtube wUXRTIeO6w4
youtube Fh_lJT-2iDY
youtube dtS4zGk52Rw
youtube OfUSQi6M4N0
youtube wGyh8yOsvtw
youtube gdYESSpeajY
youtube 2CiX5TveQvM
youtube YlpCDaQPUg8
youtube sOBrWhCEIDs
youtube ILqFcjG0rpQ
youtube NsnPI-8sBcI
youtube TKK6Azj2igc
youtube LA7YxMesVK8
youtube -lXcGRn-AA0
youtube wuCK-oiE3rM
youtube d5obg_rlU78
youtube jc2WoGIK8M8
youtube wxjMVQaGMKs
youtube rIMDIQcGs04
youtube yyqdG89zz58
youtube iz1ggYXI_uY
youtube l27xPvMwPFA
youtube qI2sKd609yk
youtube YFMDQAOpj1c
youtube imE3kviSFUA
youtube qRnloYNFu-c
youtube LqhmJuxZeY4
youtube Stx1n_o7Yuc
youtube mLzLkMS-Y24
youtube Qv4D5xLLiL4
youtube 2QqTbCGCnIQ
youtube PTeRUQn4Ifw
youtube fY36Fc_IwmE
youtube QV-7SH6Xrf0
youtube lpb8__Ghj5s
youtube -c2znFXyvDE
youtube JhAlUuRfKJA
youtube Hyf1MB-6ObQ
youtube kPAGv2ovN84
youtube KHlY4d6EimU
youtube dGQnVZblPsc
youtube 2G71qqr6ATw
youtube iIA6nDdSYKM
youtube NC7CW0oOhKc
youtube 0dhkpU_YmEc
youtube LRD5Sj4vp5o
youtube XBDQWcUwM7k
youtube 9r_aNAiF_GU
youtube HnrhHmUyC6Y
youtube hhraqOIWp18
youtube TPcQlExfBlc
youtube csuzH7ksxIE
youtube C_PPxksmM8o
youtube DdYyVAg6o0g
youtube Xxsdw6zG1bg
youtube -crSQwPrUfs
youtube 6sefmhDkBv4
youtube VlQL-THEiN0
youtube l5TCWc1J3Cw
youtube 0pKjCiUajaE
youtube z3Y3Iithw7Y
youtube ujAZgERqcUM
youtube TaE8B8toeck
youtube xjh4U6xhMOY
youtube ojHbh_rC6H4
youtube Jle4X3meNw0
youtube 8eSo6ti70OM
youtube 3v9RlfHEUjw
youtube WYMQ4_p4e4c
youtube 8Ee67so36FA
youtube cW8tlHw2DtU
youtube BGRtJKuR19U
youtube wlvFyCcoyN0
youtube VvviJsi9Md0
youtube WBwoJcrCLb4
youtube Py2GiQW6BfM
youtube -mA95JyuQbQ
youtube _iS4csv5NBw
youtube OlqXSZFaZYU
youtube c-OTySNLZRI
youtube zSGAtW19ZR4
youtube -uZ6uQN2IcM
youtube BguYuCI--bo
youtube 9J2_pkT2lRc
youtube -X3OGF55F7M
youtube YkTz6eHlcbE
youtube BEyHmLRvcts
youtube 4Cg35P3wCdI
youtube xJ4QNQDvF1o
youtube A4RUdBRFn4Y
youtube FF2tpgnquX4
youtube ymy--HVmtsQ
youtube 86R-YywrvW0
youtube tM1LVlheJN8
youtube IW2Qtio-7co
youtube AzaKvjPGdyA
youtube 5ILAjFyOp4I
youtube q7k310az1Ok
youtube nUwEzrkcU4k
youtube ACpOIX38Lvk
youtube c7LXEdEKTlU
youtube IR66l9ea8xw
youtube Df13-wLHgV8
youtube fIOqbGsLvYs
youtube Uy56nxKTLFs
youtube tRK37oVzBMU
youtube GXh6cgCLf4E
youtube UzTYOCfATRg
youtube iuFmW77Tk_o
youtube iN2vN74N-gE
youtube lvgyGcq-Y8I
youtube db5txGnP15c
youtube 3P7POmJSWdw
youtube Fzv57fa_RZg
youtube uPE0u_5kTGU
youtube xqU1_575dR0
youtube 7pFZy2XNIZM
youtube srjL6J3URis
youtube HZLk6Ukxfa4
youtube rSLY69caMYo
youtube inShoF_b0DY
youtube 8S6wJU0i_yQ
youtube Nxg47_qqRfw
youtube DyEaNIWtGFI
youtube Rl1XPCBuW-I
youtube qjeDx2XkFG0
youtube mTruCB8rsPE
youtube zB0sPtlVAcE
youtube gm6XxJ9FCVU
youtube 4qBYG0HghIc
youtube TXQX_SarzTc
youtube -MjHlYychzc
youtube nqLjPp8Kt6Y
youtube bU-1MiJlf1M
youtube _zfJVkTnc_g
youtube Wpyh3OVuEPg
youtube q6rtky9rlLE
youtube YN104cEvtyE
youtube pofv_Ee29Nw
youtube ZOuF8nya9HU
youtube d_4rmylu7lg
youtube kEPgqvjwgtE
youtube t4bfW_4Mm8s
youtube XCvWkUtOLkw
youtube qXHUpqdnwfE
youtube lWAqYejcAWA
youtube _v2GHXZozuo
youtube S1IGG6cMiBk
youtube sAKs23GLloY
youtube MUgj5-lK5TE
youtube hCp0fBahpSY
youtube CCB-bJLujZE
youtube 5_2S33KYdds
youtube gEtRu5U8Mjc
youtube zGNvP1T6qpE
youtube ZiHmhvMkSIs
youtube tVw4qM-ynVo
youtube sQnu_J5NlbA
youtube gWf5dhzWEJ0
youtube x97IUBeBbJw
youtube gh6bRmrn13U
youtube 8CnRXRhp1xk
youtube Sr1l4OVQMmo
youtube ZlYQRD0rWyM
youtube _xM5pJKxFXY
youtube cmSy_-TtvEc
youtube ikDuRoRav7E
youtube G8TQzdeA1RY
youtube SyMerRG_v-o
youtube tUa-6EsMvYY
youtube 586ga_ZXmSA
youtube z53s801XFwg
youtube I646s1B0Up8
youtube ABWE9tjTvuI
youtube QLtjftwN8Jg
youtube KH1kvrUJDnA
youtube IQd25ZtD6T4
youtube 6Mj-GRtd2Ug
youtube MhqFtsJgYJU
youtube IWGdMB-ja2w
youtube 9JD1BJ10x3c
youtube dcch2Xd0PBw
youtube Gm0SShmU5Oo
youtube BXK0syImHAc
youtube BxRWFtJLLwc
youtube B02y3b6zAhM
youtube S9ld5hiKg8w
youtube W8s2pZjMkJI
youtube rGEKTp8vrIA
youtube 5UPmATb46Cc
youtube dQPVB3mhy2Q
youtube qmq8Lw_8B4I
youtube phkOYt9cQO4
youtube 6vomYgpSSvo
youtube ETrr-PlwJOI
youtube gMfAwpN6bS4
youtube j6TfNKCTDOQ
youtube lQ8dFO0ShzA
youtube ISKUIA0xVrs
youtube qR67Bi9fLjc
youtube SIdMi7p0Sq4
youtube U3nbSLnyaP0
youtube W6eSn0U2tdQ
youtube Wpr-wTICp-g
youtube Q-d0Bn1arkw
youtube zNjhUhqf6K8
youtube W2iS0R5fb1Q
youtube Wzyr7ATbbnY
youtube KGphLP2R6mc
youtube DiPa3JVJF40
youtube 9vBzoui4oqw
youtube VLiMDEWsHwI
youtube mG0KV9ukzXE
youtube xj0itGdUiTg
youtube rnEM2h9tmzo
