youtube fsYaeqW5u4w
youtube K2qnNTX5OnA
youtube 9MiGvhWhHH4
youtube 2g4DJkfkW3o
youtube omNWzHAr7f8
youtube FCtGqh9rOBg
youtube 94gnN1WAROo
youtube EA8T8TnboM4
youtube TZ1GULR7BKM
youtube D_lxk4Y0jTk
youtube Jq4uGTgwsiA
youtube 9462Kywpzb8
youtube 1iopvoH9uhM
youtube eP4yCzklrvk
youtube qk-FSxmRLJc
youtube y8tm-jHw3M4
youtube Zltb-nkQffI
youtube t9Er6HNAWSY
youtube Xcs9wAShDUQ
youtube ECmx9O2SNMY
youtube JksKO1C4x3g
youtube hn8XRwpwTEA
youtube dRf5mWOkAN0
youtube KRNlFEyy6os
youtube x2bT8hU2NUc
youtube 9ubgnQwsf9o
youtube 4mZ9iOSumO8
youtube B_0TOMbFqi4
youtube rKsIl90BjKs
youtube ha8IduZ-kpc
youtube 19sClQ-xhWM
youtube xRW1py-Qz-E
youtube N-WGDPejJQM
youtube eLk3H4LWgdU
youtube Uvbwlf5L4hg
youtube 52uz48UA5t4
youtube ZS1aYmFoe40
youtube GKiXAvHXCM8
youtube 2gxgCFqVBLM
youtube xoGh_3wwDoI
youtube qAwVXnFc8tU
youtube wP3eRSNulDs
youtube MdPxdHOYTIU
youtube WYOpQ6AuE4A
youtube oYecym8chew
youtube XIBVy-67QOI
youtube bh0CqVtm3No
youtube 556THN7UqaQ
