youtube 7PtNUkd34jY
youtube 1rnMdpkuynY
youtube PnCWwUUQ_u4
youtube 7iJBpH0Cbbg
youtube 8Zh3csh2g1k
youtube ZLGMrHxV7jU
youtube dCsxvVaLxbI
youtube xLYHsJ3cHOA
youtube rW6uDr4sfA4
youtube -rEQ4Dh5w0c
youtube XOYpiKDnbFw
youtube AnxHJUH1hxA
youtube 3-3B_Rr7Tn4
youtube -7GCPorhRZo
youtube 19U2AmONnfQ
youtube rYajsCBHurA
youtube GevPacl9nag
youtube Aq9rWu9U1_8
youtube 96unK3ikY3A
youtube 7iJBpH0Cbbg
youtube H5rRaPp79AM
youtube HsQKO0yQc_o
youtube lJk4-TUnp-I
youtube ELwWyGMsl5o
youtube 7MiFmqGDyGI
youtube 3ERJXkm_iR4
youtube yLaOD21ulxM
youtube XYqwntr_R3U
youtube GnGiZEM8FJc
youtube RgthxYwGDjk
youtube lP0zy7CNUh4
youtube gQn0TYc9kNw
youtube _cCtOBCRMhI
youtube hRpvAZt_OGs
youtube lLSrnMaSyzE
youtube Xmwhx9r-E0A
youtube H0SInDRzp5E
youtube Mh55T6I-M-Q
youtube SmjrZzmHdPE
youtube ZPk2rouq74c
youtube DRwsxEmI0_g
youtube mS9bHejEgRo
youtube Hg0-ejoNjss
youtube S7ecZlleXLE
youtube mz0sUmNTePE
youtube MF7OAAyrquM
youtube ixG3vbAcvck
youtube mGfONESPRwU
youtube edSOl3G6ME0
youtube AELaO4zczTw
youtube 7k3gqpNy7ww
youtube GbNj1LUML08
youtube 7cChdbCze4s
youtube txKixlAP9KQ
youtube bqIkMQWKVDI
youtube JgvJDAS0JfU
youtube NhWnMxiJVsw
youtube YqaQf6ehqFc
youtube omTn4l0B6-o
youtube WilqtRK3vfY
youtube U8DtT_7D2Nw
youtube UGKZZMoDvE0
youtube XY8UbM8s4LU
youtube nhvGkrNp8cA
youtube ujUt6rEx9cM
youtube KSyUOqetKkc
youtube kblwdvqR9S8
youtube NMKBBEuPByA
youtube SZufo_-3jE8
youtube NxBKB1Mvh0w
youtube rtlg2Ttqwic
youtube kwykiWd5dd8
youtube qsIhWltPEiQ
youtube pvlpE6FVvXk
youtube asCtILsDGKE
youtube uyyXAPk-FRc
youtube 79fBtyqup0A
youtube qROVK9T-0aY
youtube bzsKfZ028LE
youtube 3MQ_SlDKyWQ
youtube 0E3Sf7BZ8UQ
youtube lnp1Nyqw6qg
youtube fQwBt3BrCaM
youtube Y29SSQYtVNk
youtube 0biInDKPMLM
youtube iXbOUnpdnl4
youtube dUBI3uXQvIY
youtube 4RScgEYB9ng
youtube z-WdDG1dLkY
youtube hOv0d9O58ZQ
youtube s9W8DmtOlF0
youtube M5Y3RAEy8ao
youtube DyazcUB1Lig
youtube lHWFFBHddF0
youtube 28M6BoqWw50
youtube d41qI1LpuXU
youtube viJP_Mx5MHc
youtube mFEIAXxats8
youtube bToH5W89EGA
youtube 6ITogNJVAHs
youtube FJcN9Fkcvzw
youtube HWEN695gfMo
youtube R501uqtM1lg
youtube KgSpJHcuGnw
youtube 1CeNiA8ZLSo
youtube 37gkVrEm1_I
youtube XYUtABQwepQ
youtube JNFOGW2Ddug
youtube 8skU8qp1V9M
youtube mXxpQTSHepA
youtube 5EwzYlhSdog
youtube FpaIsXi4IQo
youtube WemopEx88Zg
youtube Qepw5OmXEg4
youtube UYYhTcdkkFI
youtube Few8ELl9BY8
youtube 85Ewwp8MeYw
youtube a2itBCJcmvs
youtube kbMNeyg25Kg
youtube bNKYBhvv_9w
youtube 01ltCYlNDkQ
youtube YxVXZwSeMYw
youtube qLGdFeYqXsI
youtube UO65Rfm-T2M
youtube F1Ho6j_tQCw
youtube A3SOj7q_RYg
youtube JrsG976vbo0
youtube g4NBeTtcaj4
youtube M6G0xuxcKrI
youtube EkhSmWgqvOA
youtube ni2IcOhzHvw
youtube VZTO41HvS0U
youtube 5_O0v1khNJM
youtube VsVjsFP8jxs
youtube E85h2ND7sm0
youtube rC9uG5iCo10
youtube hW4INgtr1X4
youtube 637LWqH53to
youtube KUC2zOPn_Kw
youtube 9jI3zGZLyBA
youtube DRTrSl0hUZQ
youtube KwGX5Zg2R28
youtube 2UdtwbVBdxU
youtube 4_7ojIBlOBk
youtube elvzB139ZJI
youtube exj8qNmAQTI
youtube NFeoTh8wHXM
youtube H7i78NhBBRE
youtube g48XLXure0k
youtube 9wJyY6Fo5jc
youtube VQhYJhnYhQ0
youtube vkOBPXt_Zo0
youtube ShfTzN00nkU
youtube VwEpMKVBjiE
youtube FBTzs-PcgNs
youtube 8XCm_3Krh5c
youtube 3A_yR9TxKaE
youtube NJdI-8krNe8
youtube KrRq8M7aqlU
youtube 1xtPpAG72h0
youtube rXQyBsjYADc
youtube Pe65vcVxgcU
