youtube mXxpQTSHepA
youtube bqIkMQWKVDI
youtube JNFOGW2Ddug
youtube 7Ci9OkUhguw
youtube qbVjxocBwV4
youtube Few8ELl9BY8
youtube wZpIYFz2pv8
youtube lLSrnMaSyzE
youtube U8DtT_7D2Nw
youtube OYS-KxwSkqY
youtube C7j0Pq_q-N0
youtube lHWFFBHddF0
youtube viJP_Mx5MHc
youtube S7ecZlleXLE
youtube NxBKB1Mvh0w
youtube Qepw5OmXEg4
youtube rx_NQf3z8a0
youtube edSOl3G6ME0
youtube SZufo_-3jE8
youtube hOv0d9O58ZQ
youtube 7k3gqpNy7ww
youtube elvzB139ZJI
youtube lCJKm5nvp4A
youtube mGfONESPRwU
youtube jsnS68fpv-E
youtube o66Kio_R8e4
youtube DRTrSl0hUZQ
youtube SmjrZzmHdPE
youtube XY8UbM8s4LU
youtube _cCtOBCRMhI
youtube 9jI3zGZLyBA
youtube DyazcUB1Lig
youtube JFd2TtRTxfU
youtube NFeoTh8wHXM
youtube 01ltCYlNDkQ
youtube O2qT527bkPk
youtube vkOBPXt_Zo0
youtube omTn4l0B6-o
youtube ShfTzN00nkU
youtube ZPk2rouq74c
youtube 7cChdbCze4s
youtube g48XLXure0k
youtube 0biInDKPMLM
youtube 2UdtwbVBdxU
youtube UTDo54CnJ5c
youtube lnp1Nyqw6qg
youtube csNWHMnpUBQ
youtube E85h2ND7sm0
youtube txKixlAP9KQ
youtube 9wJyY6Fo5jc
youtube kblwdvqR9S8
youtube F1Ho6j_tQCw
youtube HWEN695gfMo
youtube 3A_yR9TxKaE
youtube 3GhPNsANZ9g
youtube qROVK9T-0aY
youtube Xmwhx9r-E0A
youtube 0E3Sf7BZ8UQ
youtube FpaIsXi4IQo
