youtube gnpSgAVSkts
youtube frjvi6RDsNM
youtube WDmjwufjspQ
youtube epxA7WnDLwo
youtube t_IIcV0xlns
youtube XmmgKJiEPtE
youtube A48hOToMuRE
youtube BQ3fgR0c7YA
youtube oYK21yUC5Y4
youtube oK9wqtAwnoE
youtube hcdQW2FtW0g
youtube FB1dDpdi7uc
youtube 8EfE4W60VoA
youtube ooXGj4RGrLs
youtube kvKLpJbIfn4
youtube WRe1GWzhK-w
youtube hB2sUXd3eVg
youtube Rnr1ExlHRqw
youtube eOT-bO7binA
youtube 0njhBp4ePCk
youtube TWR4b5-RMcU
youtube 2K6FW09SB-Q
youtube TJFJYto17Vs
youtube CFWv-WwrbkQ
youtube CAIQRnux3YE
youtube iad-ixZRlK4
youtube gaR9EslOku0
